#
# There is insufficient memory for the Java Runtime Environment to continue.
# Native memory allocation (malloc) failed to allocate 970816 bytes for Chunk::new
# Possible reasons:
#   The system is out of physical RAM or swap space
#   The process is running with CompressedOops enabled, and the Java Heap may be blocking the growth of the native heap
# Possible solutions:
#   Reduce memory load on the system
#   Increase physical memory or swap space
#   Check if swap backing store is full
#   Decrease Java heap size (-Xmx/-Xms)
#   Decrease number of Java threads
#   Decrease Java thread stack sizes (-Xss)
#   Set larger code cache with -XX:ReservedCodeCacheSize=
#   JVM is running with Unscaled Compressed Oops mode in which the Java heap is
#     placed in the first 4GB address space. The Java Heap base address is the
#     maximum limit for the native heap growth. Please use -XX:HeapBaseMinAddress
#     to set the Java Heap base and to place the Java Heap above 4GB virtual address.
# This output file may be truncated or incomplete.
#
#  Out of Memory Error (arena.cpp:197), pid=24384, tid=5776
#
# JRE version: OpenJDK Runtime Environment Corretto-11.0.24.8.1 (11.0.24+8) (build 11.0.24+8-LTS)
# Java VM: OpenJDK 64-Bit Server VM Corretto-11.0.24.8.1 (11.0.24+8-LTS, mixed mode, tiered, compressed oops, g1 gc, windows-amd64)
# No core dump will be written. Minidumps are not enabled by default on client versions of Windows
#

---------------  S U M M A R Y ------------

Command Line: -javaagent:C:\Program Files\JetBrains\IntelliJ IDEA Community Edition 2024.1.3\lib\idea_rt.jar=64482:C:\Program Files\JetBrains\IntelliJ IDEA Community Edition 2024.1.3\bin -Dfile.encoding=UTF-8 LacunaMatata.Lacuna.LacunaApplication

Host: Intel(R) Core(TM) i3-8145U CPU @ 2.10GHz, 4 cores, 7G,  Windows 11 , 64 bit Build 22621 (10.0.22621.3958)
Time: Sat Nov  9 22:49:10 2024  Windows 11 , 64 bit Build 22621 (10.0.22621.3958) elapsed time: 15.710345 seconds (0d 0h 0m 15s)

---------------  T H R E A D  ---------------

Current thread (0x000001deafab2800):  JavaThread "C2 CompilerThread0" daemon [_thread_in_native, id=5776, stack(0x0000007973100000,0x0000007973200000)]


Current CompileTask:
C2:  15714 4640       4       org.springframework.core.annotation.TypeMappedAnnotations$MergedAnnotationFinder::doWithAnnotations (10 bytes)

Stack: [0x0000007973100000,0x0000007973200000]
Native frames: (J=compiled Java code, j=interpreted, Vv=VM code, C=native code)
V  [jvm.dll+0x6461fa]
V  [jvm.dll+0x7da769]
V  [jvm.dll+0x7dbe69]
V  [jvm.dll+0x7dc553]
V  [jvm.dll+0x269b55]
V  [jvm.dll+0xc215c]
V  [jvm.dll+0xc270c]
V  [jvm.dll+0x2dbf12]
V  [jvm.dll+0x55111b]
V  [jvm.dll+0x2213eb]
V  [jvm.dll+0x2237d5]
V  [jvm.dll+0x220b24]
V  [jvm.dll+0x19e9e1]
V  [jvm.dll+0x230ae9]
V  [jvm.dll+0x22ec5f]
V  [jvm.dll+0x79b991]
V  [jvm.dll+0x794664]
V  [jvm.dll+0x644fb5]
C  [ucrtbase.dll+0x29333]
C  [KERNEL32.DLL+0x1257d]
C  [ntdll.dll+0x5af08]


---------------  P R O C E S S  ---------------

Threads class SMR info:
_java_thread_list=0x000001deb42bab70, length=15, elements={
0x000001de909bb000, 0x000001deaf191800, 0x000001deaf19b000, 0x000001deaf1ae800,
0x000001deafaa9800, 0x000001deafaab000, 0x000001deafab2800, 0x000001deafab4800,
0x000001deafac0000, 0x000001deaf126800, 0x000001deb0294000, 0x000001deb0a73800,
0x000001deb0b1f800, 0x000001deb1647000, 0x000001deb5a97000
}

Java Threads: ( => current thread )
  0x000001de909bb000 JavaThread "main" [_thread_blocked, id=7828, stack(0x0000007972500000,0x0000007972600000)]
  0x000001deaf191800 JavaThread "Reference Handler" daemon [_thread_blocked, id=11104, stack(0x0000007972c00000,0x0000007972d00000)]
  0x000001deaf19b000 JavaThread "Finalizer" daemon [_thread_blocked, id=22948, stack(0x0000007972d00000,0x0000007972e00000)]
  0x000001deaf1ae800 JavaThread "Signal Dispatcher" daemon [_thread_blocked, id=18976, stack(0x0000007972e00000,0x0000007972f00000)]
  0x000001deafaa9800 JavaThread "Attach Listener" daemon [_thread_blocked, id=23848, stack(0x0000007972f00000,0x0000007973000000)]
  0x000001deafaab000 JavaThread "Service Thread" daemon [_thread_blocked, id=22132, stack(0x0000007973000000,0x0000007973100000)]
=>0x000001deafab2800 JavaThread "C2 CompilerThread0" daemon [_thread_in_native, id=5776, stack(0x0000007973100000,0x0000007973200000)]
  0x000001deafab4800 JavaThread "C1 CompilerThread0" daemon [_thread_blocked, id=23668, stack(0x0000007973200000,0x0000007973300000)]
  0x000001deafac0000 JavaThread "Sweeper thread" daemon [_thread_blocked, id=3212, stack(0x0000007973300000,0x0000007973400000)]
  0x000001deaf126800 JavaThread "Common-Cleaner" daemon [_thread_blocked, id=25572, stack(0x0000007973400000,0x0000007973500000)]
  0x000001deb0294000 JavaThread "Monitor Ctrl-Break" daemon [_thread_in_native, id=25264, stack(0x0000007973600000,0x0000007973700000)]
  0x000001deb0a73800 JavaThread "Thread-0" [_thread_blocked, id=20380, stack(0x0000007973a00000,0x0000007973b00000)]
  0x000001deb0b1f800 JavaThread "restartedMain" [_thread_in_Java, id=8020, stack(0x0000007973b00000,0x0000007973c00000)]
  0x000001deb1647000 JavaThread "C2 CompilerThread1" daemon [_thread_in_native, id=24440, stack(0x0000007973500000,0x0000007973600000)]
  0x000001deb5a97000 JavaThread "mysql-cj-abandoned-connection-cleanup" daemon [_thread_new, id=22880, stack(0x0000000000000000,0x0000000000000000)]

Other Threads:
  0x000001deaf16b800 VMThread "VM Thread" [stack: 0x0000007972b00000,0x0000007972c00000] [id=19044]
  0x000001deb0298800 WatcherThread [stack: 0x0000007973700000,0x0000007973800000] [id=888]
  0x000001de909d5800 GCTaskThread "GC Thread#0" [stack: 0x0000007972600000,0x0000007972700000] [id=22696]
  0x000001deb03de800 GCTaskThread "GC Thread#1" [stack: 0x0000007973800000,0x0000007973900000] [id=12704]
  0x000001deb09bb000 GCTaskThread "GC Thread#2" [stack: 0x0000007973900000,0x0000007973a00000] [id=25464]
  0x000001deb0b48000 GCTaskThread "GC Thread#3" [stack: 0x0000007973c00000,0x0000007973d00000] [id=21688]
  0x000001de8e8fe000 ConcurrentGCThread "G1 Main Marker" [stack: 0x0000007972700000,0x0000007972800000] [id=14920]
  0x000001de90a00800 ConcurrentGCThread "G1 Conc#0" [stack: 0x0000007972800000,0x0000007972900000] [id=21712]
  0x000001de90a6e800 ConcurrentGCThread "G1 Refine#0" [stack: 0x0000007972900000,0x0000007972a00000] [id=3252]
  0x000001deaefd5000 ConcurrentGCThread "G1 Young RemSet Sampling" [stack: 0x0000007972a00000,0x0000007972b00000] [id=6616]

Threads with active compile tasks:
C2 CompilerThread0    15790 4640       4       org.springframework.core.annotation.TypeMappedAnnotations$MergedAnnotationFinder::doWithAnnotations (10 bytes)
C2 CompilerThread1    15790 4688       4       org.springframework.boot.context.properties.source.SpringConfigurationPropertySources$SourcesIterator::fetchNext (138 bytes)

VM state:not at safepoint (normal execution)

VM Mutex/Monitor currently owned by a thread: None

Heap address: 0x0000000081a00000, size: 2022 MB, Compressed Oops mode: 32-bit
Narrow klass base: 0x0000000000000000, Narrow klass shift: 3
Compressed class space size: 1073741824 Address: 0x0000000100000000

Heap:
 garbage-first heap   total 157696K, used 23584K [0x0000000081a00000, 0x0000000100000000)
  region size 1024K, 14 young (14336K), 9 survivors (9216K)
 Metaspace       used 44361K, capacity 45510K, committed 45616K, reserved 1089536K
  class space    used 5225K, capacity 5681K, committed 5760K, reserved 1048576K
Heap Regions: E=young(eden), S=young(survivor), O=old, HS=humongous(starts), HC=humongous(continues), CS=collection set, F=free, A=archive, TAMS=top-at-mark-start (previous, next)
|   0|0x0000000081a00000, 0x0000000081b00000, 0x0000000081b00000|100%| O|  |TAMS 0x0000000081b00000, 0x0000000081a00000| Untracked 
|   1|0x0000000081b00000, 0x0000000081c00000, 0x0000000081c00000|100%| O|  |TAMS 0x0000000081c00000, 0x0000000081b00000| Untracked 
|   2|0x0000000081c00000, 0x0000000081d00000, 0x0000000081d00000|100%| O|  |TAMS 0x0000000081d00000, 0x0000000081c00000| Untracked 
|   3|0x0000000081d00000, 0x0000000081e00000, 0x0000000081e00000|100%| O|  |TAMS 0x0000000081e00000, 0x0000000081d00000| Untracked 
|   4|0x0000000081e00000, 0x0000000081f00000, 0x0000000081f00000|100%| O|  |TAMS 0x0000000081f00000, 0x0000000081e00000| Untracked 
|   5|0x0000000081f00000, 0x0000000082000000, 0x0000000082000000|100%| O|  |TAMS 0x0000000082000000, 0x0000000081f00000| Untracked 
|   6|0x0000000082000000, 0x0000000082100000, 0x0000000082100000|100%| O|  |TAMS 0x0000000082100000, 0x0000000082000000| Untracked 
|   7|0x0000000082100000, 0x0000000082200000, 0x0000000082200000|100%| O|  |TAMS 0x0000000082200000, 0x0000000082100000| Untracked 
|   8|0x0000000082200000, 0x0000000082300000, 0x0000000082300000|100%| O|  |TAMS 0x000000008228f800, 0x0000000082200000| Untracked 
|   9|0x0000000082300000, 0x0000000082400000, 0x0000000082400000|100%| O|  |TAMS 0x0000000082300000, 0x0000000082300000| Untracked 
|  10|0x0000000082400000, 0x00000000824bbc00, 0x0000000082500000| 73%| O|  |TAMS 0x0000000082400000, 0x0000000082400000| Untracked 
|  11|0x0000000082500000, 0x0000000082500000, 0x0000000082600000|  0%| F|  |TAMS 0x0000000082500000, 0x0000000082500000| Untracked 
|  12|0x0000000082600000, 0x0000000082600000, 0x0000000082700000|  0%| F|  |TAMS 0x0000000082600000, 0x0000000082600000| Untracked 
|  13|0x0000000082700000, 0x0000000082700000, 0x0000000082800000|  0%| F|  |TAMS 0x0000000082700000, 0x0000000082700000| Untracked 
|  14|0x0000000082800000, 0x0000000082800000, 0x0000000082900000|  0%| F|  |TAMS 0x0000000082800000, 0x0000000082800000| Untracked 
|  15|0x0000000082900000, 0x0000000082900000, 0x0000000082a00000|  0%| F|  |TAMS 0x0000000082900000, 0x0000000082900000| Untracked 
|  16|0x0000000082a00000, 0x0000000082a00000, 0x0000000082b00000|  0%| F|  |TAMS 0x0000000082a00000, 0x0000000082a00000| Untracked 
|  17|0x0000000082b00000, 0x0000000082b00000, 0x0000000082c00000|  0%| F|  |TAMS 0x0000000082b00000, 0x0000000082b00000| Untracked 
|  18|0x0000000082c00000, 0x0000000082c00000, 0x0000000082d00000|  0%| F|  |TAMS 0x0000000082c00000, 0x0000000082c00000| Untracked 
|  19|0x0000000082d00000, 0x0000000082d00000, 0x0000000082e00000|  0%| F|  |TAMS 0x0000000082d00000, 0x0000000082d00000| Untracked 
|  20|0x0000000082e00000, 0x0000000082e00000, 0x0000000082f00000|  0%| F|  |TAMS 0x0000000082e00000, 0x0000000082e00000| Untracked 
|  21|0x0000000082f00000, 0x0000000082f00000, 0x0000000083000000|  0%| F|  |TAMS 0x0000000082f00000, 0x0000000082f00000| Untracked 
|  22|0x0000000083000000, 0x0000000083000000, 0x0000000083100000|  0%| F|  |TAMS 0x0000000083000000, 0x0000000083000000| Untracked 
|  23|0x0000000083100000, 0x0000000083100000, 0x0000000083200000|  0%| F|  |TAMS 0x0000000083100000, 0x0000000083100000| Untracked 
|  24|0x0000000083200000, 0x0000000083200000, 0x0000000083300000|  0%| F|  |TAMS 0x0000000083200000, 0x0000000083200000| Untracked 
|  25|0x0000000083300000, 0x0000000083300000, 0x0000000083400000|  0%| F|  |TAMS 0x0000000083300000, 0x0000000083300000| Untracked 
|  26|0x0000000083400000, 0x0000000083400000, 0x0000000083500000|  0%| F|  |TAMS 0x0000000083400000, 0x0000000083400000| Untracked 
|  27|0x0000000083500000, 0x0000000083500000, 0x0000000083600000|  0%| F|  |TAMS 0x0000000083500000, 0x0000000083500000| Untracked 
|  28|0x0000000083600000, 0x0000000083600000, 0x0000000083700000|  0%| F|  |TAMS 0x0000000083600000, 0x0000000083600000| Untracked 
|  29|0x0000000083700000, 0x0000000083700000, 0x0000000083800000|  0%| F|  |TAMS 0x0000000083700000, 0x0000000083700000| Untracked 
|  30|0x0000000083800000, 0x0000000083800000, 0x0000000083900000|  0%| F|  |TAMS 0x0000000083800000, 0x0000000083800000| Untracked 
|  31|0x0000000083900000, 0x0000000083900000, 0x0000000083a00000|  0%| F|  |TAMS 0x0000000083900000, 0x0000000083900000| Untracked 
|  32|0x0000000083a00000, 0x0000000083a00000, 0x0000000083b00000|  0%| F|  |TAMS 0x0000000083a00000, 0x0000000083a00000| Untracked 
|  33|0x0000000083b00000, 0x0000000083b00000, 0x0000000083c00000|  0%| F|  |TAMS 0x0000000083b00000, 0x0000000083b00000| Untracked 
|  34|0x0000000083c00000, 0x0000000083c00000, 0x0000000083d00000|  0%| F|  |TAMS 0x0000000083c00000, 0x0000000083c00000| Untracked 
|  35|0x0000000083d00000, 0x0000000083d00000, 0x0000000083e00000|  0%| F|  |TAMS 0x0000000083d00000, 0x0000000083d00000| Untracked 
|  36|0x0000000083e00000, 0x0000000083e00000, 0x0000000083f00000|  0%| F|  |TAMS 0x0000000083e00000, 0x0000000083e00000| Untracked 
|  37|0x0000000083f00000, 0x0000000083f00000, 0x0000000084000000|  0%| F|  |TAMS 0x0000000083f00000, 0x0000000083f00000| Untracked 
|  38|0x0000000084000000, 0x0000000084000000, 0x0000000084100000|  0%| F|  |TAMS 0x0000000084000000, 0x0000000084000000| Untracked 
|  39|0x0000000084100000, 0x0000000084100000, 0x0000000084200000|  0%| F|  |TAMS 0x0000000084100000, 0x0000000084100000| Untracked 
|  40|0x0000000084200000, 0x0000000084200000, 0x0000000084300000|  0%| F|  |TAMS 0x0000000084200000, 0x0000000084200000| Untracked 
|  41|0x0000000084300000, 0x0000000084300000, 0x0000000084400000|  0%| F|  |TAMS 0x0000000084300000, 0x0000000084300000| Untracked 
|  42|0x0000000084400000, 0x0000000084400000, 0x0000000084500000|  0%| F|  |TAMS 0x0000000084400000, 0x0000000084400000| Untracked 
|  43|0x0000000084500000, 0x000000008454c4d8, 0x0000000084600000| 29%| S|CS|TAMS 0x0000000084500000, 0x0000000084500000| Complete 
|  44|0x0000000084600000, 0x0000000084700000, 0x0000000084700000|100%| S|CS|TAMS 0x0000000084600000, 0x0000000084600000| Complete 
|  45|0x0000000084700000, 0x0000000084800000, 0x0000000084800000|100%| S|CS|TAMS 0x0000000084700000, 0x0000000084700000| Complete 
|  46|0x0000000084800000, 0x0000000084900000, 0x0000000084900000|100%| S|CS|TAMS 0x0000000084800000, 0x0000000084800000| Complete 
|  47|0x0000000084900000, 0x0000000084a00000, 0x0000000084a00000|100%| S|CS|TAMS 0x0000000084900000, 0x0000000084900000| Complete 
|  48|0x0000000084a00000, 0x0000000084b00000, 0x0000000084b00000|100%| S|CS|TAMS 0x0000000084a00000, 0x0000000084a00000| Complete 
|  49|0x0000000084b00000, 0x0000000084c00000, 0x0000000084c00000|100%| S|CS|TAMS 0x0000000084b00000, 0x0000000084b00000| Complete 
|  50|0x0000000084c00000, 0x0000000084d00000, 0x0000000084d00000|100%| S|CS|TAMS 0x0000000084c00000, 0x0000000084c00000| Complete 
|  51|0x0000000084d00000, 0x0000000084e00000, 0x0000000084e00000|100%| S|CS|TAMS 0x0000000084d00000, 0x0000000084d00000| Complete 
|  52|0x0000000084e00000, 0x0000000084e00000, 0x0000000084f00000|  0%| F|  |TAMS 0x0000000084e00000, 0x0000000084e00000| Untracked 
|  53|0x0000000084f00000, 0x0000000084f00000, 0x0000000085000000|  0%| F|  |TAMS 0x0000000084f00000, 0x0000000084f00000| Untracked 
|  54|0x0000000085000000, 0x0000000085000000, 0x0000000085100000|  0%| F|  |TAMS 0x0000000085000000, 0x0000000085000000| Untracked 
|  55|0x0000000085100000, 0x0000000085100000, 0x0000000085200000|  0%| F|  |TAMS 0x0000000085100000, 0x0000000085100000| Untracked 
|  56|0x0000000085200000, 0x0000000085200000, 0x0000000085300000|  0%| F|  |TAMS 0x0000000085200000, 0x0000000085200000| Untracked 
|  57|0x0000000085300000, 0x0000000085300000, 0x0000000085400000|  0%| F|  |TAMS 0x0000000085300000, 0x0000000085300000| Untracked 
|  58|0x0000000085400000, 0x0000000085400000, 0x0000000085500000|  0%| F|  |TAMS 0x0000000085400000, 0x0000000085400000| Untracked 
|  59|0x0000000085500000, 0x0000000085500000, 0x0000000085600000|  0%| F|  |TAMS 0x0000000085500000, 0x0000000085500000| Untracked 
|  60|0x0000000085600000, 0x0000000085600000, 0x0000000085700000|  0%| F|  |TAMS 0x0000000085600000, 0x0000000085600000| Untracked 
|  61|0x0000000085700000, 0x0000000085700000, 0x0000000085800000|  0%| F|  |TAMS 0x0000000085700000, 0x0000000085700000| Untracked 
|  62|0x0000000085800000, 0x0000000085800000, 0x0000000085900000|  0%| F|  |TAMS 0x0000000085800000, 0x0000000085800000| Untracked 
|  63|0x0000000085900000, 0x0000000085900000, 0x0000000085a00000|  0%| F|  |TAMS 0x0000000085900000, 0x0000000085900000| Untracked 
|  64|0x0000000085a00000, 0x0000000085a00000, 0x0000000085b00000|  0%| F|  |TAMS 0x0000000085a00000, 0x0000000085a00000| Untracked 
|  65|0x0000000085b00000, 0x0000000085b00000, 0x0000000085c00000|  0%| F|  |TAMS 0x0000000085b00000, 0x0000000085b00000| Untracked 
|  66|0x0000000085c00000, 0x0000000085c00000, 0x0000000085d00000|  0%| F|  |TAMS 0x0000000085c00000, 0x0000000085c00000| Untracked 
|  67|0x0000000085d00000, 0x0000000085d00000, 0x0000000085e00000|  0%| F|  |TAMS 0x0000000085d00000, 0x0000000085d00000| Untracked 
|  68|0x0000000085e00000, 0x0000000085e00000, 0x0000000085f00000|  0%| F|  |TAMS 0x0000000085e00000, 0x0000000085e00000| Untracked 
|  69|0x0000000085f00000, 0x0000000085f00000, 0x0000000086000000|  0%| F|  |TAMS 0x0000000085f00000, 0x0000000085f00000| Untracked 
|  70|0x0000000086000000, 0x0000000086000000, 0x0000000086100000|  0%| F|  |TAMS 0x0000000086000000, 0x0000000086000000| Untracked 
|  71|0x0000000086100000, 0x0000000086100000, 0x0000000086200000|  0%| F|  |TAMS 0x0000000086100000, 0x0000000086100000| Untracked 
|  72|0x0000000086200000, 0x0000000086200000, 0x0000000086300000|  0%| F|  |TAMS 0x0000000086200000, 0x0000000086200000| Untracked 
|  73|0x0000000086300000, 0x0000000086300000, 0x0000000086400000|  0%| F|  |TAMS 0x0000000086300000, 0x0000000086300000| Untracked 
|  74|0x0000000086400000, 0x0000000086400000, 0x0000000086500000|  0%| F|  |TAMS 0x0000000086400000, 0x0000000086400000| Untracked 
|  75|0x0000000086500000, 0x0000000086500000, 0x0000000086600000|  0%| F|  |TAMS 0x0000000086500000, 0x0000000086500000| Untracked 
|  76|0x0000000086600000, 0x0000000086600000, 0x0000000086700000|  0%| F|  |TAMS 0x0000000086600000, 0x0000000086600000| Untracked 
|  77|0x0000000086700000, 0x0000000086700000, 0x0000000086800000|  0%| F|  |TAMS 0x0000000086700000, 0x0000000086700000| Untracked 
|  78|0x0000000086800000, 0x0000000086800000, 0x0000000086900000|  0%| F|  |TAMS 0x0000000086800000, 0x0000000086800000| Untracked 
|  79|0x0000000086900000, 0x0000000086900000, 0x0000000086a00000|  0%| F|  |TAMS 0x0000000086900000, 0x0000000086900000| Untracked 
|  80|0x0000000086a00000, 0x0000000086a00000, 0x0000000086b00000|  0%| F|  |TAMS 0x0000000086a00000, 0x0000000086a00000| Untracked 
|  81|0x0000000086b00000, 0x0000000086b00000, 0x0000000086c00000|  0%| F|  |TAMS 0x0000000086b00000, 0x0000000086b00000| Untracked 
|  82|0x0000000086c00000, 0x0000000086c00000, 0x0000000086d00000|  0%| F|  |TAMS 0x0000000086c00000, 0x0000000086c00000| Untracked 
|  83|0x0000000086d00000, 0x0000000086d00000, 0x0000000086e00000|  0%| F|  |TAMS 0x0000000086d00000, 0x0000000086d00000| Untracked 
|  84|0x0000000086e00000, 0x0000000086e00000, 0x0000000086f00000|  0%| F|  |TAMS 0x0000000086e00000, 0x0000000086e00000| Untracked 
|  85|0x0000000086f00000, 0x0000000086f00000, 0x0000000087000000|  0%| F|  |TAMS 0x0000000086f00000, 0x0000000086f00000| Untracked 
|  86|0x0000000087000000, 0x0000000087000000, 0x0000000087100000|  0%| F|  |TAMS 0x0000000087000000, 0x0000000087000000| Untracked 
|  87|0x0000000087100000, 0x0000000087100000, 0x0000000087200000|  0%| F|  |TAMS 0x0000000087100000, 0x0000000087100000| Untracked 
|  88|0x0000000087200000, 0x0000000087200000, 0x0000000087300000|  0%| F|  |TAMS 0x0000000087200000, 0x0000000087200000| Untracked 
|  89|0x0000000087300000, 0x0000000087300000, 0x0000000087400000|  0%| F|  |TAMS 0x0000000087300000, 0x0000000087300000| Untracked 
|  90|0x0000000087400000, 0x0000000087400000, 0x0000000087500000|  0%| F|  |TAMS 0x0000000087400000, 0x0000000087400000| Untracked 
|  91|0x0000000087500000, 0x0000000087500000, 0x0000000087600000|  0%| F|  |TAMS 0x0000000087500000, 0x0000000087500000| Untracked 
|  92|0x0000000087600000, 0x0000000087600000, 0x0000000087700000|  0%| F|  |TAMS 0x0000000087600000, 0x0000000087600000| Untracked 
|  93|0x0000000087700000, 0x0000000087700000, 0x0000000087800000|  0%| F|  |TAMS 0x0000000087700000, 0x0000000087700000| Untracked 
|  94|0x0000000087800000, 0x0000000087800000, 0x0000000087900000|  0%| F|  |TAMS 0x0000000087800000, 0x0000000087800000| Untracked 
|  95|0x0000000087900000, 0x0000000087900000, 0x0000000087a00000|  0%| F|  |TAMS 0x0000000087900000, 0x0000000087900000| Untracked 
|  96|0x0000000087a00000, 0x0000000087a00000, 0x0000000087b00000|  0%| F|  |TAMS 0x0000000087a00000, 0x0000000087a00000| Untracked 
|  97|0x0000000087b00000, 0x0000000087b00000, 0x0000000087c00000|  0%| F|  |TAMS 0x0000000087b00000, 0x0000000087b00000| Untracked 
|  98|0x0000000087c00000, 0x0000000087c00000, 0x0000000087d00000|  0%| F|  |TAMS 0x0000000087c00000, 0x0000000087c00000| Untracked 
|  99|0x0000000087d00000, 0x0000000087d00000, 0x0000000087e00000|  0%| F|  |TAMS 0x0000000087d00000, 0x0000000087d00000| Untracked 
| 100|0x0000000087e00000, 0x0000000087e00000, 0x0000000087f00000|  0%| F|  |TAMS 0x0000000087e00000, 0x0000000087e00000| Untracked 
| 101|0x0000000087f00000, 0x0000000087f00000, 0x0000000088000000|  0%| F|  |TAMS 0x0000000087f00000, 0x0000000087f00000| Untracked 
| 102|0x0000000088000000, 0x0000000088000000, 0x0000000088100000|  0%| F|  |TAMS 0x0000000088000000, 0x0000000088000000| Untracked 
| 103|0x0000000088100000, 0x0000000088100000, 0x0000000088200000|  0%| F|  |TAMS 0x0000000088100000, 0x0000000088100000| Untracked 
| 104|0x0000000088200000, 0x0000000088200000, 0x0000000088300000|  0%| F|  |TAMS 0x0000000088200000, 0x0000000088200000| Untracked 
| 105|0x0000000088300000, 0x0000000088300000, 0x0000000088400000|  0%| F|  |TAMS 0x0000000088300000, 0x0000000088300000| Untracked 
| 106|0x0000000088400000, 0x0000000088400000, 0x0000000088500000|  0%| F|  |TAMS 0x0000000088400000, 0x0000000088400000| Untracked 
| 107|0x0000000088500000, 0x0000000088500000, 0x0000000088600000|  0%| F|  |TAMS 0x0000000088500000, 0x0000000088500000| Untracked 
| 108|0x0000000088600000, 0x0000000088600000, 0x0000000088700000|  0%| F|  |TAMS 0x0000000088600000, 0x0000000088600000| Untracked 
| 109|0x0000000088700000, 0x0000000088700000, 0x0000000088800000|  0%| F|  |TAMS 0x0000000088700000, 0x0000000088700000| Untracked 
| 110|0x0000000088800000, 0x0000000088800000, 0x0000000088900000|  0%| F|  |TAMS 0x0000000088800000, 0x0000000088800000| Untracked 
| 111|0x0000000088900000, 0x0000000088900000, 0x0000000088a00000|  0%| F|  |TAMS 0x0000000088900000, 0x0000000088900000| Untracked 
| 112|0x0000000088a00000, 0x0000000088a00000, 0x0000000088b00000|  0%| F|  |TAMS 0x0000000088a00000, 0x0000000088a00000| Untracked 
| 113|0x0000000088b00000, 0x0000000088b00000, 0x0000000088c00000|  0%| F|  |TAMS 0x0000000088b00000, 0x0000000088b00000| Untracked 
| 114|0x0000000088c00000, 0x0000000088c00000, 0x0000000088d00000|  0%| F|  |TAMS 0x0000000088c00000, 0x0000000088c00000| Untracked 
| 115|0x0000000088d00000, 0x0000000088d00000, 0x0000000088e00000|  0%| F|  |TAMS 0x0000000088d00000, 0x0000000088d00000| Untracked 
| 116|0x0000000088e00000, 0x0000000088e00000, 0x0000000088f00000|  0%| F|  |TAMS 0x0000000088e00000, 0x0000000088e00000| Untracked 
| 117|0x0000000088f00000, 0x0000000088f00000, 0x0000000089000000|  0%| F|  |TAMS 0x0000000088f00000, 0x0000000088f00000| Untracked 
| 118|0x0000000089000000, 0x0000000089000000, 0x0000000089100000|  0%| F|  |TAMS 0x0000000089000000, 0x0000000089000000| Untracked 
| 119|0x0000000089100000, 0x0000000089100000, 0x0000000089200000|  0%| F|  |TAMS 0x0000000089100000, 0x0000000089100000| Untracked 
| 120|0x0000000089200000, 0x0000000089200000, 0x0000000089300000|  0%| F|  |TAMS 0x0000000089200000, 0x0000000089200000| Untracked 
| 121|0x0000000089300000, 0x0000000089300000, 0x0000000089400000|  0%| F|  |TAMS 0x0000000089300000, 0x0000000089300000| Untracked 
| 122|0x0000000089400000, 0x0000000089400000, 0x0000000089500000|  0%| F|  |TAMS 0x0000000089400000, 0x0000000089400000| Untracked 
| 123|0x0000000089500000, 0x0000000089500000, 0x0000000089600000|  0%| F|  |TAMS 0x0000000089500000, 0x0000000089500000| Untracked 
| 124|0x0000000089600000, 0x0000000089600000, 0x0000000089700000|  0%| F|  |TAMS 0x0000000089600000, 0x0000000089600000| Untracked 
| 125|0x0000000089700000, 0x0000000089700000, 0x0000000089800000|  0%| F|  |TAMS 0x0000000089700000, 0x0000000089700000| Untracked 
| 126|0x0000000089800000, 0x0000000089800000, 0x0000000089900000|  0%| F|  |TAMS 0x0000000089800000, 0x0000000089800000| Untracked 
| 127|0x0000000089900000, 0x0000000089900000, 0x0000000089a00000|  0%| F|  |TAMS 0x0000000089900000, 0x0000000089900000| Untracked 
| 128|0x0000000089a00000, 0x0000000089a00000, 0x0000000089b00000|  0%| F|  |TAMS 0x0000000089a00000, 0x0000000089a00000| Untracked 
| 129|0x0000000089b00000, 0x0000000089b00000, 0x0000000089c00000|  0%| F|  |TAMS 0x0000000089b00000, 0x0000000089b00000| Untracked 
| 130|0x0000000089c00000, 0x0000000089c00000, 0x0000000089d00000|  0%| F|  |TAMS 0x0000000089c00000, 0x0000000089c00000| Untracked 
| 131|0x0000000089d00000, 0x0000000089d00000, 0x0000000089e00000|  0%| F|  |TAMS 0x0000000089d00000, 0x0000000089d00000| Untracked 
| 132|0x0000000089e00000, 0x0000000089e00000, 0x0000000089f00000|  0%| F|  |TAMS 0x0000000089e00000, 0x0000000089e00000| Untracked 
| 133|0x0000000089f00000, 0x0000000089f00000, 0x000000008a000000|  0%| F|  |TAMS 0x0000000089f00000, 0x0000000089f00000| Untracked 
| 134|0x000000008a000000, 0x000000008a000000, 0x000000008a100000|  0%| F|  |TAMS 0x000000008a000000, 0x000000008a000000| Untracked 
| 135|0x000000008a100000, 0x000000008a100000, 0x000000008a200000|  0%| F|  |TAMS 0x000000008a100000, 0x000000008a100000| Untracked 
| 136|0x000000008a200000, 0x000000008a200000, 0x000000008a300000|  0%| F|  |TAMS 0x000000008a200000, 0x000000008a200000| Untracked 
| 137|0x000000008a300000, 0x000000008a300000, 0x000000008a400000|  0%| F|  |TAMS 0x000000008a300000, 0x000000008a300000| Untracked 
| 138|0x000000008a400000, 0x000000008a400000, 0x000000008a500000|  0%| F|  |TAMS 0x000000008a400000, 0x000000008a400000| Untracked 
| 139|0x000000008a500000, 0x000000008a500000, 0x000000008a600000|  0%| F|  |TAMS 0x000000008a500000, 0x000000008a500000| Untracked 
| 140|0x000000008a600000, 0x000000008a600000, 0x000000008a700000|  0%| F|  |TAMS 0x000000008a600000, 0x000000008a600000| Untracked 
| 141|0x000000008a700000, 0x000000008a700000, 0x000000008a800000|  0%| F|  |TAMS 0x000000008a700000, 0x000000008a700000| Untracked 
| 142|0x000000008a800000, 0x000000008a800000, 0x000000008a900000|  0%| F|  |TAMS 0x000000008a800000, 0x000000008a800000| Untracked 
| 143|0x000000008a900000, 0x000000008a900000, 0x000000008aa00000|  0%| F|  |TAMS 0x000000008a900000, 0x000000008a900000| Untracked 
| 144|0x000000008aa00000, 0x000000008aa00000, 0x000000008ab00000|  0%| F|  |TAMS 0x000000008aa00000, 0x000000008aa00000| Untracked 
| 145|0x000000008ab00000, 0x000000008ab00000, 0x000000008ac00000|  0%| F|  |TAMS 0x000000008ab00000, 0x000000008ab00000| Untracked 
| 146|0x000000008ac00000, 0x000000008ac00000, 0x000000008ad00000|  0%| F|  |TAMS 0x000000008ac00000, 0x000000008ac00000| Untracked 
| 147|0x000000008ad00000, 0x000000008ad00000, 0x000000008ae00000|  0%| F|  |TAMS 0x000000008ad00000, 0x000000008ad00000| Untracked 
| 148|0x000000008ae00000, 0x000000008af00000, 0x000000008af00000|100%| E|  |TAMS 0x000000008ae00000, 0x000000008ae00000| Complete 
| 149|0x000000008af00000, 0x000000008b000000, 0x000000008b000000|100%| E|CS|TAMS 0x000000008af00000, 0x000000008af00000| Complete 
| 150|0x000000008b000000, 0x000000008b100000, 0x000000008b100000|100%| E|CS|TAMS 0x000000008b000000, 0x000000008b000000| Complete 
| 151|0x000000008b100000, 0x000000008b200000, 0x000000008b200000|100%| E|CS|TAMS 0x000000008b100000, 0x000000008b100000| Complete 
| 152|0x000000008b200000, 0x000000008b300000, 0x000000008b300000|100%| E|CS|TAMS 0x000000008b200000, 0x000000008b200000| Complete 
| 153|0x000000008b300000, 0x000000008b400000, 0x000000008b400000|100%| E|CS|TAMS 0x000000008b300000, 0x000000008b300000| Complete 

Card table byte_map: [0x000001dea8540000,0x000001dea8940000] _byte_map_base: 0x000001dea8133000

Marking Bits (Prev, Next): (CMBitMap*) 0x000001de909fb958, (CMBitMap*) 0x000001de909fb990
 Prev Bits: [0x000001dea8d40000, 0x000001deaacd8000)
 Next Bits: [0x000001deaace0000, 0x000001deacc78000)

Polling page: 0x000001de8e970000

Metaspace:

Usage:
  Non-class:     38.96 MB capacity,    38.23 MB ( 98%) used,   604.85 KB (  2%) free+waste,   137.56 KB ( <1%) overhead. 
      Class:      5.55 MB capacity,     5.10 MB ( 92%) used,   390.13 KB (  7%) free+waste,    64.69 KB (  1%) overhead. 
       Both:     44.51 MB capacity,    43.34 MB ( 97%) used,   994.98 KB (  2%) free+waste,   202.25 KB ( <1%) overhead. 

Virtual space:
  Non-class space:       40.00 MB reserved,      39.17 MB ( 98%) committed 
      Class space:        1.00 GB reserved,       5.62 MB ( <1%) committed 
             Both:        1.04 GB reserved,      44.80 MB (  4%) committed 

Chunk freelists:
   Non-Class:  27.00 KB
       Class:  0 bytes
        Both:  27.00 KB

MaxMetaspaceSize: 17179869184.00 GB
CompressedClassSpaceSize: 1.00 GB
Initial GC threshold: 20.80 MB
Current GC threshold: 58.41 MB
CDS: off

CodeHeap 'non-profiled nmethods': size=120064Kb used=2765Kb max_used=2765Kb free=117298Kb
 bounds [0x000001dea0c00000, 0x000001dea0ec0000, 0x000001dea8140000]
CodeHeap 'profiled nmethods': size=120000Kb used=11248Kb max_used=11248Kb free=108751Kb
 bounds [0x000001de996d0000, 0x000001de9a1d0000, 0x000001dea0c00000]
CodeHeap 'non-nmethods': size=5696Kb used=1215Kb max_used=1250Kb free=4480Kb
 bounds [0x000001de99140000, 0x000001de993b0000, 0x000001de996d0000]
 total_blobs=5199 nmethods=4713 adapters=398
 compilation: enabled
              stopped_count=0, restarted_count=0
 full_count=0

Compilation events (20 events):
Event: 15.667 Thread 0x000001deafab4800 4683       3       org.springframework.beans.factory.annotation.InjectionMetadata::needsRefresh (18 bytes)
Event: 15.667 Thread 0x000001deafab4800 nmethod 4683 0x000001de9a1ad590 code [0x000001de9a1ad760, 0x000001de9a1ad988]
Event: 15.668 Thread 0x000001deafab4800 4684       1       org.springframework.beans.factory.config.InstantiationAwareBeanPostProcessor::postProcessAfterInstantiation (2 bytes)
Event: 15.668 Thread 0x000001deafab4800 nmethod 4684 0x000001dea0ead790 code [0x000001dea0ead940, 0x000001dea0ead9f8]
Event: 15.671 Thread 0x000001deafab4800 4686       3       org.springframework.boot.context.properties.source.SpringIterableConfigurationPropertySource::getConfigurationPropertyNames (53 bytes)
Event: 15.673 Thread 0x000001deafab4800 nmethod 4686 0x000001de9a1ada90 code [0x000001de9a1ade20, 0x000001de9a1af608]
Event: 15.675 Thread 0x000001deafab4800 4687       3       org.springframework.boot.context.properties.bind.BindConverter$TypeConverterConversionService::canConvert (26 bytes)
Event: 15.676 Thread 0x000001deafab4800 nmethod 4687 0x000001de9a1afd90 code [0x000001de9a1affc0, 0x000001de9a1b0898]
Event: 15.676 Thread 0x000001deafab4800 4690       2       org.springframework.boot.context.properties.source.ConfigurationPropertyName$Elements::charAt (49 bytes)
Event: 15.676 Thread 0x000001deafab4800 nmethod 4690 0x000001de9a1b0b90 code [0x000001de9a1b0d60, 0x000001de9a1b0f38]
Event: 15.677 Thread 0x000001deb1647000 nmethod 4656 0x000001dea0eada90 code [0x000001dea0eadea0, 0x000001dea0eb0570]
Event: 15.677 Thread 0x000001deb1647000 4689       4       org.springframework.boot.context.properties.source.SystemEnvironmentPropertyMapper::hasDashedEntries (37 bytes)
Event: 15.681 Thread 0x000001deafab4800 4691       3       org.springframework.core.MethodParameter::getParameterType (48 bytes)
Event: 15.682 Thread 0x000001deafab4800 nmethod 4691 0x000001de9a1b1090 code [0x000001de9a1b12a0, 0x000001de9a1b1918]
Event: 15.683 Thread 0x000001deafab4800 4692       3       java.lang.ThreadLocal$ThreadLocalMap::set (136 bytes)
Event: 15.684 Thread 0x000001deafab4800 nmethod 4692 0x000001de9a1b1b10 code [0x000001de9a1b1d80, 0x000001de9a1b2908]
Event: 15.684 Thread 0x000001deb1647000 nmethod 4689 0x000001dea0eb2090 code [0x000001dea0eb2240, 0x000001dea0eb24d8]
Event: 15.684 Thread 0x000001deb1647000 4685       4       java.util.ArrayDeque::peek (5 bytes)
Event: 15.685 Thread 0x000001deb1647000 nmethod 4685 0x000001dea0eb2790 code [0x000001dea0eb2920, 0x000001dea0eb29b8]
Event: 15.685 Thread 0x000001deb1647000 4688       4       org.springframework.boot.context.properties.source.SpringConfigurationPropertySources$SourcesIterator::fetchNext (138 bytes)

GC Heap History (16 events):
Event: 1.373 GC heap before
{Heap before GC invocations=0 (full 0):
 garbage-first heap   total 131072K, used 13312K [0x0000000081a00000, 0x0000000100000000)
  region size 1024K, 14 young (14336K), 0 survivors (0K)
 Metaspace       used 10197K, capacity 10422K, committed 10752K, reserved 1058816K
  class space    used 884K, capacity 942K, committed 1024K, reserved 1048576K
}
Event: 1.393 GC heap after
{Heap after GC invocations=1 (full 0):
 garbage-first heap   total 131072K, used 6352K [0x0000000081a00000, 0x0000000100000000)
  region size 1024K, 2 young (2048K), 2 survivors (2048K)
 Metaspace       used 10197K, capacity 10422K, committed 10752K, reserved 1058816K
  class space    used 884K, capacity 942K, committed 1024K, reserved 1048576K
}
Event: 2.002 GC heap before
{Heap before GC invocations=1 (full 0):
 garbage-first heap   total 131072K, used 18640K [0x0000000081a00000, 0x0000000100000000)
  region size 1024K, 14 young (14336K), 2 survivors (2048K)
 Metaspace       used 12714K, capacity 13006K, committed 13184K, reserved 1060864K
  class space    used 1189K, capacity 1296K, committed 1408K, reserved 1048576K
}
Event: 2.025 GC heap after
{Heap after GC invocations=2 (full 0):
 garbage-first heap   total 131072K, used 7185K [0x0000000081a00000, 0x0000000100000000)
  region size 1024K, 1 young (1024K), 1 survivors (1024K)
 Metaspace       used 12714K, capacity 13006K, committed 13184K, reserved 1060864K
  class space    used 1189K, capacity 1296K, committed 1408K, reserved 1048576K
}
Event: 3.314 GC heap before
{Heap before GC invocations=2 (full 0):
 garbage-first heap   total 131072K, used 33809K [0x0000000081a00000, 0x0000000100000000)
  region size 1024K, 28 young (28672K), 1 survivors (1024K)
 Metaspace       used 18303K, capacity 18741K, committed 19072K, reserved 1067008K
  class space    used 1916K, capacity 2072K, committed 2176K, reserved 1048576K
}
Event: 3.323 GC heap after
{Heap after GC invocations=3 (full 0):
 garbage-first heap   total 131072K, used 8538K [0x0000000081a00000, 0x0000000100000000)
  region size 1024K, 3 young (3072K), 3 survivors (3072K)
 Metaspace       used 18303K, capacity 18741K, committed 19072K, reserved 1067008K
  class space    used 1916K, capacity 2072K, committed 2176K, reserved 1048576K
}
Event: 3.693 GC heap before
{Heap before GC invocations=3 (full 0):
 garbage-first heap   total 131072K, used 18778K [0x0000000081a00000, 0x0000000100000000)
  region size 1024K, 14 young (14336K), 3 survivors (3072K)
 Metaspace       used 20597K, capacity 21118K, committed 21296K, reserved 1069056K
  class space    used 2232K, capacity 2417K, committed 2432K, reserved 1048576K
}
Event: 3.700 GC heap after
{Heap after GC invocations=4 (full 0):
 garbage-first heap   total 131072K, used 9031K [0x0000000081a00000, 0x0000000100000000)
  region size 1024K, 3 young (3072K), 3 survivors (3072K)
 Metaspace       used 20597K, capacity 21118K, committed 21296K, reserved 1069056K
  class space    used 2232K, capacity 2417K, committed 2432K, reserved 1048576K
}
Event: 6.298 GC heap before
{Heap before GC invocations=5 (full 0):
 garbage-first heap   total 131072K, used 66375K [0x0000000081a00000, 0x0000000100000000)
  region size 1024K, 59 young (60416K), 3 survivors (3072K)
 Metaspace       used 28769K, capacity 29412K, committed 29616K, reserved 1075200K
  class space    used 3321K, capacity 3583K, committed 3584K, reserved 1048576K
}
Event: 6.307 GC heap after
{Heap after GC invocations=6 (full 0):
 garbage-first heap   total 131072K, used 11217K [0x0000000081a00000, 0x0000000100000000)
  region size 1024K, 5 young (5120K), 5 survivors (5120K)
 Metaspace       used 28769K, capacity 29412K, committed 29616K, reserved 1075200K
  class space    used 3321K, capacity 3583K, committed 3584K, reserved 1048576K
}
Event: 8.921 GC heap before
{Heap before GC invocations=6 (full 0):
 garbage-first heap   total 131072K, used 79825K [0x0000000081a00000, 0x0000000100000000)
  region size 1024K, 72 young (73728K), 5 survivors (5120K)
 Metaspace       used 31698K, capacity 32491K, committed 32560K, reserved 1077248K
  class space    used 3646K, capacity 3925K, committed 3968K, reserved 1048576K
}
Event: 8.934 GC heap after
{Heap after GC invocations=7 (full 0):
 garbage-first heap   total 131072K, used 14206K [0x0000000081a00000, 0x0000000100000000)
  region size 1024K, 8 young (8192K), 8 survivors (8192K)
 Metaspace       used 31698K, capacity 32491K, committed 32560K, reserved 1077248K
  class space    used 3646K, capacity 3925K, committed 3968K, reserved 1048576K
}
Event: 10.714 GC heap before
{Heap before GC invocations=7 (full 0):
 garbage-first heap   total 131072K, used 58238K [0x0000000081a00000, 0x0000000100000000)
  region size 1024K, 52 young (53248K), 8 survivors (8192K)
 Metaspace       used 34744K, capacity 35533K, committed 35632K, reserved 1081344K
  class space    used 4055K, capacity 4399K, committed 4480K, reserved 1048576K
}
Event: 10.743 GC heap after
{Heap after GC invocations=8 (full 0):
 garbage-first heap   total 131072K, used 15232K [0x0000000081a00000, 0x0000000100000000)
  region size 1024K, 7 young (7168K), 7 survivors (7168K)
 Metaspace       used 34744K, capacity 35533K, committed 35632K, reserved 1081344K
  class space    used 4055K, capacity 4399K, committed 4480K, reserved 1048576K
}
Event: 15.637 GC heap before
{Heap before GC invocations=9 (full 0):
 garbage-first heap   total 131072K, used 85888K [0x0000000081a00000, 0x0000000100000000)
  region size 1024K, 76 young (77824K), 7 survivors (7168K)
 Metaspace       used 44095K, capacity 45167K, committed 45232K, reserved 1089536K
  class space    used 5183K, capacity 5631K, committed 5632K, reserved 1048576K
}
Event: 15.659 GC heap after
{Heap after GC invocations=10 (full 0):
 garbage-first heap   total 157696K, used 19488K [0x0000000081a00000, 0x0000000100000000)
  region size 1024K, 9 young (9216K), 9 survivors (9216K)
 Metaspace       used 44095K, capacity 45167K, committed 45232K, reserved 1089536K
  class space    used 5183K, capacity 5631K, committed 5632K, reserved 1048576K
}

Deoptimization events (20 events):
Event: 15.483 Thread 0x000001deb0b1f800 Uncommon trap: trap_request=0xffffffde fr.pc=0x000001dea0de23ec relative=0x0000000000006b2c
Event: 15.483 Thread 0x000001deb0b1f800 Uncommon trap: reason=class_check action=maybe_recompile pc=0x000001dea0de23ec method=org.springframework.core.ResolvableType.resolveType()Lorg/springframework/core/ResolvableType; @ 101 c2
Event: 15.483 Thread 0x000001deb0b1f800 DEOPT PACKING pc=0x000001dea0de23ec sp=0x0000007973bfc4b0
Event: 15.483 Thread 0x000001deb0b1f800 DEOPT UNPACKING pc=0x000001de9918a1af sp=0x0000007973bfc518 mode 2
Event: 15.624 Thread 0x000001deb0b1f800 Uncommon trap: trap_request=0xffffffde fr.pc=0x000001dea0de23ec relative=0x0000000000006b2c
Event: 15.624 Thread 0x000001deb0b1f800 Uncommon trap: reason=class_check action=maybe_recompile pc=0x000001dea0de23ec method=org.springframework.core.ResolvableType.resolveType()Lorg/springframework/core/ResolvableType; @ 101 c2
Event: 15.625 Thread 0x000001deb0b1f800 DEOPT PACKING pc=0x000001dea0de23ec sp=0x0000007973bfb9a0
Event: 15.625 Thread 0x000001deb0b1f800 DEOPT UNPACKING pc=0x000001de9918a1af sp=0x0000007973bfba08 mode 2
Event: 15.671 Thread 0x000001deb0b1f800 Uncommon trap: trap_request=0xffffffde fr.pc=0x000001dea0e3bd58 relative=0x0000000000000418
Event: 15.671 Thread 0x000001deb0b1f800 Uncommon trap: reason=class_check action=maybe_recompile pc=0x000001dea0e3bd58 method=org.springframework.boot.context.properties.source.ConfigurationPropertyName$Elements.charAt(II)C @ 43 c2
Event: 15.671 Thread 0x000001deb0b1f800 DEOPT PACKING pc=0x000001dea0e3bd58 sp=0x0000007973bf95e0
Event: 15.671 Thread 0x000001deb0b1f800 DEOPT UNPACKING pc=0x000001de9918a1af sp=0x0000007973bf94e8 mode 2
Event: 15.675 Thread 0x000001deb0b1f800 Uncommon trap: trap_request=0xffffff76 fr.pc=0x000001dea0e3c02c relative=0x00000000000006ec
Event: 15.675 Thread 0x000001deb0b1f800 Uncommon trap: reason=loop_limit_check action=maybe_recompile pc=0x000001dea0e3c02c method=org.springframework.boot.context.properties.source.ConfigurationPropertyName.fastElementEquals(Lorg/springframework/boot/context/properties/source/ConfigurationProp
Event: 15.675 Thread 0x000001deb0b1f800 DEOPT PACKING pc=0x000001dea0e3c02c sp=0x0000007973bf8b00
Event: 15.675 Thread 0x000001deb0b1f800 DEOPT UNPACKING pc=0x000001de9918a1af sp=0x0000007973bf8a88 mode 2
Event: 15.675 Thread 0x000001deb0b1f800 Uncommon trap: trap_request=0xffffffde fr.pc=0x000001dea0c9c2f8 relative=0x0000000000000118
Event: 15.675 Thread 0x000001deb0b1f800 Uncommon trap: reason=class_check action=maybe_recompile pc=0x000001dea0c9c2f8 method=org.springframework.boot.context.properties.source.ConfigurationPropertyName$Elements.charAt(II)C @ 43 c2
Event: 15.675 Thread 0x000001deb0b1f800 DEOPT PACKING pc=0x000001dea0c9c2f8 sp=0x0000007973bf9540
Event: 15.675 Thread 0x000001deb0b1f800 DEOPT UNPACKING pc=0x000001de9918a1af sp=0x0000007973bf94d0 mode 2

Classes redefined (0 events):
No events

Internal exceptions (20 events):
Event: 11.913 Thread 0x000001deb0b1f800 Exception <a 'java/lang/ArrayIndexOutOfBoundsException'{0x0000000087de1388}: Index 15 out of bounds for length 15> (0x0000000087de1388) thrown at [s\src\hotspot\share\interpreter\interpreterRuntime.cpp, line 444]
Event: 12.260 Thread 0x000001deb0b1f800 Exception <a 'java/lang/NoSuchMethodError'{0x0000000087642028}: 'void java.lang.invoke.DirectMethodHandle$Holder.invokeStatic(java.lang.Object, java.lang.Object, int)'> (0x0000000087642028) thrown at [s\src\hotspot\share\interpreter\linkResolver.cpp, line 773]
Event: 12.506 Thread 0x000001deb0b1f800 Exception <a 'java/lang/NoSuchMethodError'{0x00000000874f1ab0}: 'void java.lang.invoke.DirectMethodHandle$Holder.invokeInterface(java.lang.Object, java.lang.Object, int)'> (0x00000000874f1ab0) thrown at [s\src\hotspot\share\interpreter\linkResolver.cpp, line 773]
Event: 12.512 Thread 0x000001deb0b1f800 Exception <a 'java/lang/NoSuchMethodError'{0x000000008730a020}: 'int java.lang.invoke.DirectMethodHandle$Holder.invokeVirtual(java.lang.Object, java.lang.Object)'> (0x000000008730a020) thrown at [s\src\hotspot\share\interpreter\linkResolver.cpp, line 773]
Event: 12.530 Thread 0x000001deb0b1f800 Exception <a 'java/lang/IncompatibleClassChangeError'{0x000000008733fc00}: Found class java.lang.Object, but interface was expected> (0x000000008733fc00) thrown at [s\src\hotspot\share\interpreter\linkResolver.cpp, line 839]
Event: 12.531 Thread 0x000001deb0b1f800 Exception <a 'java/lang/NoSuchMethodError'{0x00000000873443b0}: 'void java.lang.invoke.DirectMethodHandle$Holder.invokeStatic(java.lang.Object, int, java.lang.Object)'> (0x00000000873443b0) thrown at [s\src\hotspot\share\interpreter\linkResolver.cpp, line 773]
Event: 13.069 Thread 0x000001deb0b1f800 Exception <a 'java/lang/NoSuchMethodError'{0x00000000865307c0}: 'java.lang.Object java.lang.invoke.DirectMethodHandle$Holder.invokeStaticInit(java.lang.Object, int, int, int, int)'> (0x00000000865307c0) thrown at [s\src\hotspot\share\interpreter\linkResolver.cpp, line 773]
Event: 14.281 Thread 0x000001deb0b1f800 Exception <a 'java/lang/NoSuchMethodError'{0x0000000086564318}: 'java.lang.Object java.lang.invoke.DirectMethodHandle$Holder.invokeStaticInit(java.lang.Object, java.lang.Object, int, int, int, int)'> (0x0000000086564318) thrown at [s\src\hotspot\share\interpreter\linkResolver.cpp, line 773]
Event: 14.797 Thread 0x000001deb0b1f800 Exception <a 'sun/nio/fs/WindowsException'{0x00000000859481e8}> (0x00000000859481e8) thrown at [s\src\hotspot\share\prims\jni.cpp, line 617]
Event: 14.799 Thread 0x000001deb0b1f800 Exception <a 'sun/nio/fs/WindowsException'{0x000000008594df98}> (0x000000008594df98) thrown at [s\src\hotspot\share\prims\jni.cpp, line 617]
Event: 14.799 Thread 0x000001deb0b1f800 Exception <a 'sun/nio/fs/WindowsException'{0x000000008594e670}> (0x000000008594e670) thrown at [s\src\hotspot\share\prims\jni.cpp, line 617]
Event: 14.953 Thread 0x000001deb0b1f800 Implicit null exception at 0x000001dea0cc88e4 to 0x000001dea0cca84c
Event: 15.394 Thread 0x000001deb0b1f800 Exception <a 'java/io/FileNotFoundException'{0x00000000852a04b0}> (0x00000000852a04b0) thrown at [s\src\hotspot\share\prims\jni.cpp, line 617]
Event: 15.464 Thread 0x000001deb0b1f800 Exception <a 'java/lang/NoSuchMethodError'{0x000000008502bd30}: 'int java.lang.invoke.DirectMethodHandle$Holder.invokeInterface(java.lang.Object, java.lang.Object, java.lang.Object, java.lang.Object)'> (0x000000008502bd30) thrown at [s\src\hotspot\share\interpreter\linkResolver.cpp, line 773]
Event: 15.608 Thread 0x000001deb0b1f800 Exception <a 'java/lang/ClassNotFoundException'{0x0000000084e7ae10}: java/lang/ObjectCustomizer> (0x0000000084e7ae10) thrown at [s\src\hotspot\share\classfile\systemDictionary.cpp, line 230]
Event: 15.611 Thread 0x000001deb0b1f800 Exception <a 'java/lang/ClassNotFoundException'{0x0000000084e916a0}: org/springframework/dao/support/DaoSupportCustomizer> (0x0000000084e916a0) thrown at [s\src\hotspot\share\classfile\systemDictionary.cpp, line 230]
Event: 15.614 Thread 0x000001deb0b1f800 Exception <a 'java/lang/ClassNotFoundException'{0x0000000084ea6868}: org/mybatis/spring/support/SqlSessionDaoSupportCustomizer> (0x0000000084ea6868) thrown at [s\src\hotspot\share\classfile\systemDictionary.cpp, line 230]
Event: 15.619 Thread 0x000001deb0b1f800 Exception <a 'java/lang/ClassNotFoundException'{0x0000000084ebe6a0}: org/mybatis/spring/mapper/MapperFactoryBeanCustomizer> (0x0000000084ebe6a0) thrown at [s\src\hotspot\share\classfile\systemDictionary.cpp, line 230]
Event: 15.628 Thread 0x000001deb0b1f800 Exception <a 'java/lang/ClassNotFoundException'{0x0000000084ede7d8}: org/springframework/beans/factory/FactoryBeanCustomizer> (0x0000000084ede7d8) thrown at [s\src\hotspot\share\classfile\systemDictionary.cpp, line 230]
Event: 15.636 Thread 0x000001deb0b1f800 Exception <a 'java/lang/ClassNotFoundException'{0x0000000084ef6d48}: org/springframework/beans/factory/InitializingBeanCustomizer> (0x0000000084ef6d48) thrown at [s\src\hotspot\share\classfile\systemDictionary.cpp, line 230]

Events (20 events):
Event: 15.628 loading class org/springframework/beans/factory/FactoryBeanCustomizer
Event: 15.628 loading class org/springframework/beans/factory/FactoryBeanCustomizer done
Event: 15.633 loading class org/springframework/beans/factory/InitializingBeanCustomizer
Event: 15.633 loading class org/springframework/beans/factory/InitializingBeanCustomizer done
Event: 15.633 loading class org/springframework/beans/factory/InitializingBeanCustomizer
Event: 15.633 loading class org/springframework/beans/factory/InitializingBeanCustomizer done
Event: 15.636 loading class org/springframework/beans/factory/InitializingBeanCustomizer
Event: 15.636 loading class org/springframework/beans/factory/InitializingBeanCustomizer done
Event: 15.637 Executing VM operation: G1CollectForAllocation
Event: 15.659 Executing VM operation: G1CollectForAllocation done
Event: 15.662 loading class org/apache/ibatis/plugin/Interceptor
Event: 15.662 loading class org/apache/ibatis/plugin/Interceptor done
Event: 15.663 loading class org/apache/ibatis/type/TypeHandler
Event: 15.663 loading class org/apache/ibatis/type/TypeHandler done
Event: 15.664 loading class org/apache/ibatis/mapping/DatabaseIdProvider
Event: 15.664 loading class org/apache/ibatis/mapping/DatabaseIdProvider done
Event: 15.665 loading class org/mybatis/spring/boot/autoconfigure/ConfigurationCustomizer
Event: 15.665 loading class org/mybatis/spring/boot/autoconfigure/ConfigurationCustomizer done
Event: 15.665 loading class org/mybatis/spring/boot/autoconfigure/SqlSessionFactoryBeanCustomizer
Event: 15.665 loading class org/mybatis/spring/boot/autoconfigure/SqlSessionFactoryBeanCustomizer done


Dynamic libraries:
0x00007ff7d6050000 - 0x00007ff7d605e000 	C:\Users\USER\.jdks\corretto-11.0.24\bin\java.exe
0x00007ffceb5d0000 - 0x00007ffceb7e7000 	C:\WINDOWS\SYSTEM32\ntdll.dll
0x00007ffcea800000 - 0x00007ffcea8c4000 	C:\WINDOWS\System32\KERNEL32.DLL
0x00007ffce8d50000 - 0x00007ffce9107000 	C:\WINDOWS\System32\KERNELBASE.dll
0x00007ffce91b0000 - 0x00007ffce92c1000 	C:\WINDOWS\System32\ucrtbase.dll
0x00007ffce80f0000 - 0x00007ffce810b000 	C:\Users\USER\.jdks\corretto-11.0.24\bin\VCRUNTIME140.dll
0x00007ffcd80a0000 - 0x00007ffcd80b7000 	C:\Users\USER\.jdks\corretto-11.0.24\bin\jli.dll
0x00007ffce7ad0000 - 0x00007ffce7d63000 	C:\WINDOWS\WinSxS\amd64_microsoft.windows.common-controls_6595b64144ccf1df_6.0.22621.3672_none_2713b9d173822955\COMCTL32.dll
0x00007ffcea8d0000 - 0x00007ffcea977000 	C:\WINDOWS\System32\msvcrt.dll
0x00007ffce9da0000 - 0x00007ffce9dc9000 	C:\WINDOWS\System32\GDI32.dll
0x00007ffce92d0000 - 0x00007ffce92f6000 	C:\WINDOWS\System32\win32u.dll
0x00007ffce8b40000 - 0x00007ffce8c58000 	C:\WINDOWS\System32\gdi32full.dll
0x00007ffce9110000 - 0x00007ffce91aa000 	C:\WINDOWS\System32\msvcp_win.dll
0x00007ffce9b70000 - 0x00007ffce9d1f000 	C:\WINDOWS\System32\USER32.dll
0x00007ffceb330000 - 0x00007ffceb361000 	C:\WINDOWS\System32\IMM32.DLL
0x00007ffcd8090000 - 0x00007ffcd809c000 	C:\Users\USER\.jdks\corretto-11.0.24\bin\vcruntime140_1.dll
0x00007ffcb5540000 - 0x00007ffcb55cd000 	C:\Users\USER\.jdks\corretto-11.0.24\bin\msvcp140.dll
0x00007ffc6c260000 - 0x00007ffc6ce25000 	C:\Users\USER\.jdks\corretto-11.0.24\bin\server\jvm.dll
0x00007ffceac80000 - 0x00007ffcead32000 	C:\WINDOWS\System32\ADVAPI32.dll
0x00007ffcea980000 - 0x00007ffceaa28000 	C:\WINDOWS\System32\sechost.dll
0x00007ffce88e0000 - 0x00007ffce8908000 	C:\WINDOWS\System32\bcrypt.dll
0x00007ffceaec0000 - 0x00007ffceafd4000 	C:\WINDOWS\System32\RPCRT4.dll
0x00007ffceaa30000 - 0x00007ffceaa38000 	C:\WINDOWS\System32\PSAPI.DLL
0x00007ffce80e0000 - 0x00007ffce80e9000 	C:\WINDOWS\SYSTEM32\WSOCK32.dll
0x00007ffce9d20000 - 0x00007ffce9d91000 	C:\WINDOWS\System32\WS2_32.dll
0x00007ffce1000000 - 0x00007ffce1034000 	C:\WINDOWS\SYSTEM32\WINMM.dll
0x00007ffcdf1f0000 - 0x00007ffcdf1fa000 	C:\WINDOWS\SYSTEM32\VERSION.dll
0x00007ffce7090000 - 0x00007ffce70a8000 	C:\WINDOWS\SYSTEM32\kernel.appcore.dll
0x00007ffcd25b0000 - 0x00007ffcd25c0000 	C:\Users\USER\.jdks\corretto-11.0.24\bin\verify.dll
0x00007ffce8150000 - 0x00007ffce8382000 	C:\WINDOWS\SYSTEM32\DBGHELP.DLL
0x00007ffce9dd0000 - 0x00007ffcea15e000 	C:\WINDOWS\System32\combase.dll
0x00007ffcea170000 - 0x00007ffcea247000 	C:\WINDOWS\System32\OLEAUT32.dll
0x00007ffce8040000 - 0x00007ffce8072000 	C:\WINDOWS\SYSTEM32\dbgcore.DLL
0x00007ffce8c60000 - 0x00007ffce8cdb000 	C:\WINDOWS\System32\bcryptPrimitives.dll
0x00007ffcc3ea0000 - 0x00007ffcc3ec8000 	C:\Users\USER\.jdks\corretto-11.0.24\bin\java.dll
0x00007ffcd2540000 - 0x00007ffcd254a000 	C:\Users\USER\.jdks\corretto-11.0.24\bin\jimage.dll
0x00007ffcd05e0000 - 0x00007ffcd05ee000 	C:\Users\USER\.jdks\corretto-11.0.24\bin\instrument.dll
0x00007ffcd0be0000 - 0x00007ffcd0bf8000 	C:\Users\USER\.jdks\corretto-11.0.24\bin\zip.dll
0x00007ffce9300000 - 0x00007ffce9b69000 	C:\WINDOWS\System32\SHELL32.dll
0x00007ffce5e10000 - 0x00007ffce670f000 	C:\WINDOWS\SYSTEM32\windows.storage.dll
0x00007ffce5cb0000 - 0x00007ffce5def000 	C:\WINDOWS\SYSTEM32\wintypes.dll
0x00007ffceb1a0000 - 0x00007ffceb299000 	C:\WINDOWS\System32\SHCORE.dll
0x00007ffceaab0000 - 0x00007ffceab0e000 	C:\WINDOWS\System32\shlwapi.dll
0x00007ffce8810000 - 0x00007ffce8837000 	C:\WINDOWS\SYSTEM32\profapi.dll
0x00007ffcd0640000 - 0x00007ffcd0659000 	C:\Users\USER\.jdks\corretto-11.0.24\bin\net.dll
0x00007ffce15d0000 - 0x00007ffce1706000 	C:\WINDOWS\SYSTEM32\WINHTTP.dll
0x00007ffce7670000 - 0x00007ffce76d9000 	C:\WINDOWS\system32\mswsock.dll
0x00007ffccff10000 - 0x00007ffccff22000 	C:\Users\USER\.jdks\corretto-11.0.24\bin\nio.dll
0x00007ffccbe60000 - 0x00007ffccbe7a000 	C:\Program Files\JetBrains\IntelliJ IDEA Community Edition 2024.1.3\bin\breakgen64.dll
0x00007ffcd00c0000 - 0x00007ffcd00c9000 	C:\Users\USER\.jdks\corretto-11.0.24\bin\management.dll
0x00007ffccefb0000 - 0x00007ffccefbb000 	C:\Users\USER\.jdks\corretto-11.0.24\bin\management_ext.dll
0x00007ffcc7020000 - 0x00007ffcc7037000 	C:\WINDOWS\system32\napinsp.dll
0x00007ffcc8fc0000 - 0x00007ffcc8fdb000 	C:\WINDOWS\system32\pnrpnsp.dll
0x00007ffce6bd0000 - 0x00007ffce6cd2000 	C:\WINDOWS\SYSTEM32\DNSAPI.dll
0x00007ffce6b50000 - 0x00007ffce6b7d000 	C:\WINDOWS\SYSTEM32\IPHLPAPI.DLL
0x00007ffceab10000 - 0x00007ffceab19000 	C:\WINDOWS\System32\NSI.dll
0x00007ffcc8fa0000 - 0x00007ffcc8fb1000 	C:\WINDOWS\System32\winrnr.dll
0x00007ffcc8f80000 - 0x00007ffcc8f95000 	C:\WINDOWS\system32\wshbth.dll
0x00007ffcc6e40000 - 0x00007ffcc6e67000 	C:\WINDOWS\system32\nlansp_c.dll
0x00007ffcdcfc0000 - 0x00007ffcdcfca000 	C:\Windows\System32\rasadhlp.dll
0x00007ffcdfd30000 - 0x00007ffcdfdb3000 	C:\WINDOWS\System32\fwpuclnt.dll
0x00007ffce8490000 - 0x00007ffce84ab000 	C:\WINDOWS\SYSTEM32\CRYPTSP.dll
0x00007ffce6ff0000 - 0x00007ffce7025000 	C:\WINDOWS\system32\rsaenh.dll
0x00007ffce78e0000 - 0x00007ffce7908000 	C:\WINDOWS\SYSTEM32\USERENV.dll
0x00007ffce7910000 - 0x00007ffce791c000 	C:\WINDOWS\SYSTEM32\CRYPTBASE.dll
0x00007ffce1250000 - 0x00007ffce1269000 	C:\WINDOWS\SYSTEM32\dhcpcsvc6.DLL
0x00007ffce1230000 - 0x00007ffce124f000 	C:\WINDOWS\SYSTEM32\dhcpcsvc.DLL
0x00007ffcced80000 - 0x00007ffcced8e000 	C:\Users\USER\.jdks\corretto-11.0.24\bin\sunmscapi.dll
0x00007ffce8910000 - 0x00007ffce8a76000 	C:\WINDOWS\System32\CRYPT32.dll
0x00007ffce7aa0000 - 0x00007ffce7acd000 	C:\WINDOWS\SYSTEM32\ncrypt.dll
0x00007ffce7a60000 - 0x00007ffce7a97000 	C:\WINDOWS\SYSTEM32\NTASN1.dll
0x00007ffcc31c0000 - 0x00007ffcc31e7000 	C:\Users\USER\.jdks\corretto-11.0.24\bin\sunec.dll

dbghelp: loaded successfully - version: 4.0.5 - missing functions: none
symbol engine: initialized successfully - sym options: 0x614 - pdb path: .;C:\Users\USER\.jdks\corretto-11.0.24\bin;C:\WINDOWS\SYSTEM32;C:\WINDOWS\WinSxS\amd64_microsoft.windows.common-controls_6595b64144ccf1df_6.0.22621.3672_none_2713b9d173822955;C:\Users\USER\.jdks\corretto-11.0.24\bin\server;C:\Program Files\JetBrains\IntelliJ IDEA Community Edition 2024.1.3\bin

VM Arguments:
jvm_args: -javaagent:C:\Program Files\JetBrains\IntelliJ IDEA Community Edition 2024.1.3\lib\idea_rt.jar=64482:C:\Program Files\JetBrains\IntelliJ IDEA Community Edition 2024.1.3\bin -Dfile.encoding=UTF-8 
java_command: LacunaMatata.Lacuna.LacunaApplication
java_class_path (initial): C:\sqf\project\Lacuna\Lacuna_back\target\classes;C:\Users\USER\.m2\repository\org\springframework\boot\spring-boot-starter-oauth2-client\2.6.6\spring-boot-starter-oauth2-client-2.6.6.jar;C:\Users\USER\.m2\repository\org\springframework\boot\spring-boot-starter\2.6.6\spring-boot-starter-2.6.6.jar;C:\Users\USER\.m2\repository\org\springframework\boot\spring-boot-starter-logging\2.6.6\spring-boot-starter-logging-2.6.6.jar;C:\Users\USER\.m2\repository\ch\qos\logback\logback-classic\1.2.11\logback-classic-1.2.11.jar;C:\Users\USER\.m2\repository\ch\qos\logback\logback-core\1.2.11\logback-core-1.2.11.jar;C:\Users\USER\.m2\repository\org\apache\logging\log4j\log4j-to-slf4j\2.17.2\log4j-to-slf4j-2.17.2.jar;C:\Users\USER\.m2\repository\org\apache\logging\log4j\log4j-api\2.17.2\log4j-api-2.17.2.jar;C:\Users\USER\.m2\repository\org\slf4j\jul-to-slf4j\1.7.36\jul-to-slf4j-1.7.36.jar;C:\Users\USER\.m2\repository\jakarta\annotation\jakarta.annotation-api\1.3.5\jakarta.annotation-api-1.3.5.jar;C:\Users\USER\.m2\repository\org\yaml\snakeyaml\1.29\snakeyaml-1.29.jar;C:\Users\USER\.m2\repository\org\springframework\security\spring-security-config\5.6.2\spring-security-config-5.6.2.jar;C:\Users\USER\.m2\repository\org\springframework\spring-beans\5.3.18\spring-beans-5.3.18.jar;C:\Users\USER\.m2\repository\org\springframework\spring-context\5.3.18\spring-context-5.3.18.jar;C:\Users\USER\.m2\repository\org\springframework\security\spring-security-core\5.6.2\spring-security-core-5.6.2.jar;C:\Users\USER\.m2\repository\org\springframework\security\spring-security-crypto\5.6.2\spring-security-crypto-5.6.2.jar;C:\Users\USER\.m2\repository\org\springframework\spring-expression\5.3.18\spring-expression-5.3.18.jar;C:\Users\USER\.m2\repository\org\springframework\security\spring-security-oauth2-client\5.6.2\spring-security-oauth2-client-5.6.2.jar;C:\Users\USER\.m2\repository\org\springframework\security\spring-security-oauth2-core\5.6.2\spring-security-oauth2-core-5.6.
Launcher Type: SUN_STANDARD

[Global flags]
     intx CICompilerCount                          = 3                                         {product} {ergonomic}
     uint ConcGCThreads                            = 1                                         {product} {ergonomic}
     uint G1ConcRefinementThreads                  = 4                                         {product} {ergonomic}
   size_t G1HeapRegionSize                         = 1048576                                   {product} {ergonomic}
    uintx GCDrainStackTargetSize                   = 64                                        {product} {ergonomic}
   size_t InitialHeapSize                          = 134217728                                 {product} {ergonomic}
   size_t MarkStackSize                            = 4194304                                   {product} {ergonomic}
   size_t MaxHeapSize                              = 2120220672                                {product} {ergonomic}
   size_t MaxNewSize                               = 1271922688                                {product} {ergonomic}
   size_t MinHeapDeltaBytes                        = 1048576                                   {product} {ergonomic}
    uintx NonNMethodCodeHeapSize                   = 5830732                                {pd product} {ergonomic}
    uintx NonProfiledCodeHeapSize                  = 122913754                              {pd product} {ergonomic}
    uintx ProfiledCodeHeapSize                     = 122913754                              {pd product} {ergonomic}
    uintx ReservedCodeCacheSize                    = 251658240                              {pd product} {ergonomic}
     bool SegmentedCodeCache                       = true                                      {product} {ergonomic}
     bool UseCompressedClassPointers               = true                                 {lp64_product} {ergonomic}
     bool UseCompressedOops                        = true                                 {lp64_product} {ergonomic}
     bool UseG1GC                                  = true                                      {product} {ergonomic}
     bool UseLargePagesIndividualAllocation        = false                                  {pd product} {ergonomic}

Logging:
Log output configuration:
 #0: stdout all=warning uptime,level,tags
 #1: stderr all=off uptime,level,tags

Environment Variables:
JAVA_HOME=C:/Users/USER/corretto/jdk11.0.9_11
PATH=C:\Program Files\Common Files\Oracle\Java\javapath;C:\Program Files\Java\jdk-21\bin;C:\Program Files (x86)\NAT Service;C:\WINDOWS\system32;C:\WINDOWS;C:\WINDOWS\System32\Wbem;C:\WINDOWS\System32\WindowsPowerShell\v1.0\;C:\WINDOWS\System32\OpenSSH\;C:\Program Files (x86)\Intel\Intel(R) Management Engine Components\DAL;C:\Program Files\Intel\Intel(R) Management Engine Components\DAL;C:\Program Files\Bandizip\;C:\Program Files\Java\jdk-21\bin;C:\Program Files\Git\cmd;C:\Program Files\nodejs\;C:\ProgramData\chocolatey\bin;C:\Program Files\MySQL\MySQL Shell 8.0\bin\;C:/Users/USER/corretto/jdk11.0.9_11\bin;C:\Program Files (x86)\NAT Service;C:\WINDOWS\system32;C:\WINDOWS;C:\WINDOWS\System32\Wbem;C:\WINDOWS\System32\WindowsPowerShell\v1.0\;C:\WINDOWS\System32\OpenSSH\;C:\Program Files (x86)\Intel\Intel(R) Management Engine Components\DAL;C:\Program Files\Intel\Intel(R) Management Engine Components\DAL;C:\Users\USER\AppData\Local\Microsoft\WindowsApps;C:\Users\USER\AppData\Local\Microsoft\WindowsApps;C:\Users\USER\anaconda3\Graphviz\bin;C:\Users\USER\AppData\Local\afreeca;C:\Users\USER\AppData\Local\Programs\Microsoft VS Code\bin;C:\Users\USER\AppData\Roaming\npm;C:\Users\USER\AppData\Local\SOOP
USERNAME=USER
OS=Windows_NT
PROCESSOR_IDENTIFIER=Intel64 Family 6 Model 142 Stepping 11, GenuineIntel
TMP=C:\Users\USER\AppData\Local\Temp
TEMP=C:\Users\USER\AppData\Local\Temp



---------------  S Y S T E M  ---------------

OS: Windows 11 , 64 bit Build 22621 (10.0.22621.3958)
OS uptime: 7 days 5:59 hours

CPU:total 4 (initial active 4) (2 cores per cpu, 2 threads per core) family 6 model 142 stepping 11 microcode 0xde, cmov, cx8, fxsr, mmx, sse, sse2, sse3, ssse3, sse4.1, sse4.2, popcnt, avx, avx2, aes, clmul, erms, 3dnowpref, lzcnt, ht, tsc, tscinvbit, bmi1, bmi2, adx, fma

Memory: 4k page, system-wide physical 8085M (544M free)
TotalPageFile size 16277M (AvailPageFile size 3M)
current process WorkingSet (physical memory assigned to process): 257M, peak: 257M
current process commit charge ("private bytes"): 338M, peak: 338M

vm_info: OpenJDK 64-Bit Server VM (11.0.24+8-LTS) for windows-amd64 JRE (11.0.24+8-LTS), built on Jul  9 2024 22:03:43 by "Administrator" with MS VC++ 16.10 / 16.11 (VS2019)

END.
