#
# There is insufficient memory for the Java Runtime Environment to continue.
# Native memory allocation (malloc) failed to allocate 32744 bytes for ChunkPool::allocate
# Possible reasons:
#   The system is out of physical RAM or swap space
#   The process is running with CompressedOops enabled, and the Java Heap may be blocking the growth of the native heap
# Possible solutions:
#   Reduce memory load on the system
#   Increase physical memory or swap space
#   Check if swap backing store is full
#   Decrease Java heap size (-Xmx/-Xms)
#   Decrease number of Java threads
#   Decrease Java thread stack sizes (-Xss)
#   Set larger code cache with -XX:ReservedCodeCacheSize=
#   JVM is running with Unscaled Compressed Oops mode in which the Java heap is
#     placed in the first 4GB address space. The Java Heap base address is the
#     maximum limit for the native heap growth. Please use -XX:HeapBaseMinAddress
#     to set the Java Heap base and to place the Java Heap above 4GB virtual address.
# This output file may be truncated or incomplete.
#
#  Out of Memory Error (arena.cpp:81), pid=16692, tid=6828
#
# JRE version: OpenJDK Runtime Environment Corretto-11.0.24.8.1 (11.0.24+8) (build 11.0.24+8-LTS)
# Java VM: OpenJDK 64-Bit Server VM Corretto-11.0.24.8.1 (11.0.24+8-LTS, mixed mode, tiered, compressed oops, g1 gc, windows-amd64)
# No core dump will be written. Minidumps are not enabled by default on client versions of Windows
#

---------------  S U M M A R Y ------------

Command Line: -javaagent:C:\Program Files\JetBrains\IntelliJ IDEA Community Edition 2024.1.3\lib\idea_rt.jar=62497:C:\Program Files\JetBrains\IntelliJ IDEA Community Edition 2024.1.3\bin -Dfile.encoding=UTF-8 LacunaMatata.Lacuna.LacunaApplication

Host: Intel(R) Core(TM) i3-8145U CPU @ 2.10GHz, 4 cores, 7G,  Windows 11 , 64 bit Build 22621 (10.0.22621.3958)
Time: Sat Nov  9 21:54:51 2024  Windows 11 , 64 bit Build 22621 (10.0.22621.3958) elapsed time: 8.401441 seconds (0d 0h 0m 8s)

---------------  T H R E A D  ---------------

Current thread (0x000001aa95f52800):  JavaThread "C2 CompilerThread0" daemon [_thread_in_native, id=6828, stack(0x0000002c2b200000,0x0000002c2b300000)]


Current CompileTask:
C2:   8405 2574 % !   4       java.util.jar.Attributes::read @ 155 (354 bytes)

Stack: [0x0000002c2b200000,0x0000002c2b300000]
Native frames: (J=compiled Java code, j=interpreted, Vv=VM code, C=native code)
V  [jvm.dll+0x6461fa]
V  [jvm.dll+0x7da769]
V  [jvm.dll+0x7dbe69]
V  [jvm.dll+0x7dc553]
V  [jvm.dll+0x269b55]
V  [jvm.dll+0xc23bf]
V  [jvm.dll+0xc270c]
V  [jvm.dll+0xc226b]
V  [jvm.dll+0x622f9f]
V  [jvm.dll+0x67867d]
V  [jvm.dll+0x1b3e70]
V  [jvm.dll+0x221d7f]
V  [jvm.dll+0x220c38]
V  [jvm.dll+0x19e9e1]
V  [jvm.dll+0x230ae9]
V  [jvm.dll+0x22ec5f]
V  [jvm.dll+0x79b991]
V  [jvm.dll+0x794664]
V  [jvm.dll+0x644fb5]
C  [ucrtbase.dll+0x29333]
C  [KERNEL32.DLL+0x1257d]
C  [ntdll.dll+0x5af08]


---------------  P R O C E S S  ---------------

Threads class SMR info:
_java_thread_list=0x000001aa98df0640, length=13, elements={
0x000001aaf6dd9800, 0x000001aa9560b800, 0x000001aa95630000, 0x000001aa95f4d000,
0x000001aa95f4e000, 0x000001aa95f4f000, 0x000001aa95f52800, 0x000001aa9564a800,
0x000001aa9564c000, 0x000001aa955c4800, 0x000001aa96585800, 0x000001aa96f2a000,
0x000001aa96f6d800
}

Java Threads: ( => current thread )
  0x000001aaf6dd9800 JavaThread "main" [_thread_blocked, id=4288, stack(0x0000002c2a600000,0x0000002c2a700000)]
  0x000001aa9560b800 JavaThread "Reference Handler" daemon [_thread_blocked, id=1744, stack(0x0000002c2ad00000,0x0000002c2ae00000)]
  0x000001aa95630000 JavaThread "Finalizer" daemon [_thread_blocked, id=14240, stack(0x0000002c2ae00000,0x0000002c2af00000)]
  0x000001aa95f4d000 JavaThread "Signal Dispatcher" daemon [_thread_blocked, id=22312, stack(0x0000002c2af00000,0x0000002c2b000000)]
  0x000001aa95f4e000 JavaThread "Attach Listener" daemon [_thread_blocked, id=21420, stack(0x0000002c2b000000,0x0000002c2b100000)]
  0x000001aa95f4f000 JavaThread "Service Thread" daemon [_thread_blocked, id=9740, stack(0x0000002c2b100000,0x0000002c2b200000)]
=>0x000001aa95f52800 JavaThread "C2 CompilerThread0" daemon [_thread_in_native, id=6828, stack(0x0000002c2b200000,0x0000002c2b300000)]
  0x000001aa9564a800 JavaThread "C1 CompilerThread0" daemon [_thread_in_native, id=10700, stack(0x0000002c2b300000,0x0000002c2b400000)]
  0x000001aa9564c000 JavaThread "Sweeper thread" daemon [_thread_blocked, id=15616, stack(0x0000002c2b400000,0x0000002c2b500000)]
  0x000001aa955c4800 JavaThread "Common-Cleaner" daemon [_thread_blocked, id=23692, stack(0x0000002c2b500000,0x0000002c2b600000)]
  0x000001aa96585800 JavaThread "Monitor Ctrl-Break" daemon [_thread_in_native, id=21072, stack(0x0000002c2b600000,0x0000002c2b700000)]
  0x000001aa96f2a000 JavaThread "Thread-0" [_thread_blocked, id=23716, stack(0x0000002c2bc00000,0x0000002c2bd00000)]
  0x000001aa96f6d800 JavaThread "restartedMain" [_thread_in_native, id=4348, stack(0x0000002c2bd00000,0x0000002c2be00000)]

Other Threads:
  0x000001aa95609000 VMThread "VM Thread" [stack: 0x0000002c2ac00000,0x0000002c2ad00000] [id=22840]
  0x000001aa96586000 WatcherThread [stack: 0x0000002c2b700000,0x0000002c2b800000] [id=24732]
  0x000001aaf6df3800 GCTaskThread "GC Thread#0" [stack: 0x0000002c2a700000,0x0000002c2a800000] [id=2488]
  0x000001aa96e42000 GCTaskThread "GC Thread#1" [stack: 0x0000002c2b800000,0x0000002c2b900000] [id=12460]
  0x000001aa96e43000 GCTaskThread "GC Thread#2" [stack: 0x0000002c2b900000,0x0000002c2ba00000] [id=19476]
  0x000001aa9730a800 GCTaskThread "GC Thread#3" [stack: 0x0000002c2be00000,0x0000002c2bf00000] [id=24712]
  0x000001aaf4c6e000 ConcurrentGCThread "G1 Main Marker" [stack: 0x0000002c2a800000,0x0000002c2a900000] [id=23924]
  0x000001aaf6e1f000 ConcurrentGCThread "G1 Conc#0" [stack: 0x0000002c2a900000,0x0000002c2aa00000] [id=21004]
  0x000001aa95473800 ConcurrentGCThread "G1 Refine#0" [stack: 0x0000002c2aa00000,0x0000002c2ab00000] [id=6844]
  0x000001aa963bc800 ConcurrentGCThread "G1 Refine#1" [stack: 0x0000002c2ba00000,0x0000002c2bb00000] [id=5664]
  0x000001aa95474800 ConcurrentGCThread "G1 Young RemSet Sampling" [stack: 0x0000002c2ab00000,0x0000002c2ac00000] [id=22376]

Threads with active compile tasks:
C2 CompilerThread0     8480 2574 % !   4       java.util.jar.Attributes::read @ 155 (354 bytes)
C1 CompilerThread0     8480 2579       3       org.springframework.core.annotation.MergedAnnotation::of (8 bytes)

VM state:not at safepoint (normal execution)

VM Mutex/Monitor currently owned by a thread: None

Heap address: 0x0000000081a00000, size: 2022 MB, Compressed Oops mode: 32-bit
Narrow klass base: 0x0000000000000000, Narrow klass shift: 3
Compressed class space size: 1073741824 Address: 0x0000000100000000

Heap:
 garbage-first heap   total 131072K, used 17464K [0x0000000081a00000, 0x0000000100000000)
  region size 1024K, 13 young (13312K), 5 survivors (5120K)
 Metaspace       used 28770K, capacity 29471K, committed 29696K, reserved 1075200K
  class space    used 3318K, capacity 3583K, committed 3584K, reserved 1048576K
Heap Regions: E=young(eden), S=young(survivor), O=old, HS=humongous(starts), HC=humongous(continues), CS=collection set, F=free, A=archive, TAMS=top-at-mark-start (previous, next)
|   0|0x0000000081a00000, 0x0000000081b00000, 0x0000000081b00000|100%| O|  |TAMS 0x0000000081b00000, 0x0000000081a00000| Untracked 
|   1|0x0000000081b00000, 0x0000000081c00000, 0x0000000081c00000|100%| O|  |TAMS 0x0000000081c00000, 0x0000000081b00000| Untracked 
|   2|0x0000000081c00000, 0x0000000081d00000, 0x0000000081d00000|100%| O|  |TAMS 0x0000000081d00000, 0x0000000081c00000| Untracked 
|   3|0x0000000081d00000, 0x0000000081e00000, 0x0000000081e00000|100%| O|  |TAMS 0x0000000081e00000, 0x0000000081d00000| Untracked 
|   4|0x0000000081e00000, 0x0000000081f00000, 0x0000000081f00000|100%| O|  |TAMS 0x0000000081f00000, 0x0000000081e00000| Untracked 
|   5|0x0000000081f00000, 0x0000000081ff4400, 0x0000000082000000| 95%| O|  |TAMS 0x0000000081ff4400, 0x0000000081f00000| Untracked 
|   6|0x0000000082000000, 0x0000000082000000, 0x0000000082100000|  0%| F|  |TAMS 0x0000000082000000, 0x0000000082000000| Untracked 
|   7|0x0000000082100000, 0x0000000082100000, 0x0000000082200000|  0%| F|  |TAMS 0x0000000082100000, 0x0000000082100000| Untracked 
|   8|0x0000000082200000, 0x0000000082200000, 0x0000000082300000|  0%| F|  |TAMS 0x0000000082200000, 0x0000000082200000| Untracked 
|   9|0x0000000082300000, 0x0000000082300000, 0x0000000082400000|  0%| F|  |TAMS 0x0000000082300000, 0x0000000082300000| Untracked 
|  10|0x0000000082400000, 0x0000000082400000, 0x0000000082500000|  0%| F|  |TAMS 0x0000000082400000, 0x0000000082400000| Untracked 
|  11|0x0000000082500000, 0x0000000082500000, 0x0000000082600000|  0%| F|  |TAMS 0x0000000082500000, 0x0000000082500000| Untracked 
|  12|0x0000000082600000, 0x0000000082600000, 0x0000000082700000|  0%| F|  |TAMS 0x0000000082600000, 0x0000000082600000| Untracked 
|  13|0x0000000082700000, 0x0000000082700000, 0x0000000082800000|  0%| F|  |TAMS 0x0000000082700000, 0x0000000082700000| Untracked 
|  14|0x0000000082800000, 0x0000000082800000, 0x0000000082900000|  0%| F|  |TAMS 0x0000000082800000, 0x0000000082800000| Untracked 
|  15|0x0000000082900000, 0x0000000082900000, 0x0000000082a00000|  0%| F|  |TAMS 0x0000000082900000, 0x0000000082900000| Untracked 
|  16|0x0000000082a00000, 0x0000000082a00000, 0x0000000082b00000|  0%| F|  |TAMS 0x0000000082a00000, 0x0000000082a00000| Untracked 
|  17|0x0000000082b00000, 0x0000000082b00000, 0x0000000082c00000|  0%| F|  |TAMS 0x0000000082b00000, 0x0000000082b00000| Untracked 
|  18|0x0000000082c00000, 0x0000000082c00000, 0x0000000082d00000|  0%| F|  |TAMS 0x0000000082c00000, 0x0000000082c00000| Untracked 
|  19|0x0000000082d00000, 0x0000000082d00000, 0x0000000082e00000|  0%| F|  |TAMS 0x0000000082d00000, 0x0000000082d00000| Untracked 
|  20|0x0000000082e00000, 0x0000000082e00000, 0x0000000082f00000|  0%| F|  |TAMS 0x0000000082e00000, 0x0000000082e00000| Untracked 
|  21|0x0000000082f00000, 0x0000000082f00000, 0x0000000083000000|  0%| F|  |TAMS 0x0000000082f00000, 0x0000000082f00000| Untracked 
|  22|0x0000000083000000, 0x0000000083000000, 0x0000000083100000|  0%| F|  |TAMS 0x0000000083000000, 0x0000000083000000| Untracked 
|  23|0x0000000083100000, 0x0000000083100000, 0x0000000083200000|  0%| F|  |TAMS 0x0000000083100000, 0x0000000083100000| Untracked 
|  24|0x0000000083200000, 0x0000000083200000, 0x0000000083300000|  0%| F|  |TAMS 0x0000000083200000, 0x0000000083200000| Untracked 
|  25|0x0000000083300000, 0x0000000083300000, 0x0000000083400000|  0%| F|  |TAMS 0x0000000083300000, 0x0000000083300000| Untracked 
|  26|0x0000000083400000, 0x0000000083400000, 0x0000000083500000|  0%| F|  |TAMS 0x0000000083400000, 0x0000000083400000| Untracked 
|  27|0x0000000083500000, 0x0000000083500000, 0x0000000083600000|  0%| F|  |TAMS 0x0000000083500000, 0x0000000083500000| Untracked 
|  28|0x0000000083600000, 0x0000000083600000, 0x0000000083700000|  0%| F|  |TAMS 0x0000000083600000, 0x0000000083600000| Untracked 
|  29|0x0000000083700000, 0x0000000083700000, 0x0000000083800000|  0%| F|  |TAMS 0x0000000083700000, 0x0000000083700000| Untracked 
|  30|0x0000000083800000, 0x0000000083800000, 0x0000000083900000|  0%| F|  |TAMS 0x0000000083800000, 0x0000000083800000| Untracked 
|  31|0x0000000083900000, 0x0000000083900000, 0x0000000083a00000|  0%| F|  |TAMS 0x0000000083900000, 0x0000000083900000| Untracked 
|  32|0x0000000083a00000, 0x0000000083a00000, 0x0000000083b00000|  0%| F|  |TAMS 0x0000000083a00000, 0x0000000083a00000| Untracked 
|  33|0x0000000083b00000, 0x0000000083b00000, 0x0000000083c00000|  0%| F|  |TAMS 0x0000000083b00000, 0x0000000083b00000| Untracked 
|  34|0x0000000083c00000, 0x0000000083c00000, 0x0000000083d00000|  0%| F|  |TAMS 0x0000000083c00000, 0x0000000083c00000| Untracked 
|  35|0x0000000083d00000, 0x0000000083d00000, 0x0000000083e00000|  0%| F|  |TAMS 0x0000000083d00000, 0x0000000083d00000| Untracked 
|  36|0x0000000083e00000, 0x0000000083e00000, 0x0000000083f00000|  0%| F|  |TAMS 0x0000000083e00000, 0x0000000083e00000| Untracked 
|  37|0x0000000083f00000, 0x0000000083f00000, 0x0000000084000000|  0%| F|  |TAMS 0x0000000083f00000, 0x0000000083f00000| Untracked 
|  38|0x0000000084000000, 0x0000000084000000, 0x0000000084100000|  0%| F|  |TAMS 0x0000000084000000, 0x0000000084000000| Untracked 
|  39|0x0000000084100000, 0x0000000084100000, 0x0000000084200000|  0%| F|  |TAMS 0x0000000084100000, 0x0000000084100000| Untracked 
|  40|0x0000000084200000, 0x0000000084200000, 0x0000000084300000|  0%| F|  |TAMS 0x0000000084200000, 0x0000000084200000| Untracked 
|  41|0x0000000084300000, 0x0000000084300000, 0x0000000084400000|  0%| F|  |TAMS 0x0000000084300000, 0x0000000084300000| Untracked 
|  42|0x0000000084400000, 0x0000000084400000, 0x0000000084500000|  0%| F|  |TAMS 0x0000000084400000, 0x0000000084400000| Untracked 
|  43|0x0000000084500000, 0x0000000084500000, 0x0000000084600000|  0%| F|  |TAMS 0x0000000084500000, 0x0000000084500000| Untracked 
|  44|0x0000000084600000, 0x0000000084600000, 0x0000000084700000|  0%| F|  |TAMS 0x0000000084600000, 0x0000000084600000| Untracked 
|  45|0x0000000084700000, 0x0000000084700000, 0x0000000084800000|  0%| F|  |TAMS 0x0000000084700000, 0x0000000084700000| Untracked 
|  46|0x0000000084800000, 0x0000000084800000, 0x0000000084900000|  0%| F|  |TAMS 0x0000000084800000, 0x0000000084800000| Untracked 
|  47|0x0000000084900000, 0x0000000084900000, 0x0000000084a00000|  0%| F|  |TAMS 0x0000000084900000, 0x0000000084900000| Untracked 
|  48|0x0000000084a00000, 0x0000000084a00000, 0x0000000084b00000|  0%| F|  |TAMS 0x0000000084a00000, 0x0000000084a00000| Untracked 
|  49|0x0000000084b00000, 0x0000000084b00000, 0x0000000084c00000|  0%| F|  |TAMS 0x0000000084b00000, 0x0000000084b00000| Untracked 
|  50|0x0000000084c00000, 0x0000000084c00000, 0x0000000084d00000|  0%| F|  |TAMS 0x0000000084c00000, 0x0000000084c00000| Untracked 
|  51|0x0000000084d00000, 0x0000000084d00000, 0x0000000084e00000|  0%| F|  |TAMS 0x0000000084d00000, 0x0000000084d00000| Untracked 
|  52|0x0000000084e00000, 0x0000000084e00000, 0x0000000084f00000|  0%| F|  |TAMS 0x0000000084e00000, 0x0000000084e00000| Untracked 
|  53|0x0000000084f00000, 0x0000000084f00000, 0x0000000085000000|  0%| F|  |TAMS 0x0000000084f00000, 0x0000000084f00000| Untracked 
|  54|0x0000000085000000, 0x0000000085000000, 0x0000000085100000|  0%| F|  |TAMS 0x0000000085000000, 0x0000000085000000| Untracked 
|  55|0x0000000085100000, 0x0000000085100000, 0x0000000085200000|  0%| F|  |TAMS 0x0000000085100000, 0x0000000085100000| Untracked 
|  56|0x0000000085200000, 0x0000000085200000, 0x0000000085300000|  0%| F|  |TAMS 0x0000000085200000, 0x0000000085200000| Untracked 
|  57|0x0000000085300000, 0x0000000085300000, 0x0000000085400000|  0%| F|  |TAMS 0x0000000085300000, 0x0000000085300000| Untracked 
|  58|0x0000000085400000, 0x0000000085400000, 0x0000000085500000|  0%| F|  |TAMS 0x0000000085400000, 0x0000000085400000| Untracked 
|  59|0x0000000085500000, 0x0000000085500000, 0x0000000085600000|  0%| F|  |TAMS 0x0000000085500000, 0x0000000085500000| Untracked 
|  60|0x0000000085600000, 0x0000000085600000, 0x0000000085700000|  0%| F|  |TAMS 0x0000000085600000, 0x0000000085600000| Untracked 
|  61|0x0000000085700000, 0x0000000085700000, 0x0000000085800000|  0%| F|  |TAMS 0x0000000085700000, 0x0000000085700000| Untracked 
|  62|0x0000000085800000, 0x0000000085800000, 0x0000000085900000|  0%| F|  |TAMS 0x0000000085800000, 0x0000000085800000| Untracked 
|  63|0x0000000085900000, 0x0000000085900000, 0x0000000085a00000|  0%| F|  |TAMS 0x0000000085900000, 0x0000000085900000| Untracked 
|  64|0x0000000085a00000, 0x0000000085a00000, 0x0000000085b00000|  0%| F|  |TAMS 0x0000000085a00000, 0x0000000085a00000| Untracked 
|  65|0x0000000085b00000, 0x0000000085b00000, 0x0000000085c00000|  0%| F|  |TAMS 0x0000000085b00000, 0x0000000085b00000| Untracked 
|  66|0x0000000085c00000, 0x0000000085c00000, 0x0000000085d00000|  0%| F|  |TAMS 0x0000000085c00000, 0x0000000085c00000| Untracked 
|  67|0x0000000085d00000, 0x0000000085d00000, 0x0000000085e00000|  0%| F|  |TAMS 0x0000000085d00000, 0x0000000085d00000| Untracked 
|  68|0x0000000085e00000, 0x0000000085e00000, 0x0000000085f00000|  0%| F|  |TAMS 0x0000000085e00000, 0x0000000085e00000| Untracked 
|  69|0x0000000085f00000, 0x0000000085f00000, 0x0000000086000000|  0%| F|  |TAMS 0x0000000085f00000, 0x0000000085f00000| Untracked 
|  70|0x0000000086000000, 0x0000000086000000, 0x0000000086100000|  0%| F|  |TAMS 0x0000000086000000, 0x0000000086000000| Untracked 
|  71|0x0000000086100000, 0x0000000086119ed8, 0x0000000086200000| 10%| S|CS|TAMS 0x0000000086100000, 0x0000000086100000| Complete 
|  72|0x0000000086200000, 0x0000000086300000, 0x0000000086300000|100%| S|CS|TAMS 0x0000000086200000, 0x0000000086200000| Complete 
|  73|0x0000000086300000, 0x0000000086400000, 0x0000000086400000|100%| S|CS|TAMS 0x0000000086300000, 0x0000000086300000| Complete 
|  74|0x0000000086400000, 0x0000000086500000, 0x0000000086500000|100%| S|CS|TAMS 0x0000000086400000, 0x0000000086400000| Complete 
|  75|0x0000000086500000, 0x0000000086600000, 0x0000000086600000|100%| S|CS|TAMS 0x0000000086500000, 0x0000000086500000| Complete 
|  76|0x0000000086600000, 0x0000000086600000, 0x0000000086700000|  0%| F|  |TAMS 0x0000000086600000, 0x0000000086600000| Untracked 
|  77|0x0000000086700000, 0x0000000086700000, 0x0000000086800000|  0%| F|  |TAMS 0x0000000086700000, 0x0000000086700000| Untracked 
|  78|0x0000000086800000, 0x0000000086800000, 0x0000000086900000|  0%| F|  |TAMS 0x0000000086800000, 0x0000000086800000| Untracked 
|  79|0x0000000086900000, 0x0000000086900000, 0x0000000086a00000|  0%| F|  |TAMS 0x0000000086900000, 0x0000000086900000| Untracked 
|  80|0x0000000086a00000, 0x0000000086a00000, 0x0000000086b00000|  0%| F|  |TAMS 0x0000000086a00000, 0x0000000086a00000| Untracked 
|  81|0x0000000086b00000, 0x0000000086b00000, 0x0000000086c00000|  0%| F|  |TAMS 0x0000000086b00000, 0x0000000086b00000| Untracked 
|  82|0x0000000086c00000, 0x0000000086c00000, 0x0000000086d00000|  0%| F|  |TAMS 0x0000000086c00000, 0x0000000086c00000| Untracked 
|  83|0x0000000086d00000, 0x0000000086d00000, 0x0000000086e00000|  0%| F|  |TAMS 0x0000000086d00000, 0x0000000086d00000| Untracked 
|  84|0x0000000086e00000, 0x0000000086e00000, 0x0000000086f00000|  0%| F|  |TAMS 0x0000000086e00000, 0x0000000086e00000| Untracked 
|  85|0x0000000086f00000, 0x0000000086f00000, 0x0000000087000000|  0%| F|  |TAMS 0x0000000086f00000, 0x0000000086f00000| Untracked 
|  86|0x0000000087000000, 0x0000000087000000, 0x0000000087100000|  0%| F|  |TAMS 0x0000000087000000, 0x0000000087000000| Untracked 
|  87|0x0000000087100000, 0x0000000087100000, 0x0000000087200000|  0%| F|  |TAMS 0x0000000087100000, 0x0000000087100000| Untracked 
|  88|0x0000000087200000, 0x0000000087200000, 0x0000000087300000|  0%| F|  |TAMS 0x0000000087200000, 0x0000000087200000| Untracked 
|  89|0x0000000087300000, 0x0000000087300000, 0x0000000087400000|  0%| F|  |TAMS 0x0000000087300000, 0x0000000087300000| Untracked 
|  90|0x0000000087400000, 0x0000000087400000, 0x0000000087500000|  0%| F|  |TAMS 0x0000000087400000, 0x0000000087400000| Untracked 
|  91|0x0000000087500000, 0x0000000087500000, 0x0000000087600000|  0%| F|  |TAMS 0x0000000087500000, 0x0000000087500000| Untracked 
|  92|0x0000000087600000, 0x0000000087600000, 0x0000000087700000|  0%| F|  |TAMS 0x0000000087600000, 0x0000000087600000| Untracked 
|  93|0x0000000087700000, 0x0000000087700000, 0x0000000087800000|  0%| F|  |TAMS 0x0000000087700000, 0x0000000087700000| Untracked 
|  94|0x0000000087800000, 0x0000000087800000, 0x0000000087900000|  0%| F|  |TAMS 0x0000000087800000, 0x0000000087800000| Untracked 
|  95|0x0000000087900000, 0x0000000087900000, 0x0000000087a00000|  0%| F|  |TAMS 0x0000000087900000, 0x0000000087900000| Untracked 
|  96|0x0000000087a00000, 0x0000000087a00000, 0x0000000087b00000|  0%| F|  |TAMS 0x0000000087a00000, 0x0000000087a00000| Untracked 
|  97|0x0000000087b00000, 0x0000000087b00000, 0x0000000087c00000|  0%| F|  |TAMS 0x0000000087b00000, 0x0000000087b00000| Untracked 
|  98|0x0000000087c00000, 0x0000000087c00000, 0x0000000087d00000|  0%| F|  |TAMS 0x0000000087c00000, 0x0000000087c00000| Untracked 
|  99|0x0000000087d00000, 0x0000000087d00000, 0x0000000087e00000|  0%| F|  |TAMS 0x0000000087d00000, 0x0000000087d00000| Untracked 
| 100|0x0000000087e00000, 0x0000000087e00000, 0x0000000087f00000|  0%| F|  |TAMS 0x0000000087e00000, 0x0000000087e00000| Untracked 
| 101|0x0000000087f00000, 0x0000000087f00000, 0x0000000088000000|  0%| F|  |TAMS 0x0000000087f00000, 0x0000000087f00000| Untracked 
| 102|0x0000000088000000, 0x0000000088000000, 0x0000000088100000|  0%| F|  |TAMS 0x0000000088000000, 0x0000000088000000| Untracked 
| 103|0x0000000088100000, 0x0000000088100000, 0x0000000088200000|  0%| F|  |TAMS 0x0000000088100000, 0x0000000088100000| Untracked 
| 104|0x0000000088200000, 0x0000000088200000, 0x0000000088300000|  0%| F|  |TAMS 0x0000000088200000, 0x0000000088200000| Untracked 
| 105|0x0000000088300000, 0x0000000088300000, 0x0000000088400000|  0%| F|  |TAMS 0x0000000088300000, 0x0000000088300000| Untracked 
| 106|0x0000000088400000, 0x0000000088400000, 0x0000000088500000|  0%| F|  |TAMS 0x0000000088400000, 0x0000000088400000| Untracked 
| 107|0x0000000088500000, 0x0000000088500000, 0x0000000088600000|  0%| F|  |TAMS 0x0000000088500000, 0x0000000088500000| Untracked 
| 108|0x0000000088600000, 0x0000000088600000, 0x0000000088700000|  0%| F|  |TAMS 0x0000000088600000, 0x0000000088600000| Untracked 
| 109|0x0000000088700000, 0x0000000088700000, 0x0000000088800000|  0%| F|  |TAMS 0x0000000088700000, 0x0000000088700000| Untracked 
| 110|0x0000000088800000, 0x0000000088800000, 0x0000000088900000|  0%| F|  |TAMS 0x0000000088800000, 0x0000000088800000| Untracked 
| 111|0x0000000088900000, 0x0000000088900000, 0x0000000088a00000|  0%| F|  |TAMS 0x0000000088900000, 0x0000000088900000| Untracked 
| 112|0x0000000088a00000, 0x0000000088a00000, 0x0000000088b00000|  0%| F|  |TAMS 0x0000000088a00000, 0x0000000088a00000| Untracked 
| 113|0x0000000088b00000, 0x0000000088b00000, 0x0000000088c00000|  0%| F|  |TAMS 0x0000000088b00000, 0x0000000088b00000| Untracked 
| 114|0x0000000088c00000, 0x0000000088c00000, 0x0000000088d00000|  0%| F|  |TAMS 0x0000000088c00000, 0x0000000088c00000| Untracked 
| 115|0x0000000088d00000, 0x0000000088d00000, 0x0000000088e00000|  0%| F|  |TAMS 0x0000000088d00000, 0x0000000088d00000| Untracked 
| 116|0x0000000088e00000, 0x0000000088e00000, 0x0000000088f00000|  0%| F|  |TAMS 0x0000000088e00000, 0x0000000088e00000| Untracked 
| 117|0x0000000088f00000, 0x0000000088f00000, 0x0000000089000000|  0%| F|  |TAMS 0x0000000088f00000, 0x0000000088f00000| Untracked 
| 118|0x0000000089000000, 0x0000000089000000, 0x0000000089100000|  0%| F|  |TAMS 0x0000000089000000, 0x0000000089000000| Untracked 
| 119|0x0000000089100000, 0x0000000089100000, 0x0000000089200000|  0%| F|  |TAMS 0x0000000089100000, 0x0000000089100000| Untracked 
| 120|0x0000000089200000, 0x0000000089280800, 0x0000000089300000| 50%| E|  |TAMS 0x0000000089200000, 0x0000000089200000| Complete 
| 121|0x0000000089300000, 0x0000000089400000, 0x0000000089400000|100%| E|CS|TAMS 0x0000000089300000, 0x0000000089300000| Complete 
| 122|0x0000000089400000, 0x0000000089500000, 0x0000000089500000|100%| E|CS|TAMS 0x0000000089400000, 0x0000000089400000| Complete 
| 123|0x0000000089500000, 0x0000000089600000, 0x0000000089600000|100%| E|CS|TAMS 0x0000000089500000, 0x0000000089500000| Complete 
| 124|0x0000000089600000, 0x0000000089700000, 0x0000000089700000|100%| E|CS|TAMS 0x0000000089600000, 0x0000000089600000| Complete 
| 125|0x0000000089700000, 0x0000000089800000, 0x0000000089800000|100%| E|CS|TAMS 0x0000000089700000, 0x0000000089700000| Complete 
| 126|0x0000000089800000, 0x0000000089900000, 0x0000000089900000|100%| E|CS|TAMS 0x0000000089800000, 0x0000000089800000| Complete 
| 127|0x0000000089900000, 0x0000000089a00000, 0x0000000089a00000|100%| E|CS|TAMS 0x0000000089900000, 0x0000000089900000| Complete 

Card table byte_map: [0x000001aaff960000,0x000001aaffd60000] _byte_map_base: 0x000001aaff553000

Marking Bits (Prev, Next): (CMBitMap*) 0x000001aaf6e19980, (CMBitMap*) 0x000001aaf6e19948
 Prev Bits: [0x000001aa913a0000, 0x000001aa93338000)
 Next Bits: [0x000001aa8f400000, 0x000001aa91398000)

Polling page: 0x000001aaf6590000

Metaspace:

Usage:
  Non-class:     25.28 MB capacity,    24.85 MB ( 98%) used,   360.88 KB (  1%) free+waste,    75.62 KB ( <1%) overhead. 
      Class:      3.50 MB capacity,     3.24 MB ( 93%) used,   227.75 KB (  6%) free+waste,    36.44 KB (  1%) overhead. 
       Both:     28.78 MB capacity,    28.10 MB ( 98%) used,   588.62 KB (  2%) free+waste,   112.06 KB ( <1%) overhead. 

Virtual space:
  Non-class space:       26.00 MB reserved,      25.50 MB ( 98%) committed 
      Class space:        1.00 GB reserved,       3.50 MB ( <1%) committed 
             Both:        1.03 GB reserved,      29.00 MB (  3%) committed 

Chunk freelists:
   Non-Class:  32.00 KB
       Class:  1.00 KB
        Both:  33.00 KB

MaxMetaspaceSize: 17179869184.00 GB
CompressedClassSpaceSize: 1.00 GB
Initial GC threshold: 20.80 MB
Current GC threshold: 35.20 MB
CDS: off

CodeHeap 'non-profiled nmethods': size=120064Kb used=1173Kb max_used=1173Kb free=118890Kb
 bounds [0x000001aa87ac0000, 0x000001aa87d30000, 0x000001aa8f000000]
CodeHeap 'profiled nmethods': size=120000Kb used=5229Kb max_used=5229Kb free=114770Kb
 bounds [0x000001aa80590000, 0x000001aa80ab0000, 0x000001aa87ac0000]
CodeHeap 'non-nmethods': size=5696Kb used=1194Kb max_used=1237Kb free=4501Kb
 bounds [0x000001aa80000000, 0x000001aa80270000, 0x000001aa80590000]
 total_blobs=3035 nmethods=2577 adapters=370
 compilation: enabled
              stopped_count=0, restarted_count=0
 full_count=0

Compilation events (20 events):
Event: 8.141 Thread 0x000001aa9564a800 nmethod 2567 0x000001aa80aa5910 code [0x000001aa80aa5ae0, 0x000001aa80aa5c88]
Event: 8.153 Thread 0x000001aa9564a800 2568       3       org.springframework.boot.autoconfigure.AutoConfigurationExcludeFilter::match (22 bytes)
Event: 8.154 Thread 0x000001aa9564a800 nmethod 2568 0x000001aa80aa5d90 code [0x000001aa80aa5fe0, 0x000001aa80aa67c8]
Event: 8.154 Thread 0x000001aa9564a800 2569       3       org.springframework.boot.context.TypeExcludeFilter::match (66 bytes)
Event: 8.154 Thread 0x000001aa9564a800 nmethod 2569 0x000001aa80aa6a90 code [0x000001aa80aa6cc0, 0x000001aa80aa7408]
Event: 8.154 Thread 0x000001aa9564a800 2570       3       org.springframework.boot.context.TypeExcludeFilter::getDelegates (36 bytes)
Event: 8.154 Thread 0x000001aa9564a800 nmethod 2570 0x000001aa80aa7610 code [0x000001aa80aa7800, 0x000001aa80aa7c38]
Event: 8.180 Thread 0x000001aa9564a800 2571       3       org.springframework.core.type.AnnotationMetadata::hasMetaAnnotation (23 bytes)
Event: 8.181 Thread 0x000001aa9564a800 nmethod 2571 0x000001aa80aa7d90 code [0x000001aa80aa7f80, 0x000001aa80aa8468]
Event: 8.227 Thread 0x000001aa9564a800 2572       3       org.springframework.core.annotation.TypeMappedAnnotations::isPresent (39 bytes)
Event: 8.228 Thread 0x000001aa9564a800 nmethod 2572 0x000001aa80aa8610 code [0x000001aa80aa8820, 0x000001aa80aa8dc8]
Event: 8.243 Thread 0x000001aa9564a800 2573       3       org.springframework.core.annotation.TypeMappedAnnotations::get (8 bytes)
Event: 8.243 Thread 0x000001aa9564a800 nmethod 2573 0x000001aa80aa8f90 code [0x000001aa80aa9140, 0x000001aa80aa9268]
Event: 8.261 Thread 0x000001aa95f52800 2574 % !   4       java.util.jar.Attributes::read @ 155 (354 bytes)
Event: 8.262 Thread 0x000001aa9564a800 2575       3       org.springframework.core.annotation.AbstractMergedAnnotation::isDirectlyPresent (20 bytes)
Event: 8.263 Thread 0x000001aa9564a800 nmethod 2575 0x000001aa80aa9310 code [0x000001aa80aa94e0, 0x000001aa80aa97f8]
Event: 8.265 Thread 0x000001aa9564a800 2576       3       org.springframework.asm.ClassReader::readElementValues (88 bytes)
Event: 8.265 Thread 0x000001aa9564a800 nmethod 2576 0x000001aa80aa9890 code [0x000001aa80aa9ac0, 0x000001aa80aaa218]
Event: 8.297 Thread 0x000001aa9564a800 2577   !   3       org.springframework.core.type.classreading.MergedAnnotationReadingVisitor::get (56 bytes)
Event: 8.298 Thread 0x000001aa9564a800 nmethod 2577 0x000001aa80aaa590 code [0x000001aa80aaa7c0, 0x000001aa80aaacc8]

GC Heap History (10 events):
Event: 2.273 GC heap before
{Heap before GC invocations=0 (full 0):
 garbage-first heap   total 131072K, used 13312K [0x0000000081a00000, 0x0000000100000000)
  region size 1024K, 14 young (14336K), 0 survivors (0K)
 Metaspace       used 10237K, capacity 10418K, committed 10752K, reserved 1058816K
  class space    used 891K, capacity 942K, committed 1024K, reserved 1048576K
}
Event: 2.284 GC heap after
{Heap after GC invocations=1 (full 0):
 garbage-first heap   total 131072K, used 6009K [0x0000000081a00000, 0x0000000100000000)
  region size 1024K, 2 young (2048K), 2 survivors (2048K)
 Metaspace       used 10237K, capacity 10418K, committed 10752K, reserved 1058816K
  class space    used 891K, capacity 942K, committed 1024K, reserved 1048576K
}
Event: 2.476 GC heap before
{Heap before GC invocations=1 (full 0):
 garbage-first heap   total 131072K, used 11129K [0x0000000081a00000, 0x0000000100000000)
  region size 1024K, 7 young (7168K), 2 survivors (2048K)
 Metaspace       used 11342K, capacity 11559K, committed 11648K, reserved 1060864K
  class space    used 1031K, capacity 1090K, committed 1152K, reserved 1048576K
}
Event: 2.479 GC heap after
{Heap after GC invocations=2 (full 0):
 garbage-first heap   total 131072K, used 6409K [0x0000000081a00000, 0x0000000100000000)
  region size 1024K, 1 young (1024K), 1 survivors (1024K)
 Metaspace       used 11342K, capacity 11559K, committed 11648K, reserved 1060864K
  class space    used 1031K, capacity 1090K, committed 1152K, reserved 1048576K
}
Event: 3.463 GC heap before
{Heap before GC invocations=2 (full 0):
 garbage-first heap   total 131072K, used 28937K [0x0000000081a00000, 0x0000000100000000)
  region size 1024K, 23 young (23552K), 1 survivors (1024K)
 Metaspace       used 16110K, capacity 16506K, committed 16640K, reserved 1064960K
  class space    used 1619K, capacity 1772K, committed 1792K, reserved 1048576K
}
Event: 3.506 GC heap after
{Heap after GC invocations=3 (full 0):
 garbage-first heap   total 131072K, used 7495K [0x0000000081a00000, 0x0000000100000000)
  region size 1024K, 2 young (2048K), 2 survivors (2048K)
 Metaspace       used 16110K, capacity 16506K, committed 16640K, reserved 1064960K
  class space    used 1619K, capacity 1772K, committed 1792K, reserved 1048576K
}
Event: 4.268 GC heap before
{Heap before GC invocations=3 (full 0):
 garbage-first heap   total 131072K, used 30023K [0x0000000081a00000, 0x0000000100000000)
  region size 1024K, 25 young (25600K), 2 survivors (2048K)
 Metaspace       used 20631K, capacity 21121K, committed 21296K, reserved 1069056K
  class space    used 2239K, capacity 2419K, committed 2432K, reserved 1048576K
}
Event: 4.274 GC heap after
{Heap after GC invocations=4 (full 0):
 garbage-first heap   total 131072K, used 8635K [0x0000000081a00000, 0x0000000100000000)
  region size 1024K, 3 young (3072K), 3 survivors (3072K)
 Metaspace       used 20631K, capacity 21121K, committed 21296K, reserved 1069056K
  class space    used 2239K, capacity 2419K, committed 2432K, reserved 1048576K
}
Event: 5.759 GC heap before
{Heap before GC invocations=5 (full 0):
 garbage-first heap   total 131072K, used 57787K [0x0000000081a00000, 0x0000000100000000)
  region size 1024K, 52 young (53248K), 3 survivors (3072K)
 Metaspace       used 28440K, capacity 29091K, committed 29184K, reserved 1075200K
  class space    used 3295K, capacity 3545K, committed 3584K, reserved 1048576K
}
Event: 5.765 GC heap after
{Heap after GC invocations=6 (full 0):
 garbage-first heap   total 131072K, used 10296K [0x0000000081a00000, 0x0000000100000000)
  region size 1024K, 5 young (5120K), 5 survivors (5120K)
 Metaspace       used 28440K, capacity 29091K, committed 29184K, reserved 1075200K
  class space    used 3295K, capacity 3545K, committed 3584K, reserved 1048576K
}

Deoptimization events (20 events):
Event: 5.375 Thread 0x000001aa96f6d800 Uncommon trap: trap_request=0xffffffcc fr.pc=0x000001aa87bc32f4 relative=0x00000000000002b4
Event: 5.375 Thread 0x000001aa96f6d800 Uncommon trap: reason=intrinsic_or_type_checked_inlining action=make_not_entrant pc=0x000001aa87bc32f4 method=java.util.Arrays.copyOf([Ljava/lang/Object;ILjava/lang/Class;)[Ljava/lang/Object; @ 35 c2
Event: 5.375 Thread 0x000001aa96f6d800 DEOPT PACKING pc=0x000001aa87bc32f4 sp=0x0000002c2bdfd2f0
Event: 5.375 Thread 0x000001aa96f6d800 DEOPT UNPACKING pc=0x000001aa8004a1af sp=0x0000002c2bdfd280 mode 2
Event: 5.712 Thread 0x000001aa972c3800 Uncommon trap: trap_request=0xffffff4d fr.pc=0x000001aa87b34698 relative=0x0000000000000478
Event: 5.712 Thread 0x000001aa972c3800 Uncommon trap: reason=unstable_if action=reinterpret pc=0x000001aa87b34698 method=jdk.internal.org.objectweb.asm.Type.getArgumentsAndReturnSizes(Ljava/lang/String;)I @ 47 c2
Event: 5.712 Thread 0x000001aa972c3800 DEOPT PACKING pc=0x000001aa87b34698 sp=0x0000002c2bffbfa0
Event: 5.712 Thread 0x000001aa972c3800 DEOPT UNPACKING pc=0x000001aa8004a1af sp=0x0000002c2bffbf30 mode 2
Event: 5.712 Thread 0x000001aa972c3800 Uncommon trap: trap_request=0xffffff76 fr.pc=0x000001aa87bb5c10 relative=0x0000000000000070
Event: 5.712 Thread 0x000001aa972c3800 Uncommon trap: reason=loop_limit_check action=maybe_recompile pc=0x000001aa87bb5c10 method=java.lang.invoke.LambdaForm$Name.useCount(Ljava/lang/invoke/LambdaForm$Name;)I @ 21 c2
Event: 5.713 Thread 0x000001aa972c3800 DEOPT PACKING pc=0x000001aa87bb5c10 sp=0x0000002c2bffbcf0
Event: 5.713 Thread 0x000001aa972c3800 DEOPT UNPACKING pc=0x000001aa8004a1af sp=0x0000002c2bffbc80 mode 2
Event: 5.713 Thread 0x000001aa972c3800 Uncommon trap: trap_request=0xffffff4d fr.pc=0x000001aa87bb3ab8 relative=0x0000000000003778
Event: 5.713 Thread 0x000001aa972c3800 Uncommon trap: reason=unstable_if action=reinterpret pc=0x000001aa87bb3ab8 method=jdk.internal.org.objectweb.asm.Frame.push(Ljdk/internal/org/objectweb/asm/ClassWriter;Ljava/lang/String;)V @ 18 c2
Event: 5.713 Thread 0x000001aa972c3800 DEOPT PACKING pc=0x000001aa87bb3ab8 sp=0x0000002c2bffbfa0
Event: 5.713 Thread 0x000001aa972c3800 DEOPT UNPACKING pc=0x000001aa8004a1af sp=0x0000002c2bffbec0 mode 2
Event: 5.906 Thread 0x000001aa96f6d800 Uncommon trap: trap_request=0xffffff4d fr.pc=0x000001aa87b64a38 relative=0x0000000000000378
Event: 5.906 Thread 0x000001aa96f6d800 Uncommon trap: reason=unstable_if action=reinterpret pc=0x000001aa87b64a38 method=java.lang.String.<init>([CIILjava/lang/Void;)V @ 43 c2
Event: 5.906 Thread 0x000001aa96f6d800 DEOPT PACKING pc=0x000001aa87b64a38 sp=0x0000002c2bdfd250
Event: 5.906 Thread 0x000001aa96f6d800 DEOPT UNPACKING pc=0x000001aa8004a1af sp=0x0000002c2bdfd210 mode 2

Classes redefined (0 events):
No events

Internal exceptions (20 events):
Event: 4.604 Thread 0x000001aa96f6d800 Exception <a 'java/lang/ClassNotFoundException'{0x0000000088d7d860}: org/springframework/core/PriorityOrderedCustomizer> (0x0000000088d7d860) thrown at [s\src\hotspot\share\classfile\systemDictionary.cpp, line 230]
Event: 4.608 Thread 0x000001aa96f6d800 Exception <a 'java/lang/ClassNotFoundException'{0x0000000088ddff80}: org/springframework/core/OrderedCustomizer> (0x0000000088ddff80) thrown at [s\src\hotspot\share\classfile\systemDictionary.cpp, line 230]
Event: 4.609 Thread 0x000001aa96f6d800 Exception <a 'java/lang/ClassNotFoundException'{0x0000000088df1838}: org/springframework/context/ResourceLoaderAwareCustomizer> (0x0000000088df1838) thrown at [s\src\hotspot\share\classfile\systemDictionary.cpp, line 230]
Event: 4.610 Thread 0x000001aa96f6d800 Exception <a 'java/lang/ClassNotFoundException'{0x0000000088c565f8}: org/springframework/beans/factory/AwareCustomizer> (0x0000000088c565f8) thrown at [s\src\hotspot\share\classfile\systemDictionary.cpp, line 230]
Event: 4.611 Thread 0x000001aa96f6d800 Exception <a 'java/lang/ClassNotFoundException'{0x0000000088c67d30}: org/springframework/context/ApplicationStartupAwareCustomizer> (0x0000000088c67d30) thrown at [s\src\hotspot\share\classfile\systemDictionary.cpp, line 230]
Event: 4.612 Thread 0x000001aa96f6d800 Exception <a 'java/lang/ClassNotFoundException'{0x0000000088c78890}: org/springframework/beans/factory/AwareCustomizer> (0x0000000088c78890) thrown at [s\src\hotspot\share\classfile\systemDictionary.cpp, line 230]
Event: 4.613 Thread 0x000001aa96f6d800 Exception <a 'java/lang/ClassNotFoundException'{0x0000000088c8a328}: org/springframework/beans/factory/BeanClassLoaderAwareCustomizer> (0x0000000088c8a328) thrown at [s\src\hotspot\share\classfile\systemDictionary.cpp, line 230]
Event: 4.614 Thread 0x000001aa96f6d800 Exception <a 'java/lang/ClassNotFoundException'{0x0000000088c9bac0}: org/springframework/beans/factory/AwareCustomizer> (0x0000000088c9bac0) thrown at [s\src\hotspot\share\classfile\systemDictionary.cpp, line 230]
Event: 4.615 Thread 0x000001aa96f6d800 Exception <a 'java/lang/ClassNotFoundException'{0x0000000088cac180}: org/springframework/context/EnvironmentAwareCustomizer> (0x0000000088cac180) thrown at [s\src\hotspot\share\classfile\systemDictionary.cpp, line 230]
Event: 4.616 Thread 0x000001aa96f6d800 Exception <a 'java/lang/ClassNotFoundException'{0x0000000088cbc9f8}: org/springframework/beans/factory/AwareCustomizer> (0x0000000088cbc9f8) thrown at [s\src\hotspot\share\classfile\systemDictionary.cpp, line 230]
Event: 4.957 Thread 0x000001aa972c3800 Exception <a 'java/lang/NoSuchMethodError'{0x0000000087dc0620}: 'java.lang.Object java.lang.invoke.DirectMethodHandle$Holder.invokeStaticInit(java.lang.Object, java.lang.Object, java.lang.Object, java.lang.Object, java.lang.Object)'> (0x0000000087dc0620) thrown at [s\src\hotspot\share\interpreter\linkResolver.cpp, line 773]
Event: 5.005 Thread 0x000001aa972c3800 Exception <a 'java/lang/NoSuchMethodError'{0x0000000087c2c860}: 'java.lang.Object java.lang.invoke.DirectMethodHandle$Holder.invokeSpecial(java.lang.Object, java.lang.Object, int, int, java.lang.Object, java.lang.Object, java.lang.Object)'> (0x0000000087c2c860) thrown at [s\src\hotspot\share\interpreter\linkResolver.cpp, line 773]
Event: 5.005 Thread 0x000001aa972c3800 Exception <a 'java/lang/NoSuchMethodError'{0x0000000087c2fdf0}: 'java.lang.Object java.lang.invoke.DelegatingMethodHandle$Holder.reinvoke_L(java.lang.Object, int, int, java.lang.Object, java.lang.Object, java.lang.Object)'> (0x0000000087c2fdf0) thrown at [s\src\hotspot\share\interpreter\linkResolver.cpp, line 773]
Event: 5.007 Thread 0x000001aa972c3800 Exception <a 'java/lang/NoSuchMethodError'{0x0000000087c33cd0}: 'java.lang.Object java.lang.invoke.DirectMethodHandle$Holder.invokeStatic(java.lang.Object, java.lang.Object, java.lang.Object, java.lang.Object, int)'> (0x0000000087c33cd0) thrown at [s\src\hotspot\share\interpreter\linkResolver.cpp, line 773]
Event: 5.712 Thread 0x000001aa972c3800 Exception <a 'java/lang/NoSuchMethodError'{0x000000008661dd48}: 'long java.lang.invoke.DirectMethodHandle$Holder.invokeSpecial(java.lang.Object, java.lang.Object)'> (0x000000008661dd48) thrown at [s\src\hotspot\share\interpreter\linkResolver.cpp, line 773]
Event: 5.716 Thread 0x000001aa972c3800 Exception <a 'java/lang/NoSuchMethodError'{0x0000000086628098}: 'long java.lang.invoke.DirectMethodHandle$Holder.invokeStatic(java.lang.Object, java.lang.Object)'> (0x0000000086628098) thrown at [s\src\hotspot\share\interpreter\linkResolver.cpp, line 773]
Event: 5.716 Thread 0x000001aa972c3800 Exception <a 'java/lang/NoSuchMethodError'{0x000000008662aec0}: 'long java.lang.invoke.DirectMethodHandle$Holder.invokeStaticInit(java.lang.Object, java.lang.Object)'> (0x000000008662aec0) thrown at [s\src\hotspot\share\interpreter\linkResolver.cpp, line 773]
Event: 5.718 Thread 0x000001aa972c3800 Exception <a 'java/lang/NoSuchMethodError'{0x0000000086637380}: 'long java.lang.invoke.DirectMethodHandle$Holder.invokeInterface(java.lang.Object, java.lang.Object)'> (0x0000000086637380) thrown at [s\src\hotspot\share\interpreter\linkResolver.cpp, line 773]
Event: 5.718 Thread 0x000001aa972c3800 Exception <a 'java/lang/IncompatibleClassChangeError'{0x000000008663a118}: Found class java.lang.Object, but interface was expected> (0x000000008663a118) thrown at [s\src\hotspot\share\interpreter\linkResolver.cpp, line 839]
Event: 5.753 Thread 0x000001aa972c3800 Exception <a 'java/lang/NoSuchMethodError'{0x00000000866dcde8}: 'java.lang.Object java.lang.invoke.DirectMethodHandle$Holder.invokeVirtual(java.lang.Object, java.lang.Object, java.lang.Object, java.lang.Object)'> (0x00000000866dcde8) thrown at [s\src\hotspot\share\interpreter\linkResolver.cpp, line 773]

Events (20 events):
Event: 5.812 loading class io/swagger/annotations/Extension done
Event: 5.812 loading class io/swagger/annotations/ResponseHeader
Event: 5.812 loading class io/swagger/annotations/ResponseHeader done
Event: 5.813 loading class io/swagger/annotations/ExtensionProperty
Event: 5.813 loading class io/swagger/annotations/ExtensionProperty done
Event: 5.817 loading class org/springframework/web/bind/annotation/PostMapping
Event: 5.817 loading class org/springframework/web/bind/annotation/PostMapping done
Event: 5.862 loading class org/springframework/web/bind/annotation/RestControllerAdvice
Event: 5.862 loading class org/springframework/web/bind/annotation/RestControllerAdvice done
Event: 5.864 loading class org/springframework/web/bind/annotation/ControllerAdvice
Event: 5.864 loading class org/springframework/web/bind/annotation/ControllerAdvice done
Event: 5.879 loading class org/springframework/web/bind/annotation/ExceptionHandler
Event: 5.879 loading class org/springframework/web/bind/annotation/ExceptionHandler done
Event: 5.929 Thread 0x000001aa961e4800 Thread exited: 0x000001aa961e4800
Event: 5.931 loading class org/springframework/web/bind/annotation/PutMapping
Event: 5.931 loading class org/springframework/web/bind/annotation/PutMapping done
Event: 5.933 loading class org/springframework/web/bind/annotation/DeleteMapping
Event: 5.933 loading class org/springframework/web/bind/annotation/DeleteMapping done
Event: 8.261 loading class org/apache/ibatis/annotations/Mapper
Event: 8.261 loading class org/apache/ibatis/annotations/Mapper done


Dynamic libraries:
0x00007ff680f10000 - 0x00007ff680f1e000 	C:\Users\USER\.jdks\corretto-11.0.24\bin\java.exe
0x00007ffceb5d0000 - 0x00007ffceb7e7000 	C:\WINDOWS\SYSTEM32\ntdll.dll
0x00007ffcea800000 - 0x00007ffcea8c4000 	C:\WINDOWS\System32\KERNEL32.DLL
0x00007ffce8d50000 - 0x00007ffce9107000 	C:\WINDOWS\System32\KERNELBASE.dll
0x00007ffce91b0000 - 0x00007ffce92c1000 	C:\WINDOWS\System32\ucrtbase.dll
0x00007ffce3210000 - 0x00007ffce3227000 	C:\Users\USER\.jdks\corretto-11.0.24\bin\jli.dll
0x00007ffce9b70000 - 0x00007ffce9d1f000 	C:\WINDOWS\System32\USER32.dll
0x00007ffce80e0000 - 0x00007ffce80fb000 	C:\Users\USER\.jdks\corretto-11.0.24\bin\VCRUNTIME140.dll
0x00007ffce92d0000 - 0x00007ffce92f6000 	C:\WINDOWS\System32\win32u.dll
0x00007ffce9da0000 - 0x00007ffce9dc9000 	C:\WINDOWS\System32\GDI32.dll
0x00007ffce8b40000 - 0x00007ffce8c58000 	C:\WINDOWS\System32\gdi32full.dll
0x00007ffce9110000 - 0x00007ffce91aa000 	C:\WINDOWS\System32\msvcp_win.dll
0x00007ffce7ad0000 - 0x00007ffce7d63000 	C:\WINDOWS\WinSxS\amd64_microsoft.windows.common-controls_6595b64144ccf1df_6.0.22621.3672_none_2713b9d173822955\COMCTL32.dll
0x00007ffcea8d0000 - 0x00007ffcea977000 	C:\WINDOWS\System32\msvcrt.dll
0x00007ffceb330000 - 0x00007ffceb361000 	C:\WINDOWS\System32\IMM32.DLL
0x00007ffce48e0000 - 0x00007ffce48ec000 	C:\Users\USER\.jdks\corretto-11.0.24\bin\vcruntime140_1.dll
0x00007ffcc0640000 - 0x00007ffcc06cd000 	C:\Users\USER\.jdks\corretto-11.0.24\bin\msvcp140.dll
0x00007ffc7af30000 - 0x00007ffc7baf5000 	C:\Users\USER\.jdks\corretto-11.0.24\bin\server\jvm.dll
0x00007ffceac80000 - 0x00007ffcead32000 	C:\WINDOWS\System32\ADVAPI32.dll
0x00007ffcea980000 - 0x00007ffceaa28000 	C:\WINDOWS\System32\sechost.dll
0x00007ffce88e0000 - 0x00007ffce8908000 	C:\WINDOWS\System32\bcrypt.dll
0x00007ffceaec0000 - 0x00007ffceafd4000 	C:\WINDOWS\System32\RPCRT4.dll
0x00007ffceaa30000 - 0x00007ffceaa38000 	C:\WINDOWS\System32\PSAPI.DLL
0x00007ffce3230000 - 0x00007ffce3239000 	C:\WINDOWS\SYSTEM32\WSOCK32.dll
0x00007ffce9d20000 - 0x00007ffce9d91000 	C:\WINDOWS\System32\WS2_32.dll
0x00007ffce1000000 - 0x00007ffce1034000 	C:\WINDOWS\SYSTEM32\WINMM.dll
0x00007ffcdf1f0000 - 0x00007ffcdf1fa000 	C:\WINDOWS\SYSTEM32\VERSION.dll
0x00007ffce7090000 - 0x00007ffce70a8000 	C:\WINDOWS\SYSTEM32\kernel.appcore.dll
0x00007ffce3240000 - 0x00007ffce3250000 	C:\Users\USER\.jdks\corretto-11.0.24\bin\verify.dll
0x00007ffce8150000 - 0x00007ffce8382000 	C:\WINDOWS\SYSTEM32\DBGHELP.DLL
0x00007ffce9dd0000 - 0x00007ffcea15e000 	C:\WINDOWS\System32\combase.dll
0x00007ffcea170000 - 0x00007ffcea247000 	C:\WINDOWS\System32\OLEAUT32.dll
0x00007ffce8040000 - 0x00007ffce8072000 	C:\WINDOWS\SYSTEM32\dbgcore.DLL
0x00007ffce8c60000 - 0x00007ffce8cdb000 	C:\WINDOWS\System32\bcryptPrimitives.dll
0x00007ffcd0bf0000 - 0x00007ffcd0c18000 	C:\Users\USER\.jdks\corretto-11.0.24\bin\java.dll
0x00007ffce1a70000 - 0x00007ffce1a7a000 	C:\Users\USER\.jdks\corretto-11.0.24\bin\jimage.dll
0x00007ffce1a60000 - 0x00007ffce1a6e000 	C:\Users\USER\.jdks\corretto-11.0.24\bin\instrument.dll
0x00007ffcd0640000 - 0x00007ffcd0658000 	C:\Users\USER\.jdks\corretto-11.0.24\bin\zip.dll
0x00007ffce9300000 - 0x00007ffce9b69000 	C:\WINDOWS\System32\SHELL32.dll
0x00007ffce5e10000 - 0x00007ffce670f000 	C:\WINDOWS\SYSTEM32\windows.storage.dll
0x00007ffce5cb0000 - 0x00007ffce5def000 	C:\WINDOWS\SYSTEM32\wintypes.dll
0x00007ffceb1a0000 - 0x00007ffceb299000 	C:\WINDOWS\System32\SHCORE.dll
0x00007ffceaab0000 - 0x00007ffceab0e000 	C:\WINDOWS\System32\shlwapi.dll
0x00007ffce8810000 - 0x00007ffce8837000 	C:\WINDOWS\SYSTEM32\profapi.dll
0x00007ffcd0100000 - 0x00007ffcd0119000 	C:\Users\USER\.jdks\corretto-11.0.24\bin\net.dll
0x00007ffce15d0000 - 0x00007ffce1706000 	C:\WINDOWS\SYSTEM32\WINHTTP.dll
0x00007ffce7670000 - 0x00007ffce76d9000 	C:\WINDOWS\system32\mswsock.dll
0x00007ffcd00e0000 - 0x00007ffcd00f2000 	C:\Users\USER\.jdks\corretto-11.0.24\bin\nio.dll
0x00007ffcd00c0000 - 0x00007ffcd00da000 	C:\Program Files\JetBrains\IntelliJ IDEA Community Edition 2024.1.3\bin\breakgen64.dll
0x00007ffcdd2f0000 - 0x00007ffcdd2f9000 	C:\Users\USER\.jdks\corretto-11.0.24\bin\management.dll
0x00007ffcd26d0000 - 0x00007ffcd26db000 	C:\Users\USER\.jdks\corretto-11.0.24\bin\management_ext.dll
0x00007ffcc7020000 - 0x00007ffcc7037000 	C:\WINDOWS\system32\napinsp.dll
0x00007ffcc8fc0000 - 0x00007ffcc8fdb000 	C:\WINDOWS\system32\pnrpnsp.dll
0x00007ffce6bd0000 - 0x00007ffce6cd2000 	C:\WINDOWS\SYSTEM32\DNSAPI.dll
0x00007ffce6b50000 - 0x00007ffce6b7d000 	C:\WINDOWS\SYSTEM32\IPHLPAPI.DLL
0x00007ffceab10000 - 0x00007ffceab19000 	C:\WINDOWS\System32\NSI.dll
0x00007ffcc8fa0000 - 0x00007ffcc8fb1000 	C:\WINDOWS\System32\winrnr.dll
0x00007ffcc8f80000 - 0x00007ffcc8f95000 	C:\WINDOWS\system32\wshbth.dll
0x00007ffcc6e40000 - 0x00007ffcc6e67000 	C:\WINDOWS\system32\nlansp_c.dll
0x00007ffcdcfc0000 - 0x00007ffcdcfca000 	C:\Windows\System32\rasadhlp.dll
0x00007ffcdfd30000 - 0x00007ffcdfdb3000 	C:\WINDOWS\System32\fwpuclnt.dll

dbghelp: loaded successfully - version: 4.0.5 - missing functions: none
symbol engine: initialized successfully - sym options: 0x614 - pdb path: .;C:\Users\USER\.jdks\corretto-11.0.24\bin;C:\WINDOWS\SYSTEM32;C:\WINDOWS\WinSxS\amd64_microsoft.windows.common-controls_6595b64144ccf1df_6.0.22621.3672_none_2713b9d173822955;C:\Users\USER\.jdks\corretto-11.0.24\bin\server;C:\Program Files\JetBrains\IntelliJ IDEA Community Edition 2024.1.3\bin

VM Arguments:
jvm_args: -javaagent:C:\Program Files\JetBrains\IntelliJ IDEA Community Edition 2024.1.3\lib\idea_rt.jar=62497:C:\Program Files\JetBrains\IntelliJ IDEA Community Edition 2024.1.3\bin -Dfile.encoding=UTF-8 
java_command: LacunaMatata.Lacuna.LacunaApplication
java_class_path (initial): C:\sqf\project\Lacuna\Lacuna_back\target\classes;C:\Users\USER\.m2\repository\org\springframework\boot\spring-boot-starter-oauth2-client\2.6.6\spring-boot-starter-oauth2-client-2.6.6.jar;C:\Users\USER\.m2\repository\org\springframework\boot\spring-boot-starter\2.6.6\spring-boot-starter-2.6.6.jar;C:\Users\USER\.m2\repository\org\springframework\boot\spring-boot-starter-logging\2.6.6\spring-boot-starter-logging-2.6.6.jar;C:\Users\USER\.m2\repository\ch\qos\logback\logback-classic\1.2.11\logback-classic-1.2.11.jar;C:\Users\USER\.m2\repository\ch\qos\logback\logback-core\1.2.11\logback-core-1.2.11.jar;C:\Users\USER\.m2\repository\org\apache\logging\log4j\log4j-to-slf4j\2.17.2\log4j-to-slf4j-2.17.2.jar;C:\Users\USER\.m2\repository\org\apache\logging\log4j\log4j-api\2.17.2\log4j-api-2.17.2.jar;C:\Users\USER\.m2\repository\org\slf4j\jul-to-slf4j\1.7.36\jul-to-slf4j-1.7.36.jar;C:\Users\USER\.m2\repository\jakarta\annotation\jakarta.annotation-api\1.3.5\jakarta.annotation-api-1.3.5.jar;C:\Users\USER\.m2\repository\org\yaml\snakeyaml\1.29\snakeyaml-1.29.jar;C:\Users\USER\.m2\repository\org\springframework\security\spring-security-config\5.6.2\spring-security-config-5.6.2.jar;C:\Users\USER\.m2\repository\org\springframework\spring-beans\5.3.18\spring-beans-5.3.18.jar;C:\Users\USER\.m2\repository\org\springframework\spring-context\5.3.18\spring-context-5.3.18.jar;C:\Users\USER\.m2\repository\org\springframework\security\spring-security-core\5.6.2\spring-security-core-5.6.2.jar;C:\Users\USER\.m2\repository\org\springframework\security\spring-security-crypto\5.6.2\spring-security-crypto-5.6.2.jar;C:\Users\USER\.m2\repository\org\springframework\spring-expression\5.3.18\spring-expression-5.3.18.jar;C:\Users\USER\.m2\repository\org\springframework\security\spring-security-oauth2-client\5.6.2\spring-security-oauth2-client-5.6.2.jar;C:\Users\USER\.m2\repository\org\springframework\security\spring-security-oauth2-core\5.6.2\spring-security-oauth2-core-5.6.
Launcher Type: SUN_STANDARD

[Global flags]
     intx CICompilerCount                          = 3                                         {product} {ergonomic}
     uint ConcGCThreads                            = 1                                         {product} {ergonomic}
     uint G1ConcRefinementThreads                  = 4                                         {product} {ergonomic}
   size_t G1HeapRegionSize                         = 1048576                                   {product} {ergonomic}
    uintx GCDrainStackTargetSize                   = 64                                        {product} {ergonomic}
   size_t InitialHeapSize                          = 134217728                                 {product} {ergonomic}
   size_t MarkStackSize                            = 4194304                                   {product} {ergonomic}
   size_t MaxHeapSize                              = 2120220672                                {product} {ergonomic}
   size_t MaxNewSize                               = 1271922688                                {product} {ergonomic}
   size_t MinHeapDeltaBytes                        = 1048576                                   {product} {ergonomic}
    uintx NonNMethodCodeHeapSize                   = 5830732                                {pd product} {ergonomic}
    uintx NonProfiledCodeHeapSize                  = 122913754                              {pd product} {ergonomic}
    uintx ProfiledCodeHeapSize                     = 122913754                              {pd product} {ergonomic}
    uintx ReservedCodeCacheSize                    = 251658240                              {pd product} {ergonomic}
     bool SegmentedCodeCache                       = true                                      {product} {ergonomic}
     bool UseCompressedClassPointers               = true                                 {lp64_product} {ergonomic}
     bool UseCompressedOops                        = true                                 {lp64_product} {ergonomic}
     bool UseG1GC                                  = true                                      {product} {ergonomic}
     bool UseLargePagesIndividualAllocation        = false                                  {pd product} {ergonomic}

Logging:
Log output configuration:
 #0: stdout all=warning uptime,level,tags
 #1: stderr all=off uptime,level,tags

Environment Variables:
JAVA_HOME=C:/Users/USER/corretto/jdk11.0.9_11
PATH=C:\Program Files\Common Files\Oracle\Java\javapath;C:\Program Files\Java\jdk-21\bin;C:\Program Files (x86)\NAT Service;C:\WINDOWS\system32;C:\WINDOWS;C:\WINDOWS\System32\Wbem;C:\WINDOWS\System32\WindowsPowerShell\v1.0\;C:\WINDOWS\System32\OpenSSH\;C:\Program Files (x86)\Intel\Intel(R) Management Engine Components\DAL;C:\Program Files\Intel\Intel(R) Management Engine Components\DAL;C:\Program Files\Bandizip\;C:\Program Files\Java\jdk-21\bin;C:\Program Files\Git\cmd;C:\Program Files\nodejs\;C:\ProgramData\chocolatey\bin;C:\Program Files\MySQL\MySQL Shell 8.0\bin\;C:/Users/USER/corretto/jdk11.0.9_11\bin;C:\Program Files (x86)\NAT Service;C:\WINDOWS\system32;C:\WINDOWS;C:\WINDOWS\System32\Wbem;C:\WINDOWS\System32\WindowsPowerShell\v1.0\;C:\WINDOWS\System32\OpenSSH\;C:\Program Files (x86)\Intel\Intel(R) Management Engine Components\DAL;C:\Program Files\Intel\Intel(R) Management Engine Components\DAL;C:\Users\USER\AppData\Local\Microsoft\WindowsApps;C:\Users\USER\AppData\Local\Microsoft\WindowsApps;C:\Users\USER\anaconda3\Graphviz\bin;C:\Users\USER\AppData\Local\afreeca;C:\Users\USER\AppData\Local\Programs\Microsoft VS Code\bin;C:\Users\USER\AppData\Roaming\npm;C:\Users\USER\AppData\Local\SOOP
USERNAME=USER
OS=Windows_NT
PROCESSOR_IDENTIFIER=Intel64 Family 6 Model 142 Stepping 11, GenuineIntel
TMP=C:\Users\USER\AppData\Local\Temp
TEMP=C:\Users\USER\AppData\Local\Temp



---------------  S Y S T E M  ---------------

OS: Windows 11 , 64 bit Build 22621 (10.0.22621.3958)
OS uptime: 7 days 5:05 hours

CPU:total 4 (initial active 4) (2 cores per cpu, 2 threads per core) family 6 model 142 stepping 11 microcode 0xde, cmov, cx8, fxsr, mmx, sse, sse2, sse3, ssse3, sse4.1, sse4.2, popcnt, avx, avx2, aes, clmul, erms, 3dnowpref, lzcnt, ht, tsc, tscinvbit, bmi1, bmi2, adx, fma

Memory: 4k page, system-wide physical 8085M (871M free)
TotalPageFile size 16277M (AvailPageFile size 4M)
current process WorkingSet (physical memory assigned to process): 152M, peak: 165M
current process commit charge ("private bytes"): 249M, peak: 262M

vm_info: OpenJDK 64-Bit Server VM (11.0.24+8-LTS) for windows-amd64 JRE (11.0.24+8-LTS), built on Jul  9 2024 22:03:43 by "Administrator" with MS VC++ 16.10 / 16.11 (VS2019)

END.
