#
# There is insufficient memory for the Java Runtime Environment to continue.
# Native memory allocation (malloc) failed to allocate 2064016 bytes for Chunk::new
# Possible reasons:
#   The system is out of physical RAM or swap space
#   The process is running with CompressedOops enabled, and the Java Heap may be blocking the growth of the native heap
# Possible solutions:
#   Reduce memory load on the system
#   Increase physical memory or swap space
#   Check if swap backing store is full
#   Decrease Java heap size (-Xmx/-Xms)
#   Decrease number of Java threads
#   Decrease Java thread stack sizes (-Xss)
#   Set larger code cache with -XX:ReservedCodeCacheSize=
#   JVM is running with Unscaled Compressed Oops mode in which the Java heap is
#     placed in the first 4GB address space. The Java Heap base address is the
#     maximum limit for the native heap growth. Please use -XX:HeapBaseMinAddress
#     to set the Java Heap base and to place the Java Heap above 4GB virtual address.
# This output file may be truncated or incomplete.
#
#  Out of Memory Error (arena.cpp:197), pid=10496, tid=11368
#
# JRE version: OpenJDK Runtime Environment Corretto-11.0.24.8.1 (11.0.24+8) (build 11.0.24+8-LTS)
# Java VM: OpenJDK 64-Bit Server VM Corretto-11.0.24.8.1 (11.0.24+8-LTS, mixed mode, tiered, compressed oops, g1 gc, windows-amd64)
# No core dump will be written. Minidumps are not enabled by default on client versions of Windows
#

---------------  S U M M A R Y ------------

Command Line: -javaagent:C:\Program Files\JetBrains\IntelliJ IDEA Community Edition 2024.1.3\lib\idea_rt.jar=63083:C:\Program Files\JetBrains\IntelliJ IDEA Community Edition 2024.1.3\bin -Dfile.encoding=UTF-8 LacunaMatata.Lacuna.LacunaApplication

Host: Intel(R) Core(TM) i3-8145U CPU @ 2.10GHz, 4 cores, 7G,  Windows 11 , 64 bit Build 22621 (10.0.22621.3958)
Time: Sat Nov  9 22:05:47 2024  Windows 11 , 64 bit Build 22621 (10.0.22621.3958) elapsed time: 13.554277 seconds (0d 0h 0m 13s)

---------------  T H R E A D  ---------------

Current thread (0x00000269868e8000):  JavaThread "C2 CompilerThread1" daemon [_thread_in_native, id=11368, stack(0x0000009825900000,0x0000009825a00000)]


Current CompileTask:
C2:  13561 4620       4       org.springframework.beans.factory.support.AbstractBeanFactory::isTypeMatch (607 bytes)

Stack: [0x0000009825900000,0x0000009825a00000]
Native frames: (J=compiled Java code, j=interpreted, Vv=VM code, C=native code)
V  [jvm.dll+0x6461fa]
V  [jvm.dll+0x7da769]
V  [jvm.dll+0x7dbe69]
V  [jvm.dll+0x7dc553]
V  [jvm.dll+0x269b55]
V  [jvm.dll+0xc215c]
V  [jvm.dll+0xc270c]
V  [jvm.dll+0x37a007]
V  [jvm.dll+0x344d45]
V  [jvm.dll+0x34411a]
V  [jvm.dll+0x221c2f]
V  [jvm.dll+0x220c38]
V  [jvm.dll+0x19e9e1]
V  [jvm.dll+0x230ae9]
V  [jvm.dll+0x22ec5f]
V  [jvm.dll+0x79b991]
V  [jvm.dll+0x794664]
V  [jvm.dll+0x644fb5]
C  [ucrtbase.dll+0x29333]
C  [KERNEL32.DLL+0x1257d]
C  [ntdll.dll+0x5af08]


---------------  P R O C E S S  ---------------

Threads class SMR info:
_java_thread_list=0x000002698768b550, length=15, elements={
0x00000269e3b59800, 0x0000026982400000, 0x0000026982409000, 0x000002698241e800,
0x0000026982c77800, 0x0000026982c78800, 0x0000026982c7c000, 0x0000026982c7d000,
0x0000026982c87000, 0x0000026982395000, 0x0000026983191000, 0x0000026983c8e800,
0x0000026983c8f000, 0x00000269868e8000, 0x00000269892c0000
}

Java Threads: ( => current thread )
  0x00000269e3b59800 JavaThread "main" [_thread_blocked, id=12784, stack(0x0000009824000000,0x0000009824100000)]
  0x0000026982400000 JavaThread "Reference Handler" daemon [_thread_blocked, id=19432, stack(0x0000009824700000,0x0000009824800000)]
  0x0000026982409000 JavaThread "Finalizer" daemon [_thread_blocked, id=25284, stack(0x0000009824800000,0x0000009824900000)]
  0x000002698241e800 JavaThread "Signal Dispatcher" daemon [_thread_blocked, id=19612, stack(0x0000009824a00000,0x0000009824b00000)]
  0x0000026982c77800 JavaThread "Attach Listener" daemon [_thread_blocked, id=23808, stack(0x0000009824b00000,0x0000009824c00000)]
  0x0000026982c78800 JavaThread "Service Thread" daemon [_thread_blocked, id=16976, stack(0x0000009824c00000,0x0000009824d00000)]
  0x0000026982c7c000 JavaThread "C2 CompilerThread0" daemon [_thread_in_native, id=6884, stack(0x0000009824d00000,0x0000009824e00000)]
  0x0000026982c7d000 JavaThread "C1 CompilerThread0" daemon [_thread_in_native, id=17004, stack(0x0000009824e00000,0x0000009824f00000)]
  0x0000026982c87000 JavaThread "Sweeper thread" daemon [_thread_blocked, id=8312, stack(0x0000009824f00000,0x0000009825000000)]
  0x0000026982395000 JavaThread "Common-Cleaner" daemon [_thread_blocked, id=23136, stack(0x0000009825000000,0x0000009825100000)]
  0x0000026983191000 JavaThread "Monitor Ctrl-Break" daemon [_thread_in_native, id=24540, stack(0x0000009825100000,0x0000009825200000)]
  0x0000026983c8e800 JavaThread "Thread-0" [_thread_blocked, id=20852, stack(0x0000009825700000,0x0000009825800000)]
  0x0000026983c8f000 JavaThread "restartedMain" [_thread_in_native, id=21756, stack(0x0000009825800000,0x0000009825900000)]
=>0x00000269868e8000 JavaThread "C2 CompilerThread1" daemon [_thread_in_native, id=11368, stack(0x0000009825900000,0x0000009825a00000)]
  0x00000269892c0000 JavaThread "mysql-cj-abandoned-connection-cleanup" daemon [_thread_blocked, id=18036, stack(0x0000009825a00000,0x0000009825b00000)]

Other Threads:
  0x00000269823da800 VMThread "VM Thread" [stack: 0x0000009824600000,0x0000009824700000] [id=24896]
  0x00000269831a5000 WatcherThread [stack: 0x0000009825200000,0x0000009825300000] [id=19120]
  0x00000269e3b74000 GCTaskThread "GC Thread#0" [stack: 0x0000009824100000,0x0000009824200000] [id=22952]
  0x0000026983754000 GCTaskThread "GC Thread#1" [stack: 0x0000009825300000,0x0000009825400000] [id=24020]
  0x0000026983754800 GCTaskThread "GC Thread#2" [stack: 0x0000009825500000,0x0000009825600000] [id=6852]
  0x0000026983e21800 GCTaskThread "GC Thread#3" [stack: 0x0000009825400000,0x0000009825500000] [id=21412]
  0x00000269e1a9e000 ConcurrentGCThread "G1 Main Marker" [stack: 0x0000009824200000,0x0000009824300000] [id=1888]
  0x00000269e3ba0000 ConcurrentGCThread "G1 Conc#0" [stack: 0x0000009824300000,0x0000009824400000] [id=20184]
  0x0000026982244800 ConcurrentGCThread "G1 Refine#0" [stack: 0x0000009824400000,0x0000009824500000] [id=16940]
  0x000002698323f000 ConcurrentGCThread "G1 Refine#1" [stack: 0x0000009825600000,0x0000009825700000] [id=22924]
  0x0000026982245800 ConcurrentGCThread "G1 Young RemSet Sampling" [stack: 0x0000009824500000,0x0000009824600000] [id=4696]

Threads with active compile tasks:
C2 CompilerThread0    13635 4629       4       org.springframework.core.annotation.TypeMappedAnnotations$MergedAnnotationFinder::doWithAnnotations (75 bytes)
C2 CompilerThread1    13635 4620       4       org.springframework.beans.factory.support.AbstractBeanFactory::isTypeMatch (607 bytes)

VM state:not at safepoint (normal execution)

VM Mutex/Monitor currently owned by a thread: None

Heap address: 0x0000000081a00000, size: 2022 MB, Compressed Oops mode: 32-bit
Narrow klass base: 0x0000000000000000, Narrow klass shift: 3
Compressed class space size: 1073741824 Address: 0x0000000100000000

Heap:
 garbage-first heap   total 164864K, used 26154K [0x0000000081a00000, 0x0000000100000000)
  region size 1024K, 17 young (17408K), 9 survivors (9216K)
 Metaspace       used 44425K, capacity 45577K, committed 45872K, reserved 1089536K
  class space    used 5239K, capacity 5681K, committed 5760K, reserved 1048576K
Heap Regions: E=young(eden), S=young(survivor), O=old, HS=humongous(starts), HC=humongous(continues), CS=collection set, F=free, A=archive, TAMS=top-at-mark-start (previous, next)
|   0|0x0000000081a00000, 0x0000000081b00000, 0x0000000081b00000|100%| O|  |TAMS 0x0000000081b00000, 0x0000000081a00000| Untracked 
|   1|0x0000000081b00000, 0x0000000081c00000, 0x0000000081c00000|100%| O|  |TAMS 0x0000000081c00000, 0x0000000081b00000| Untracked 
|   2|0x0000000081c00000, 0x0000000081d00000, 0x0000000081d00000|100%| O|  |TAMS 0x0000000081d00000, 0x0000000081c00000| Untracked 
|   3|0x0000000081d00000, 0x0000000081e00000, 0x0000000081e00000|100%| O|  |TAMS 0x0000000081e00000, 0x0000000081d00000| Untracked 
|   4|0x0000000081e00000, 0x0000000081f00000, 0x0000000081f00000|100%| O|  |TAMS 0x0000000081f00000, 0x0000000081e00000| Untracked 
|   5|0x0000000081f00000, 0x0000000082000000, 0x0000000082000000|100%| O|  |TAMS 0x0000000082000000, 0x0000000081f00000| Untracked 
|   6|0x0000000082000000, 0x0000000082100000, 0x0000000082100000|100%| O|  |TAMS 0x0000000082100000, 0x0000000082000000| Untracked 
|   7|0x0000000082100000, 0x0000000082200000, 0x0000000082200000|100%| O|  |TAMS 0x0000000082200000, 0x0000000082100000| Untracked 
|   8|0x0000000082200000, 0x0000000082300000, 0x0000000082300000|100%| O|  |TAMS 0x000000008221e600, 0x0000000082200000| Untracked 
|   9|0x0000000082300000, 0x0000000082400000, 0x0000000082400000|100%| O|  |TAMS 0x0000000082300000, 0x0000000082300000| Untracked 
|  10|0x0000000082400000, 0x000000008243ec00, 0x0000000082500000| 24%| O|  |TAMS 0x0000000082400000, 0x0000000082400000| Untracked 
|  11|0x0000000082500000, 0x0000000082500000, 0x0000000082600000|  0%| F|  |TAMS 0x0000000082500000, 0x0000000082500000| Untracked 
|  12|0x0000000082600000, 0x0000000082600000, 0x0000000082700000|  0%| F|  |TAMS 0x0000000082600000, 0x0000000082600000| Untracked 
|  13|0x0000000082700000, 0x0000000082700000, 0x0000000082800000|  0%| F|  |TAMS 0x0000000082700000, 0x0000000082700000| Untracked 
|  14|0x0000000082800000, 0x0000000082800000, 0x0000000082900000|  0%| F|  |TAMS 0x0000000082800000, 0x0000000082800000| Untracked 
|  15|0x0000000082900000, 0x0000000082900000, 0x0000000082a00000|  0%| F|  |TAMS 0x0000000082900000, 0x0000000082900000| Untracked 
|  16|0x0000000082a00000, 0x0000000082a00000, 0x0000000082b00000|  0%| F|  |TAMS 0x0000000082a00000, 0x0000000082a00000| Untracked 
|  17|0x0000000082b00000, 0x0000000082b00000, 0x0000000082c00000|  0%| F|  |TAMS 0x0000000082b00000, 0x0000000082b00000| Untracked 
|  18|0x0000000082c00000, 0x0000000082c00000, 0x0000000082d00000|  0%| F|  |TAMS 0x0000000082c00000, 0x0000000082c00000| Untracked 
|  19|0x0000000082d00000, 0x0000000082d00000, 0x0000000082e00000|  0%| F|  |TAMS 0x0000000082d00000, 0x0000000082d00000| Untracked 
|  20|0x0000000082e00000, 0x0000000082e00000, 0x0000000082f00000|  0%| F|  |TAMS 0x0000000082e00000, 0x0000000082e00000| Untracked 
|  21|0x0000000082f00000, 0x0000000082f00000, 0x0000000083000000|  0%| F|  |TAMS 0x0000000082f00000, 0x0000000082f00000| Untracked 
|  22|0x0000000083000000, 0x0000000083000000, 0x0000000083100000|  0%| F|  |TAMS 0x0000000083000000, 0x0000000083000000| Untracked 
|  23|0x0000000083100000, 0x0000000083100000, 0x0000000083200000|  0%| F|  |TAMS 0x0000000083100000, 0x0000000083100000| Untracked 
|  24|0x0000000083200000, 0x0000000083200000, 0x0000000083300000|  0%| F|  |TAMS 0x0000000083200000, 0x0000000083200000| Untracked 
|  25|0x0000000083300000, 0x0000000083300000, 0x0000000083400000|  0%| F|  |TAMS 0x0000000083300000, 0x0000000083300000| Untracked 
|  26|0x0000000083400000, 0x0000000083400000, 0x0000000083500000|  0%| F|  |TAMS 0x0000000083400000, 0x0000000083400000| Untracked 
|  27|0x0000000083500000, 0x0000000083500000, 0x0000000083600000|  0%| F|  |TAMS 0x0000000083500000, 0x0000000083500000| Untracked 
|  28|0x0000000083600000, 0x0000000083600000, 0x0000000083700000|  0%| F|  |TAMS 0x0000000083600000, 0x0000000083600000| Untracked 
|  29|0x0000000083700000, 0x0000000083700000, 0x0000000083800000|  0%| F|  |TAMS 0x0000000083700000, 0x0000000083700000| Untracked 
|  30|0x0000000083800000, 0x0000000083800000, 0x0000000083900000|  0%| F|  |TAMS 0x0000000083800000, 0x0000000083800000| Untracked 
|  31|0x0000000083900000, 0x0000000083900000, 0x0000000083a00000|  0%| F|  |TAMS 0x0000000083900000, 0x0000000083900000| Untracked 
|  32|0x0000000083a00000, 0x0000000083a00000, 0x0000000083b00000|  0%| F|  |TAMS 0x0000000083a00000, 0x0000000083a00000| Untracked 
|  33|0x0000000083b00000, 0x0000000083b00000, 0x0000000083c00000|  0%| F|  |TAMS 0x0000000083b00000, 0x0000000083b00000| Untracked 
|  34|0x0000000083c00000, 0x0000000083c00000, 0x0000000083d00000|  0%| F|  |TAMS 0x0000000083c00000, 0x0000000083c00000| Untracked 
|  35|0x0000000083d00000, 0x0000000083d00000, 0x0000000083e00000|  0%| F|  |TAMS 0x0000000083d00000, 0x0000000083d00000| Untracked 
|  36|0x0000000083e00000, 0x0000000083e00000, 0x0000000083f00000|  0%| F|  |TAMS 0x0000000083e00000, 0x0000000083e00000| Untracked 
|  37|0x0000000083f00000, 0x0000000083f00000, 0x0000000084000000|  0%| F|  |TAMS 0x0000000083f00000, 0x0000000083f00000| Untracked 
|  38|0x0000000084000000, 0x0000000084000000, 0x0000000084100000|  0%| F|  |TAMS 0x0000000084000000, 0x0000000084000000| Untracked 
|  39|0x0000000084100000, 0x0000000084100000, 0x0000000084200000|  0%| F|  |TAMS 0x0000000084100000, 0x0000000084100000| Untracked 
|  40|0x0000000084200000, 0x0000000084200000, 0x0000000084300000|  0%| F|  |TAMS 0x0000000084200000, 0x0000000084200000| Untracked 
|  41|0x0000000084300000, 0x0000000084300000, 0x0000000084400000|  0%| F|  |TAMS 0x0000000084300000, 0x0000000084300000| Untracked 
|  42|0x0000000084400000, 0x0000000084400000, 0x0000000084500000|  0%| F|  |TAMS 0x0000000084400000, 0x0000000084400000| Untracked 
|  43|0x0000000084500000, 0x000000008454be10, 0x0000000084600000| 29%| S|CS|TAMS 0x0000000084500000, 0x0000000084500000| Complete 
|  44|0x0000000084600000, 0x0000000084700000, 0x0000000084700000|100%| S|CS|TAMS 0x0000000084600000, 0x0000000084600000| Complete 
|  45|0x0000000084700000, 0x0000000084800000, 0x0000000084800000|100%| S|CS|TAMS 0x0000000084700000, 0x0000000084700000| Complete 
|  46|0x0000000084800000, 0x0000000084900000, 0x0000000084900000|100%| S|CS|TAMS 0x0000000084800000, 0x0000000084800000| Complete 
|  47|0x0000000084900000, 0x0000000084a00000, 0x0000000084a00000|100%| S|CS|TAMS 0x0000000084900000, 0x0000000084900000| Complete 
|  48|0x0000000084a00000, 0x0000000084b00000, 0x0000000084b00000|100%| S|CS|TAMS 0x0000000084a00000, 0x0000000084a00000| Complete 
|  49|0x0000000084b00000, 0x0000000084c00000, 0x0000000084c00000|100%| S|CS|TAMS 0x0000000084b00000, 0x0000000084b00000| Complete 
|  50|0x0000000084c00000, 0x0000000084d00000, 0x0000000084d00000|100%| S|CS|TAMS 0x0000000084c00000, 0x0000000084c00000| Complete 
|  51|0x0000000084d00000, 0x0000000084e00000, 0x0000000084e00000|100%| S|CS|TAMS 0x0000000084d00000, 0x0000000084d00000| Complete 
|  52|0x0000000084e00000, 0x0000000084e00000, 0x0000000084f00000|  0%| F|  |TAMS 0x0000000084e00000, 0x0000000084e00000| Untracked 
|  53|0x0000000084f00000, 0x0000000084f00000, 0x0000000085000000|  0%| F|  |TAMS 0x0000000084f00000, 0x0000000084f00000| Untracked 
|  54|0x0000000085000000, 0x0000000085000000, 0x0000000085100000|  0%| F|  |TAMS 0x0000000085000000, 0x0000000085000000| Untracked 
|  55|0x0000000085100000, 0x0000000085100000, 0x0000000085200000|  0%| F|  |TAMS 0x0000000085100000, 0x0000000085100000| Untracked 
|  56|0x0000000085200000, 0x0000000085200000, 0x0000000085300000|  0%| F|  |TAMS 0x0000000085200000, 0x0000000085200000| Untracked 
|  57|0x0000000085300000, 0x0000000085300000, 0x0000000085400000|  0%| F|  |TAMS 0x0000000085300000, 0x0000000085300000| Untracked 
|  58|0x0000000085400000, 0x0000000085400000, 0x0000000085500000|  0%| F|  |TAMS 0x0000000085400000, 0x0000000085400000| Untracked 
|  59|0x0000000085500000, 0x0000000085500000, 0x0000000085600000|  0%| F|  |TAMS 0x0000000085500000, 0x0000000085500000| Untracked 
|  60|0x0000000085600000, 0x0000000085600000, 0x0000000085700000|  0%| F|  |TAMS 0x0000000085600000, 0x0000000085600000| Untracked 
|  61|0x0000000085700000, 0x0000000085700000, 0x0000000085800000|  0%| F|  |TAMS 0x0000000085700000, 0x0000000085700000| Untracked 
|  62|0x0000000085800000, 0x0000000085800000, 0x0000000085900000|  0%| F|  |TAMS 0x0000000085800000, 0x0000000085800000| Untracked 
|  63|0x0000000085900000, 0x0000000085900000, 0x0000000085a00000|  0%| F|  |TAMS 0x0000000085900000, 0x0000000085900000| Untracked 
|  64|0x0000000085a00000, 0x0000000085a00000, 0x0000000085b00000|  0%| F|  |TAMS 0x0000000085a00000, 0x0000000085a00000| Untracked 
|  65|0x0000000085b00000, 0x0000000085b00000, 0x0000000085c00000|  0%| F|  |TAMS 0x0000000085b00000, 0x0000000085b00000| Untracked 
|  66|0x0000000085c00000, 0x0000000085c00000, 0x0000000085d00000|  0%| F|  |TAMS 0x0000000085c00000, 0x0000000085c00000| Untracked 
|  67|0x0000000085d00000, 0x0000000085d00000, 0x0000000085e00000|  0%| F|  |TAMS 0x0000000085d00000, 0x0000000085d00000| Untracked 
|  68|0x0000000085e00000, 0x0000000085e00000, 0x0000000085f00000|  0%| F|  |TAMS 0x0000000085e00000, 0x0000000085e00000| Untracked 
|  69|0x0000000085f00000, 0x0000000085f00000, 0x0000000086000000|  0%| F|  |TAMS 0x0000000085f00000, 0x0000000085f00000| Untracked 
|  70|0x0000000086000000, 0x0000000086000000, 0x0000000086100000|  0%| F|  |TAMS 0x0000000086000000, 0x0000000086000000| Untracked 
|  71|0x0000000086100000, 0x0000000086100000, 0x0000000086200000|  0%| F|  |TAMS 0x0000000086100000, 0x0000000086100000| Untracked 
|  72|0x0000000086200000, 0x0000000086200000, 0x0000000086300000|  0%| F|  |TAMS 0x0000000086200000, 0x0000000086200000| Untracked 
|  73|0x0000000086300000, 0x0000000086300000, 0x0000000086400000|  0%| F|  |TAMS 0x0000000086300000, 0x0000000086300000| Untracked 
|  74|0x0000000086400000, 0x0000000086400000, 0x0000000086500000|  0%| F|  |TAMS 0x0000000086400000, 0x0000000086400000| Untracked 
|  75|0x0000000086500000, 0x0000000086500000, 0x0000000086600000|  0%| F|  |TAMS 0x0000000086500000, 0x0000000086500000| Untracked 
|  76|0x0000000086600000, 0x0000000086600000, 0x0000000086700000|  0%| F|  |TAMS 0x0000000086600000, 0x0000000086600000| Untracked 
|  77|0x0000000086700000, 0x0000000086700000, 0x0000000086800000|  0%| F|  |TAMS 0x0000000086700000, 0x0000000086700000| Untracked 
|  78|0x0000000086800000, 0x0000000086800000, 0x0000000086900000|  0%| F|  |TAMS 0x0000000086800000, 0x0000000086800000| Untracked 
|  79|0x0000000086900000, 0x0000000086900000, 0x0000000086a00000|  0%| F|  |TAMS 0x0000000086900000, 0x0000000086900000| Untracked 
|  80|0x0000000086a00000, 0x0000000086a00000, 0x0000000086b00000|  0%| F|  |TAMS 0x0000000086a00000, 0x0000000086a00000| Untracked 
|  81|0x0000000086b00000, 0x0000000086b00000, 0x0000000086c00000|  0%| F|  |TAMS 0x0000000086b00000, 0x0000000086b00000| Untracked 
|  82|0x0000000086c00000, 0x0000000086c00000, 0x0000000086d00000|  0%| F|  |TAMS 0x0000000086c00000, 0x0000000086c00000| Untracked 
|  83|0x0000000086d00000, 0x0000000086d00000, 0x0000000086e00000|  0%| F|  |TAMS 0x0000000086d00000, 0x0000000086d00000| Untracked 
|  84|0x0000000086e00000, 0x0000000086e00000, 0x0000000086f00000|  0%| F|  |TAMS 0x0000000086e00000, 0x0000000086e00000| Untracked 
|  85|0x0000000086f00000, 0x0000000086f00000, 0x0000000087000000|  0%| F|  |TAMS 0x0000000086f00000, 0x0000000086f00000| Untracked 
|  86|0x0000000087000000, 0x0000000087000000, 0x0000000087100000|  0%| F|  |TAMS 0x0000000087000000, 0x0000000087000000| Untracked 
|  87|0x0000000087100000, 0x0000000087100000, 0x0000000087200000|  0%| F|  |TAMS 0x0000000087100000, 0x0000000087100000| Untracked 
|  88|0x0000000087200000, 0x0000000087200000, 0x0000000087300000|  0%| F|  |TAMS 0x0000000087200000, 0x0000000087200000| Untracked 
|  89|0x0000000087300000, 0x0000000087300000, 0x0000000087400000|  0%| F|  |TAMS 0x0000000087300000, 0x0000000087300000| Untracked 
|  90|0x0000000087400000, 0x0000000087400000, 0x0000000087500000|  0%| F|  |TAMS 0x0000000087400000, 0x0000000087400000| Untracked 
|  91|0x0000000087500000, 0x0000000087500000, 0x0000000087600000|  0%| F|  |TAMS 0x0000000087500000, 0x0000000087500000| Untracked 
|  92|0x0000000087600000, 0x0000000087600000, 0x0000000087700000|  0%| F|  |TAMS 0x0000000087600000, 0x0000000087600000| Untracked 
|  93|0x0000000087700000, 0x0000000087700000, 0x0000000087800000|  0%| F|  |TAMS 0x0000000087700000, 0x0000000087700000| Untracked 
|  94|0x0000000087800000, 0x0000000087800000, 0x0000000087900000|  0%| F|  |TAMS 0x0000000087800000, 0x0000000087800000| Untracked 
|  95|0x0000000087900000, 0x0000000087900000, 0x0000000087a00000|  0%| F|  |TAMS 0x0000000087900000, 0x0000000087900000| Untracked 
|  96|0x0000000087a00000, 0x0000000087a00000, 0x0000000087b00000|  0%| F|  |TAMS 0x0000000087a00000, 0x0000000087a00000| Untracked 
|  97|0x0000000087b00000, 0x0000000087b00000, 0x0000000087c00000|  0%| F|  |TAMS 0x0000000087b00000, 0x0000000087b00000| Untracked 
|  98|0x0000000087c00000, 0x0000000087c00000, 0x0000000087d00000|  0%| F|  |TAMS 0x0000000087c00000, 0x0000000087c00000| Untracked 
|  99|0x0000000087d00000, 0x0000000087d00000, 0x0000000087e00000|  0%| F|  |TAMS 0x0000000087d00000, 0x0000000087d00000| Untracked 
| 100|0x0000000087e00000, 0x0000000087e00000, 0x0000000087f00000|  0%| F|  |TAMS 0x0000000087e00000, 0x0000000087e00000| Untracked 
| 101|0x0000000087f00000, 0x0000000087f00000, 0x0000000088000000|  0%| F|  |TAMS 0x0000000087f00000, 0x0000000087f00000| Untracked 
| 102|0x0000000088000000, 0x0000000088000000, 0x0000000088100000|  0%| F|  |TAMS 0x0000000088000000, 0x0000000088000000| Untracked 
| 103|0x0000000088100000, 0x0000000088100000, 0x0000000088200000|  0%| F|  |TAMS 0x0000000088100000, 0x0000000088100000| Untracked 
| 104|0x0000000088200000, 0x0000000088200000, 0x0000000088300000|  0%| F|  |TAMS 0x0000000088200000, 0x0000000088200000| Untracked 
| 105|0x0000000088300000, 0x0000000088300000, 0x0000000088400000|  0%| F|  |TAMS 0x0000000088300000, 0x0000000088300000| Untracked 
| 106|0x0000000088400000, 0x0000000088400000, 0x0000000088500000|  0%| F|  |TAMS 0x0000000088400000, 0x0000000088400000| Untracked 
| 107|0x0000000088500000, 0x0000000088500000, 0x0000000088600000|  0%| F|  |TAMS 0x0000000088500000, 0x0000000088500000| Untracked 
| 108|0x0000000088600000, 0x0000000088600000, 0x0000000088700000|  0%| F|  |TAMS 0x0000000088600000, 0x0000000088600000| Untracked 
| 109|0x0000000088700000, 0x0000000088700000, 0x0000000088800000|  0%| F|  |TAMS 0x0000000088700000, 0x0000000088700000| Untracked 
| 110|0x0000000088800000, 0x0000000088800000, 0x0000000088900000|  0%| F|  |TAMS 0x0000000088800000, 0x0000000088800000| Untracked 
| 111|0x0000000088900000, 0x0000000088900000, 0x0000000088a00000|  0%| F|  |TAMS 0x0000000088900000, 0x0000000088900000| Untracked 
| 112|0x0000000088a00000, 0x0000000088a00000, 0x0000000088b00000|  0%| F|  |TAMS 0x0000000088a00000, 0x0000000088a00000| Untracked 
| 113|0x0000000088b00000, 0x0000000088b00000, 0x0000000088c00000|  0%| F|  |TAMS 0x0000000088b00000, 0x0000000088b00000| Untracked 
| 114|0x0000000088c00000, 0x0000000088c00000, 0x0000000088d00000|  0%| F|  |TAMS 0x0000000088c00000, 0x0000000088c00000| Untracked 
| 115|0x0000000088d00000, 0x0000000088d00000, 0x0000000088e00000|  0%| F|  |TAMS 0x0000000088d00000, 0x0000000088d00000| Untracked 
| 116|0x0000000088e00000, 0x0000000088e00000, 0x0000000088f00000|  0%| F|  |TAMS 0x0000000088e00000, 0x0000000088e00000| Untracked 
| 117|0x0000000088f00000, 0x0000000088f00000, 0x0000000089000000|  0%| F|  |TAMS 0x0000000088f00000, 0x0000000088f00000| Untracked 
| 118|0x0000000089000000, 0x0000000089000000, 0x0000000089100000|  0%| F|  |TAMS 0x0000000089000000, 0x0000000089000000| Untracked 
| 119|0x0000000089100000, 0x0000000089100000, 0x0000000089200000|  0%| F|  |TAMS 0x0000000089100000, 0x0000000089100000| Untracked 
| 120|0x0000000089200000, 0x0000000089200000, 0x0000000089300000|  0%| F|  |TAMS 0x0000000089200000, 0x0000000089200000| Untracked 
| 121|0x0000000089300000, 0x0000000089300000, 0x0000000089400000|  0%| F|  |TAMS 0x0000000089300000, 0x0000000089300000| Untracked 
| 122|0x0000000089400000, 0x0000000089400000, 0x0000000089500000|  0%| F|  |TAMS 0x0000000089400000, 0x0000000089400000| Untracked 
| 123|0x0000000089500000, 0x0000000089500000, 0x0000000089600000|  0%| F|  |TAMS 0x0000000089500000, 0x0000000089500000| Untracked 
| 124|0x0000000089600000, 0x0000000089600000, 0x0000000089700000|  0%| F|  |TAMS 0x0000000089600000, 0x0000000089600000| Untracked 
| 125|0x0000000089700000, 0x0000000089700000, 0x0000000089800000|  0%| F|  |TAMS 0x0000000089700000, 0x0000000089700000| Untracked 
| 126|0x0000000089800000, 0x0000000089800000, 0x0000000089900000|  0%| F|  |TAMS 0x0000000089800000, 0x0000000089800000| Untracked 
| 127|0x0000000089900000, 0x0000000089900000, 0x0000000089a00000|  0%| F|  |TAMS 0x0000000089900000, 0x0000000089900000| Untracked 
| 128|0x0000000089a00000, 0x0000000089a00000, 0x0000000089b00000|  0%| F|  |TAMS 0x0000000089a00000, 0x0000000089a00000| Untracked 
| 129|0x0000000089b00000, 0x0000000089b00000, 0x0000000089c00000|  0%| F|  |TAMS 0x0000000089b00000, 0x0000000089b00000| Untracked 
| 130|0x0000000089c00000, 0x0000000089c00000, 0x0000000089d00000|  0%| F|  |TAMS 0x0000000089c00000, 0x0000000089c00000| Untracked 
| 131|0x0000000089d00000, 0x0000000089d00000, 0x0000000089e00000|  0%| F|  |TAMS 0x0000000089d00000, 0x0000000089d00000| Untracked 
| 132|0x0000000089e00000, 0x0000000089e00000, 0x0000000089f00000|  0%| F|  |TAMS 0x0000000089e00000, 0x0000000089e00000| Untracked 
| 133|0x0000000089f00000, 0x0000000089f00000, 0x000000008a000000|  0%| F|  |TAMS 0x0000000089f00000, 0x0000000089f00000| Untracked 
| 134|0x000000008a000000, 0x000000008a000000, 0x000000008a100000|  0%| F|  |TAMS 0x000000008a000000, 0x000000008a000000| Untracked 
| 135|0x000000008a100000, 0x000000008a100000, 0x000000008a200000|  0%| F|  |TAMS 0x000000008a100000, 0x000000008a100000| Untracked 
| 136|0x000000008a200000, 0x000000008a200000, 0x000000008a300000|  0%| F|  |TAMS 0x000000008a200000, 0x000000008a200000| Untracked 
| 137|0x000000008a300000, 0x000000008a300000, 0x000000008a400000|  0%| F|  |TAMS 0x000000008a300000, 0x000000008a300000| Untracked 
| 138|0x000000008a400000, 0x000000008a400000, 0x000000008a500000|  0%| F|  |TAMS 0x000000008a400000, 0x000000008a400000| Untracked 
| 139|0x000000008a500000, 0x000000008a500000, 0x000000008a600000|  0%| F|  |TAMS 0x000000008a500000, 0x000000008a500000| Untracked 
| 140|0x000000008a600000, 0x000000008a600000, 0x000000008a700000|  0%| F|  |TAMS 0x000000008a600000, 0x000000008a600000| Untracked 
| 141|0x000000008a700000, 0x000000008a700000, 0x000000008a800000|  0%| F|  |TAMS 0x000000008a700000, 0x000000008a700000| Untracked 
| 142|0x000000008a800000, 0x000000008a800000, 0x000000008a900000|  0%| F|  |TAMS 0x000000008a800000, 0x000000008a800000| Untracked 
| 143|0x000000008a900000, 0x000000008a900000, 0x000000008aa00000|  0%| F|  |TAMS 0x000000008a900000, 0x000000008a900000| Untracked 
| 144|0x000000008aa00000, 0x000000008aa00000, 0x000000008ab00000|  0%| F|  |TAMS 0x000000008aa00000, 0x000000008aa00000| Untracked 
| 145|0x000000008ab00000, 0x000000008ab00000, 0x000000008ac00000|  0%| F|  |TAMS 0x000000008ab00000, 0x000000008ab00000| Untracked 
| 146|0x000000008ac00000, 0x000000008ac00000, 0x000000008ad00000|  0%| F|  |TAMS 0x000000008ac00000, 0x000000008ac00000| Untracked 
| 147|0x000000008ad00000, 0x000000008ad00000, 0x000000008ae00000|  0%| F|  |TAMS 0x000000008ad00000, 0x000000008ad00000| Untracked 
| 148|0x000000008ae00000, 0x000000008ae00000, 0x000000008af00000|  0%| F|  |TAMS 0x000000008ae00000, 0x000000008ae00000| Untracked 
| 149|0x000000008af00000, 0x000000008af00000, 0x000000008b000000|  0%| F|  |TAMS 0x000000008af00000, 0x000000008af00000| Untracked 
| 150|0x000000008b000000, 0x000000008b000000, 0x000000008b100000|  0%| F|  |TAMS 0x000000008b000000, 0x000000008b000000| Untracked 
| 151|0x000000008b100000, 0x000000008b100000, 0x000000008b200000|  0%| F|  |TAMS 0x000000008b100000, 0x000000008b100000| Untracked 
| 152|0x000000008b200000, 0x000000008b200000, 0x000000008b300000|  0%| F|  |TAMS 0x000000008b200000, 0x000000008b200000| Untracked 
| 153|0x000000008b300000, 0x000000008b400000, 0x000000008b400000|100%| E|  |TAMS 0x000000008b300000, 0x000000008b300000| Complete 
| 154|0x000000008b400000, 0x000000008b500000, 0x000000008b500000|100%| E|CS|TAMS 0x000000008b400000, 0x000000008b400000| Complete 
| 155|0x000000008b500000, 0x000000008b600000, 0x000000008b600000|100%| E|CS|TAMS 0x000000008b500000, 0x000000008b500000| Complete 
| 156|0x000000008b600000, 0x000000008b700000, 0x000000008b700000|100%| E|CS|TAMS 0x000000008b600000, 0x000000008b600000| Complete 
| 157|0x000000008b700000, 0x000000008b800000, 0x000000008b800000|100%| E|CS|TAMS 0x000000008b700000, 0x000000008b700000| Complete 
| 158|0x000000008b800000, 0x000000008b900000, 0x000000008b900000|100%| E|CS|TAMS 0x000000008b800000, 0x000000008b800000| Complete 
| 159|0x000000008b900000, 0x000000008ba00000, 0x000000008ba00000|100%| E|CS|TAMS 0x000000008b900000, 0x000000008b900000| Complete 
| 160|0x000000008ba00000, 0x000000008bb00000, 0x000000008bb00000|100%| E|CS|TAMS 0x000000008ba00000, 0x000000008ba00000| Complete 

Card table byte_map: [0x00000269fb6e0000,0x00000269fbae0000] _byte_map_base: 0x00000269fb2d3000

Marking Bits (Prev, Next): (CMBitMap*) 0x00000269e3b9a978, (CMBitMap*) 0x00000269e3b9a9b0
 Prev Bits: [0x00000269fbee0000, 0x00000269fde78000)
 Next Bits: [0x00000269fde80000, 0x00000269ffe18000)

Polling page: 0x00000269e1b00000

Metaspace:

Usage:
  Non-class:     39.02 MB capacity,    38.34 MB ( 98%) used,   565.62 KB (  1%) free+waste,   137.81 KB ( <1%) overhead. 
      Class:      5.58 MB capacity,     5.13 MB ( 92%) used,   394.84 KB (  7%) free+waste,    64.75 KB (  1%) overhead. 
       Both:     44.60 MB capacity,    43.47 MB ( 97%) used,   960.46 KB (  2%) free+waste,   202.56 KB ( <1%) overhead. 

Virtual space:
  Non-class space:       40.00 MB reserved,      39.17 MB ( 98%) committed 
      Class space:        1.00 GB reserved,       5.62 MB ( <1%) committed 
             Both:        1.04 GB reserved,      44.80 MB (  4%) committed 

Chunk freelists:
   Non-Class:  24.00 KB
       Class:  15.00 KB
        Both:  39.00 KB

MaxMetaspaceSize: 17179869184.00 GB
CompressedClassSpaceSize: 1.00 GB
Initial GC threshold: 20.80 MB
Current GC threshold: 58.41 MB
CDS: off

CodeHeap 'non-profiled nmethods': size=120064Kb used=2741Kb max_used=2741Kb free=117322Kb
 bounds [0x00000269f3da0000, 0x00000269f4050000, 0x00000269fb2e0000]
CodeHeap 'profiled nmethods': size=120000Kb used=11295Kb max_used=11295Kb free=108704Kb
 bounds [0x00000269ec870000, 0x00000269ed380000, 0x00000269f3da0000]
CodeHeap 'non-nmethods': size=5696Kb used=1215Kb max_used=1277Kb free=4480Kb
 bounds [0x00000269ec2e0000, 0x00000269ec550000, 0x00000269ec870000]
 total_blobs=5202 nmethods=4715 adapters=398
 compilation: enabled
              stopped_count=0, restarted_count=0
 full_count=0

Compilation events (20 events):
Event: 13.519 Thread 0x0000026982c7d000 4694       3       java.util.AbstractList$Itr::hasNext (20 bytes)
Event: 13.519 Thread 0x0000026982c7d000 nmethod 4694 0x00000269ed353e10 code [0x00000269ed353fe0, 0x00000269ed354208]
Event: 13.519 Thread 0x0000026982c7d000 4695   !   3       java.util.AbstractList$Itr::next (45 bytes)
Event: 13.520 Thread 0x0000026982c7d000 nmethod 4695 0x00000269ed354310 code [0x00000269ed354520, 0x00000269ed354ad8]
Event: 13.520 Thread 0x0000026982c7d000 4697       3       org.springframework.boot.context.properties.bind.AbstractBindHandler::onFinish (15 bytes)
Event: 13.520 Thread 0x0000026982c7d000 nmethod 4697 0x00000269ed354d90 code [0x00000269ed354f40, 0x00000269ed355108]
Event: 13.520 Thread 0x0000026982c7d000 4696       3       java.util.AbstractList$Itr::checkForComodification (23 bytes)
Event: 13.520 Thread 0x0000026982c7d000 nmethod 4696 0x00000269ed355210 code [0x00000269ed3553e0, 0x00000269ed3555e8]
Event: 13.520 Thread 0x0000026982c7d000 4698   !   3       org.springframework.boot.context.properties.bind.BindConverter::convert (104 bytes)
Event: 13.521 Thread 0x0000026982c7d000 nmethod 4698 0x00000269ed355710 code [0x00000269ed355960, 0x00000269ed356378]
Event: 13.533 Thread 0x0000026982c7d000 4699       3       java.lang.invoke.SimpleMethodHandle::make (10 bytes)
Event: 13.533 Thread 0x0000026982c7d000 nmethod 4699 0x00000269ed356710 code [0x00000269ed3568e0, 0x00000269ed356ac8]
Event: 13.533 Thread 0x0000026982c7d000 4700       3       java.lang.invoke.SimpleMethodHandle::<init> (7 bytes)
Event: 13.534 Thread 0x0000026982c7d000 nmethod 4700 0x00000269ed356c10 code [0x00000269ed356de0, 0x00000269ed356f88]
Event: 13.534 Thread 0x0000026982c7d000 4701       3       java.lang.invoke.MethodHandles::makeIdentity (23 bytes)
Event: 13.535 Thread 0x0000026982c7d000 nmethod 4701 0x00000269ed357090 code [0x00000269ed357320, 0x00000269ed357f58]
Event: 13.535 Thread 0x0000026982c7d000 4702       3       java.lang.invoke.LambdaForm::identityForm (27 bytes)
Event: 13.536 Thread 0x0000026982c7d000 nmethod 4702 0x00000269ed358410 code [0x00000269ed3585e0, 0x00000269ed3587a8]
Event: 13.536 Thread 0x0000026982c7d000 4703       3       java.lang.invoke.MethodHandleImpl::makeIntrinsic (14 bytes)
Event: 13.536 Thread 0x0000026982c7d000 nmethod 4703 0x00000269ed358910 code [0x00000269ed358b20, 0x00000269ed359158]

GC Heap History (16 events):
Event: 0.972 GC heap before
{Heap before GC invocations=0 (full 0):
 garbage-first heap   total 131072K, used 13312K [0x0000000081a00000, 0x0000000100000000)
  region size 1024K, 14 young (14336K), 0 survivors (0K)
 Metaspace       used 10265K, capacity 10486K, committed 10752K, reserved 1058816K
  class space    used 892K, capacity 942K, committed 1024K, reserved 1048576K
}
Event: 0.979 GC heap after
{Heap after GC invocations=1 (full 0):
 garbage-first heap   total 131072K, used 6112K [0x0000000081a00000, 0x0000000100000000)
  region size 1024K, 2 young (2048K), 2 survivors (2048K)
 Metaspace       used 10265K, capacity 10486K, committed 10752K, reserved 1058816K
  class space    used 892K, capacity 942K, committed 1024K, reserved 1048576K
}
Event: 1.125 GC heap before
{Heap before GC invocations=1 (full 0):
 garbage-first heap   total 131072K, used 10208K [0x0000000081a00000, 0x0000000100000000)
  region size 1024K, 6 young (6144K), 2 survivors (2048K)
 Metaspace       used 11155K, capacity 11333K, committed 11648K, reserved 1060864K
  class space    used 1002K, capacity 1056K, committed 1152K, reserved 1048576K
}
Event: 1.128 GC heap after
{Heap after GC invocations=2 (full 0):
 garbage-first heap   total 131072K, used 6281K [0x0000000081a00000, 0x0000000100000000)
  region size 1024K, 1 young (1024K), 1 survivors (1024K)
 Metaspace       used 11155K, capacity 11333K, committed 11648K, reserved 1060864K
  class space    used 1002K, capacity 1056K, committed 1152K, reserved 1048576K
}
Event: 2.319 GC heap before
{Heap before GC invocations=2 (full 0):
 garbage-first heap   total 131072K, used 28809K [0x0000000081a00000, 0x0000000100000000)
  region size 1024K, 23 young (23552K), 1 survivors (1024K)
 Metaspace       used 15964K, capacity 16263K, committed 16384K, reserved 1064960K
  class space    used 1590K, capacity 1687K, committed 1792K, reserved 1048576K
}
Event: 2.360 GC heap after
{Heap after GC invocations=3 (full 0):
 garbage-first heap   total 131072K, used 7341K [0x0000000081a00000, 0x0000000100000000)
  region size 1024K, 2 young (2048K), 2 survivors (2048K)
 Metaspace       used 15964K, capacity 16263K, committed 16384K, reserved 1064960K
  class space    used 1590K, capacity 1687K, committed 1792K, reserved 1048576K
}
Event: 3.458 GC heap before
{Heap before GC invocations=3 (full 0):
 garbage-first heap   total 131072K, used 30893K [0x0000000081a00000, 0x0000000100000000)
  region size 1024K, 26 young (26624K), 2 survivors (2048K)
 Metaspace       used 20694K, capacity 21187K, committed 21296K, reserved 1069056K
  class space    used 2242K, capacity 2419K, committed 2432K, reserved 1048576K
}
Event: 3.465 GC heap after
{Heap after GC invocations=4 (full 0):
 garbage-first heap   total 131072K, used 8573K [0x0000000081a00000, 0x0000000100000000)
  region size 1024K, 3 young (3072K), 3 survivors (3072K)
 Metaspace       used 20694K, capacity 21187K, committed 21296K, reserved 1069056K
  class space    used 2242K, capacity 2419K, committed 2432K, reserved 1048576K
}
Event: 5.273 GC heap before
{Heap before GC invocations=5 (full 0):
 garbage-first heap   total 131072K, used 64893K [0x0000000081a00000, 0x0000000100000000)
  region size 1024K, 58 young (59392K), 3 survivors (3072K)
 Metaspace       used 28740K, capacity 29376K, committed 29616K, reserved 1075200K
  class space    used 3310K, capacity 3551K, committed 3584K, reserved 1048576K
}
Event: 5.281 GC heap after
{Heap after GC invocations=6 (full 0):
 garbage-first heap   total 131072K, used 10717K [0x0000000081a00000, 0x0000000100000000)
  region size 1024K, 5 young (5120K), 5 survivors (5120K)
 Metaspace       used 28740K, capacity 29376K, committed 29616K, reserved 1075200K
  class space    used 3310K, capacity 3551K, committed 3584K, reserved 1048576K
}
Event: 7.617 GC heap before
{Heap before GC invocations=6 (full 0):
 garbage-first heap   total 131072K, used 78301K [0x0000000081a00000, 0x0000000100000000)
  region size 1024K, 71 young (72704K), 5 survivors (5120K)
 Metaspace       used 31527K, capacity 32294K, committed 32560K, reserved 1077248K
  class space    used 3616K, capacity 3900K, committed 3968K, reserved 1048576K
}
Event: 7.628 GC heap after
{Heap after GC invocations=7 (full 0):
 garbage-first heap   total 131072K, used 13542K [0x0000000081a00000, 0x0000000100000000)
  region size 1024K, 8 young (8192K), 8 survivors (8192K)
 Metaspace       used 31527K, capacity 32294K, committed 32560K, reserved 1077248K
  class space    used 3616K, capacity 3900K, committed 3968K, reserved 1048576K
}
Event: 9.200 GC heap before
{Heap before GC invocations=7 (full 0):
 garbage-first heap   total 131072K, used 59622K [0x0000000081a00000, 0x0000000100000000)
  region size 1024K, 54 young (55296K), 8 survivors (8192K)
 Metaspace       used 34747K, capacity 35533K, committed 35632K, reserved 1081344K
  class space    used 4053K, capacity 4399K, committed 4480K, reserved 1048576K
}
Event: 9.223 GC heap after
{Heap after GC invocations=8 (full 0):
 garbage-first heap   total 131072K, used 15091K [0x0000000081a00000, 0x0000000100000000)
  region size 1024K, 7 young (7168K), 7 survivors (7168K)
 Metaspace       used 34747K, capacity 35533K, committed 35632K, reserved 1081344K
  class space    used 4053K, capacity 4399K, committed 4480K, reserved 1048576K
}
Event: 13.389 GC heap before
{Heap before GC invocations=9 (full 0):
 garbage-first heap   total 131072K, used 85747K [0x0000000081a00000, 0x0000000100000000)
  region size 1024K, 76 young (77824K), 7 survivors (7168K)
 Metaspace       used 44082K, capacity 45234K, committed 45488K, reserved 1089536K
  class space    used 5188K, capacity 5631K, committed 5632K, reserved 1048576K
}
Event: 13.406 GC heap after
{Heap after GC invocations=10 (full 0):
 garbage-first heap   total 164864K, used 18986K [0x0000000081a00000, 0x0000000100000000)
  region size 1024K, 9 young (9216K), 9 survivors (9216K)
 Metaspace       used 44082K, capacity 45234K, committed 45488K, reserved 1089536K
  class space    used 5188K, capacity 5631K, committed 5632K, reserved 1048576K
}

Deoptimization events (20 events):
Event: 13.257 Thread 0x0000026983c8f000 Uncommon trap: trap_request=0xffffffde fr.pc=0x00000269f3f847ac relative=0x0000000000006f4c
Event: 13.257 Thread 0x0000026983c8f000 Uncommon trap: reason=class_check action=maybe_recompile pc=0x00000269f3f847ac method=org.springframework.core.ResolvableType.resolveType()Lorg/springframework/core/ResolvableType; @ 101 c2
Event: 13.257 Thread 0x0000026983c8f000 DEOPT PACKING pc=0x00000269f3f847ac sp=0x00000098258fc480
Event: 13.257 Thread 0x0000026983c8f000 DEOPT UNPACKING pc=0x00000269ec32a1af sp=0x00000098258fc4c8 mode 2
Event: 13.383 Thread 0x0000026983c8f000 Uncommon trap: trap_request=0xffffffde fr.pc=0x00000269f3f847ac relative=0x0000000000006f4c
Event: 13.383 Thread 0x0000026983c8f000 Uncommon trap: reason=class_check action=maybe_recompile pc=0x00000269f3f847ac method=org.springframework.core.ResolvableType.resolveType()Lorg/springframework/core/ResolvableType; @ 101 c2
Event: 13.383 Thread 0x0000026983c8f000 DEOPT PACKING pc=0x00000269f3f847ac sp=0x00000098258fb970
Event: 13.383 Thread 0x0000026983c8f000 DEOPT UNPACKING pc=0x00000269ec32a1af sp=0x00000098258fb9b8 mode 2
Event: 13.466 Thread 0x0000026983c8f000 Uncommon trap: trap_request=0xffffffde fr.pc=0x00000269f3fdd558 relative=0x0000000000000418
Event: 13.466 Thread 0x0000026983c8f000 Uncommon trap: reason=class_check action=maybe_recompile pc=0x00000269f3fdd558 method=org.springframework.boot.context.properties.source.ConfigurationPropertyName$Elements.charAt(II)C @ 43 c2
Event: 13.466 Thread 0x0000026983c8f000 DEOPT PACKING pc=0x00000269f3fdd558 sp=0x00000098258f9400
Event: 13.466 Thread 0x0000026983c8f000 DEOPT UNPACKING pc=0x00000269ec32a1af sp=0x00000098258f9308 mode 2
Event: 13.469 Thread 0x0000026983c8f000 Uncommon trap: trap_request=0xffffff76 fr.pc=0x00000269f3fdd82c relative=0x00000000000006ec
Event: 13.469 Thread 0x0000026983c8f000 Uncommon trap: reason=loop_limit_check action=maybe_recompile pc=0x00000269f3fdd82c method=org.springframework.boot.context.properties.source.ConfigurationPropertyName.fastElementEquals(Lorg/springframework/boot/context/properties/source/ConfigurationProp
Event: 13.469 Thread 0x0000026983c8f000 DEOPT PACKING pc=0x00000269f3fdd82c sp=0x00000098258f8ad0
Event: 13.469 Thread 0x0000026983c8f000 DEOPT UNPACKING pc=0x00000269ec32a1af sp=0x00000098258f8a58 mode 2
Event: 13.471 Thread 0x0000026983c8f000 Uncommon trap: trap_request=0xffffffde fr.pc=0x00000269f3e3ab6c relative=0x000000000000010c
Event: 13.471 Thread 0x0000026983c8f000 Uncommon trap: reason=class_check action=maybe_recompile pc=0x00000269f3e3ab6c method=org.springframework.boot.context.properties.source.ConfigurationPropertyName$Elements.charAt(II)C @ 43 c2
Event: 13.471 Thread 0x0000026983c8f000 DEOPT PACKING pc=0x00000269f3e3ab6c sp=0x00000098258f9360
Event: 13.471 Thread 0x0000026983c8f000 DEOPT UNPACKING pc=0x00000269ec32a1af sp=0x00000098258f92f0 mode 2

Classes redefined (0 events):
No events

Internal exceptions (20 events):
Event: 10.140 Thread 0x0000026983c8f000 Exception <a 'java/lang/ArrayIndexOutOfBoundsException'{0x0000000087dc0150}: Index 15 out of bounds for length 15> (0x0000000087dc0150) thrown at [s\src\hotspot\share\interpreter\interpreterRuntime.cpp, line 444]
Event: 10.415 Thread 0x0000026983c8f000 Exception <a 'java/lang/NoSuchMethodError'{0x0000000087624b40}: 'void java.lang.invoke.DirectMethodHandle$Holder.invokeStatic(java.lang.Object, java.lang.Object, int)'> (0x0000000087624b40) thrown at [s\src\hotspot\share\interpreter\linkResolver.cpp, line 773]
Event: 10.509 Thread 0x0000026983c8f000 Exception <a 'java/lang/NoSuchMethodError'{0x00000000874d4078}: 'void java.lang.invoke.DirectMethodHandle$Holder.invokeInterface(java.lang.Object, java.lang.Object, int)'> (0x00000000874d4078) thrown at [s\src\hotspot\share\interpreter\linkResolver.cpp, line 773]
Event: 10.514 Thread 0x0000026983c8f000 Exception <a 'java/lang/NoSuchMethodError'{0x00000000874ec130}: 'int java.lang.invoke.DirectMethodHandle$Holder.invokeVirtual(java.lang.Object, java.lang.Object)'> (0x00000000874ec130) thrown at [s\src\hotspot\share\interpreter\linkResolver.cpp, line 773]
Event: 10.533 Thread 0x0000026983c8f000 Exception <a 'java/lang/IncompatibleClassChangeError'{0x0000000087322420}: Found class java.lang.Object, but interface was expected> (0x0000000087322420) thrown at [s\src\hotspot\share\interpreter\linkResolver.cpp, line 839]
Event: 10.536 Thread 0x0000026983c8f000 Exception <a 'java/lang/NoSuchMethodError'{0x0000000087326bd0}: 'void java.lang.invoke.DirectMethodHandle$Holder.invokeStatic(java.lang.Object, int, java.lang.Object)'> (0x0000000087326bd0) thrown at [s\src\hotspot\share\interpreter\linkResolver.cpp, line 773]
Event: 10.885 Thread 0x0000026983c8f000 Exception <a 'java/lang/NoSuchMethodError'{0x0000000086c12c20}: 'java.lang.Object java.lang.invoke.DirectMethodHandle$Holder.invokeStaticInit(java.lang.Object, int, int, int, int)'> (0x0000000086c12c20) thrown at [s\src\hotspot\share\interpreter\linkResolver.cpp, line 773]
Event: 11.953 Thread 0x0000026983c8f000 Exception <a 'java/lang/NoSuchMethodError'{0x0000000086c46338}: 'java.lang.Object java.lang.invoke.DirectMethodHandle$Holder.invokeStaticInit(java.lang.Object, java.lang.Object, int, int, int, int)'> (0x0000000086c46338) thrown at [s\src\hotspot\share\interpreter\linkResolver.cpp, line 773]
Event: 12.451 Thread 0x0000026983c8f000 Exception <a 'sun/nio/fs/WindowsException'{0x000000008593e810}> (0x000000008593e810) thrown at [s\src\hotspot\share\prims\jni.cpp, line 617]
Event: 12.453 Thread 0x0000026983c8f000 Exception <a 'sun/nio/fs/WindowsException'{0x00000000859445c0}> (0x00000000859445c0) thrown at [s\src\hotspot\share\prims\jni.cpp, line 617]
Event: 12.514 Thread 0x0000026983c8f000 Exception <a 'sun/nio/fs/WindowsException'{0x0000000085944c98}> (0x0000000085944c98) thrown at [s\src\hotspot\share\prims\jni.cpp, line 617]
Event: 12.630 Thread 0x0000026983c8f000 Implicit null exception at 0x00000269f3e5e48c to 0x00000269f3e60420
Event: 13.119 Thread 0x0000026983c8f000 Exception <a 'java/io/FileNotFoundException'{0x00000000852a28e0}> (0x00000000852a28e0) thrown at [s\src\hotspot\share\prims\jni.cpp, line 617]
Event: 13.232 Thread 0x0000026983c8f000 Exception <a 'java/lang/NoSuchMethodError'{0x000000008502e1b8}: 'int java.lang.invoke.DirectMethodHandle$Holder.invokeInterface(java.lang.Object, java.lang.Object, java.lang.Object, java.lang.Object)'> (0x000000008502e1b8) thrown at [s\src\hotspot\share\interpreter\linkResolver.cpp, line 773]
Event: 13.368 Thread 0x0000026983c8f000 Exception <a 'java/lang/ClassNotFoundException'{0x0000000084e7d1c8}: java/lang/ObjectCustomizer> (0x0000000084e7d1c8) thrown at [s\src\hotspot\share\classfile\systemDictionary.cpp, line 230]
Event: 13.371 Thread 0x0000026983c8f000 Exception <a 'java/lang/ClassNotFoundException'{0x0000000084e93a40}: org/springframework/dao/support/DaoSupportCustomizer> (0x0000000084e93a40) thrown at [s\src\hotspot\share\classfile\systemDictionary.cpp, line 230]
Event: 13.373 Thread 0x0000026983c8f000 Exception <a 'java/lang/ClassNotFoundException'{0x0000000084ea8c08}: org/mybatis/spring/support/SqlSessionDaoSupportCustomizer> (0x0000000084ea8c08) thrown at [s\src\hotspot\share\classfile\systemDictionary.cpp, line 230]
Event: 13.380 Thread 0x0000026983c8f000 Exception <a 'java/lang/ClassNotFoundException'{0x0000000084ec0a40}: org/mybatis/spring/mapper/MapperFactoryBeanCustomizer> (0x0000000084ec0a40) thrown at [s\src\hotspot\share\classfile\systemDictionary.cpp, line 230]
Event: 13.385 Thread 0x0000026983c8f000 Exception <a 'java/lang/ClassNotFoundException'{0x0000000084ee0b78}: org/springframework/beans/factory/FactoryBeanCustomizer> (0x0000000084ee0b78) thrown at [s\src\hotspot\share\classfile\systemDictionary.cpp, line 230]
Event: 13.388 Thread 0x0000026983c8f000 Exception <a 'java/lang/ClassNotFoundException'{0x0000000084ef90e8}: org/springframework/beans/factory/InitializingBeanCustomizer> (0x0000000084ef90e8) thrown at [s\src\hotspot\share\classfile\systemDictionary.cpp, line 230]

Events (20 events):
Event: 13.530 loading class org/springframework/boot/jdbc/DatabaseDriver$5
Event: 13.530 loading class org/springframework/boot/jdbc/DatabaseDriver$5 done
Event: 13.531 loading class org/springframework/boot/jdbc/DatabaseDriver$6
Event: 13.531 loading class org/springframework/boot/jdbc/DatabaseDriver$6 done
Event: 13.531 loading class org/springframework/boot/jdbc/DatabaseDriver$7
Event: 13.531 loading class org/springframework/boot/jdbc/DatabaseDriver$7 done
Event: 13.531 loading class org/springframework/boot/jdbc/DatabaseDriver$8
Event: 13.531 loading class org/springframework/boot/jdbc/DatabaseDriver$8 done
Event: 13.534 loading class org/h2/Driver
Event: 13.534 loading class org/h2/Driver done
Event: 13.535 loading class org/h2$Driver
Event: 13.535 loading class org/h2$Driver done
Event: 13.536 loading class org/apache/derby/jdbc/EmbeddedDriver
Event: 13.536 loading class org/apache/derby/jdbc/EmbeddedDriver done
Event: 13.537 loading class org/apache/derby/jdbc$EmbeddedDriver
Event: 13.537 loading class org/apache/derby/jdbc$EmbeddedDriver done
Event: 13.537 loading class org/hsqldb/jdbc/JDBCDriver
Event: 13.537 loading class org/hsqldb/jdbc/JDBCDriver done
Event: 13.538 loading class org/hsqldb/jdbc$JDBCDriver
Event: 13.538 loading class org/hsqldb/jdbc$JDBCDriver done


Dynamic libraries:
0x00007ff7d6050000 - 0x00007ff7d605e000 	C:\Users\USER\.jdks\corretto-11.0.24\bin\java.exe
0x00007ffceb5d0000 - 0x00007ffceb7e7000 	C:\WINDOWS\SYSTEM32\ntdll.dll
0x00007ffcea800000 - 0x00007ffcea8c4000 	C:\WINDOWS\System32\KERNEL32.DLL
0x00007ffce8d50000 - 0x00007ffce9107000 	C:\WINDOWS\System32\KERNELBASE.dll
0x00007ffce91b0000 - 0x00007ffce92c1000 	C:\WINDOWS\System32\ucrtbase.dll
0x00007ffccbe60000 - 0x00007ffccbe77000 	C:\Users\USER\.jdks\corretto-11.0.24\bin\jli.dll
0x00007ffce9b70000 - 0x00007ffce9d1f000 	C:\WINDOWS\System32\USER32.dll
0x00007ffce92d0000 - 0x00007ffce92f6000 	C:\WINDOWS\System32\win32u.dll
0x00007ffce9da0000 - 0x00007ffce9dc9000 	C:\WINDOWS\System32\GDI32.dll
0x00007ffce8b40000 - 0x00007ffce8c58000 	C:\WINDOWS\System32\gdi32full.dll
0x00007ffce9110000 - 0x00007ffce91aa000 	C:\WINDOWS\System32\msvcp_win.dll
0x00007ffccff10000 - 0x00007ffccff2b000 	C:\Users\USER\.jdks\corretto-11.0.24\bin\VCRUNTIME140.dll
0x00007ffce7ad0000 - 0x00007ffce7d63000 	C:\WINDOWS\WinSxS\amd64_microsoft.windows.common-controls_6595b64144ccf1df_6.0.22621.3672_none_2713b9d173822955\COMCTL32.dll
0x00007ffcea8d0000 - 0x00007ffcea977000 	C:\WINDOWS\System32\msvcrt.dll
0x00007ffceb330000 - 0x00007ffceb361000 	C:\WINDOWS\System32\IMM32.DLL
0x00007ffce80f0000 - 0x00007ffce80fc000 	C:\Users\USER\.jdks\corretto-11.0.24\bin\vcruntime140_1.dll
0x00007ffcb5540000 - 0x00007ffcb55cd000 	C:\Users\USER\.jdks\corretto-11.0.24\bin\msvcp140.dll
0x00007ffc6c260000 - 0x00007ffc6ce25000 	C:\Users\USER\.jdks\corretto-11.0.24\bin\server\jvm.dll
0x00007ffceac80000 - 0x00007ffcead32000 	C:\WINDOWS\System32\ADVAPI32.dll
0x00007ffcea980000 - 0x00007ffceaa28000 	C:\WINDOWS\System32\sechost.dll
0x00007ffce88e0000 - 0x00007ffce8908000 	C:\WINDOWS\System32\bcrypt.dll
0x00007ffceaec0000 - 0x00007ffceafd4000 	C:\WINDOWS\System32\RPCRT4.dll
0x00007ffceaa30000 - 0x00007ffceaa38000 	C:\WINDOWS\System32\PSAPI.DLL
0x00007ffce80e0000 - 0x00007ffce80e9000 	C:\WINDOWS\SYSTEM32\WSOCK32.dll
0x00007ffce9d20000 - 0x00007ffce9d91000 	C:\WINDOWS\System32\WS2_32.dll
0x00007ffce1000000 - 0x00007ffce1034000 	C:\WINDOWS\SYSTEM32\WINMM.dll
0x00007ffcdf1f0000 - 0x00007ffcdf1fa000 	C:\WINDOWS\SYSTEM32\VERSION.dll
0x00007ffce7090000 - 0x00007ffce70a8000 	C:\WINDOWS\SYSTEM32\kernel.appcore.dll
0x00007ffcd25b0000 - 0x00007ffcd25c0000 	C:\Users\USER\.jdks\corretto-11.0.24\bin\verify.dll
0x00007ffce8150000 - 0x00007ffce8382000 	C:\WINDOWS\SYSTEM32\DBGHELP.DLL
0x00007ffce9dd0000 - 0x00007ffcea15e000 	C:\WINDOWS\System32\combase.dll
0x00007ffcea170000 - 0x00007ffcea247000 	C:\WINDOWS\System32\OLEAUT32.dll
0x00007ffce8040000 - 0x00007ffce8072000 	C:\WINDOWS\SYSTEM32\dbgcore.DLL
0x00007ffce8c60000 - 0x00007ffce8cdb000 	C:\WINDOWS\System32\bcryptPrimitives.dll
0x00007ffcc3ea0000 - 0x00007ffcc3ec8000 	C:\Users\USER\.jdks\corretto-11.0.24\bin\java.dll
0x00007ffcd2540000 - 0x00007ffcd254a000 	C:\Users\USER\.jdks\corretto-11.0.24\bin\jimage.dll
0x00007ffcd05e0000 - 0x00007ffcd05ee000 	C:\Users\USER\.jdks\corretto-11.0.24\bin\instrument.dll
0x00007ffcc5c00000 - 0x00007ffcc5c18000 	C:\Users\USER\.jdks\corretto-11.0.24\bin\zip.dll
0x00007ffce9300000 - 0x00007ffce9b69000 	C:\WINDOWS\System32\SHELL32.dll
0x00007ffce5e10000 - 0x00007ffce670f000 	C:\WINDOWS\SYSTEM32\windows.storage.dll
0x00007ffce5cb0000 - 0x00007ffce5def000 	C:\WINDOWS\SYSTEM32\wintypes.dll
0x00007ffceb1a0000 - 0x00007ffceb299000 	C:\WINDOWS\System32\SHCORE.dll
0x00007ffceaab0000 - 0x00007ffceab0e000 	C:\WINDOWS\System32\shlwapi.dll
0x00007ffce8810000 - 0x00007ffce8837000 	C:\WINDOWS\SYSTEM32\profapi.dll
0x00007ffcc58e0000 - 0x00007ffcc58f9000 	C:\Users\USER\.jdks\corretto-11.0.24\bin\net.dll
0x00007ffce15d0000 - 0x00007ffce1706000 	C:\WINDOWS\SYSTEM32\WINHTTP.dll
0x00007ffce7670000 - 0x00007ffce76d9000 	C:\WINDOWS\system32\mswsock.dll
0x00007ffcc3e10000 - 0x00007ffcc3e22000 	C:\Users\USER\.jdks\corretto-11.0.24\bin\nio.dll
0x00007ffcc3ba0000 - 0x00007ffcc3bba000 	C:\Program Files\JetBrains\IntelliJ IDEA Community Edition 2024.1.3\bin\breakgen64.dll
0x00007ffcd00c0000 - 0x00007ffcd00c9000 	C:\Users\USER\.jdks\corretto-11.0.24\bin\management.dll
0x00007ffccefb0000 - 0x00007ffccefbb000 	C:\Users\USER\.jdks\corretto-11.0.24\bin\management_ext.dll
0x00007ffcc7020000 - 0x00007ffcc7037000 	C:\WINDOWS\system32\napinsp.dll
0x00007ffcc8fc0000 - 0x00007ffcc8fdb000 	C:\WINDOWS\system32\pnrpnsp.dll
0x00007ffce6bd0000 - 0x00007ffce6cd2000 	C:\WINDOWS\SYSTEM32\DNSAPI.dll
0x00007ffce6b50000 - 0x00007ffce6b7d000 	C:\WINDOWS\SYSTEM32\IPHLPAPI.DLL
0x00007ffceab10000 - 0x00007ffceab19000 	C:\WINDOWS\System32\NSI.dll
0x00007ffcc8fa0000 - 0x00007ffcc8fb1000 	C:\WINDOWS\System32\winrnr.dll
0x00007ffcc8f80000 - 0x00007ffcc8f95000 	C:\WINDOWS\system32\wshbth.dll
0x00007ffcc6e40000 - 0x00007ffcc6e67000 	C:\WINDOWS\system32\nlansp_c.dll
0x00007ffcdcfc0000 - 0x00007ffcdcfca000 	C:\Windows\System32\rasadhlp.dll
0x00007ffcdfd30000 - 0x00007ffcdfdb3000 	C:\WINDOWS\System32\fwpuclnt.dll
0x00007ffce8490000 - 0x00007ffce84ab000 	C:\WINDOWS\SYSTEM32\CRYPTSP.dll
0x00007ffce6ff0000 - 0x00007ffce7025000 	C:\WINDOWS\system32\rsaenh.dll
0x00007ffce78e0000 - 0x00007ffce7908000 	C:\WINDOWS\SYSTEM32\USERENV.dll
0x00007ffce7910000 - 0x00007ffce791c000 	C:\WINDOWS\SYSTEM32\CRYPTBASE.dll
0x00007ffce1250000 - 0x00007ffce1269000 	C:\WINDOWS\SYSTEM32\dhcpcsvc6.DLL
0x00007ffce1230000 - 0x00007ffce124f000 	C:\WINDOWS\SYSTEM32\dhcpcsvc.DLL
0x00007ffcc31c0000 - 0x00007ffcc31e7000 	C:\Users\USER\.jdks\corretto-11.0.24\bin\sunec.dll
0x00007ffcced80000 - 0x00007ffcced8e000 	C:\Users\USER\.jdks\corretto-11.0.24\bin\sunmscapi.dll
0x00007ffce8910000 - 0x00007ffce8a76000 	C:\WINDOWS\System32\CRYPT32.dll
0x00007ffce7aa0000 - 0x00007ffce7acd000 	C:\WINDOWS\SYSTEM32\ncrypt.dll
0x00007ffce7a60000 - 0x00007ffce7a97000 	C:\WINDOWS\SYSTEM32\NTASN1.dll

dbghelp: loaded successfully - version: 4.0.5 - missing functions: none
symbol engine: initialized successfully - sym options: 0x614 - pdb path: .;C:\Users\USER\.jdks\corretto-11.0.24\bin;C:\WINDOWS\SYSTEM32;C:\WINDOWS\WinSxS\amd64_microsoft.windows.common-controls_6595b64144ccf1df_6.0.22621.3672_none_2713b9d173822955;C:\Users\USER\.jdks\corretto-11.0.24\bin\server;C:\Program Files\JetBrains\IntelliJ IDEA Community Edition 2024.1.3\bin

VM Arguments:
jvm_args: -javaagent:C:\Program Files\JetBrains\IntelliJ IDEA Community Edition 2024.1.3\lib\idea_rt.jar=63083:C:\Program Files\JetBrains\IntelliJ IDEA Community Edition 2024.1.3\bin -Dfile.encoding=UTF-8 
java_command: LacunaMatata.Lacuna.LacunaApplication
java_class_path (initial): C:\sqf\project\Lacuna\Lacuna_back\target\classes;C:\Users\USER\.m2\repository\org\springframework\boot\spring-boot-starter-oauth2-client\2.6.6\spring-boot-starter-oauth2-client-2.6.6.jar;C:\Users\USER\.m2\repository\org\springframework\boot\spring-boot-starter\2.6.6\spring-boot-starter-2.6.6.jar;C:\Users\USER\.m2\repository\org\springframework\boot\spring-boot-starter-logging\2.6.6\spring-boot-starter-logging-2.6.6.jar;C:\Users\USER\.m2\repository\ch\qos\logback\logback-classic\1.2.11\logback-classic-1.2.11.jar;C:\Users\USER\.m2\repository\ch\qos\logback\logback-core\1.2.11\logback-core-1.2.11.jar;C:\Users\USER\.m2\repository\org\apache\logging\log4j\log4j-to-slf4j\2.17.2\log4j-to-slf4j-2.17.2.jar;C:\Users\USER\.m2\repository\org\apache\logging\log4j\log4j-api\2.17.2\log4j-api-2.17.2.jar;C:\Users\USER\.m2\repository\org\slf4j\jul-to-slf4j\1.7.36\jul-to-slf4j-1.7.36.jar;C:\Users\USER\.m2\repository\jakarta\annotation\jakarta.annotation-api\1.3.5\jakarta.annotation-api-1.3.5.jar;C:\Users\USER\.m2\repository\org\yaml\snakeyaml\1.29\snakeyaml-1.29.jar;C:\Users\USER\.m2\repository\org\springframework\security\spring-security-config\5.6.2\spring-security-config-5.6.2.jar;C:\Users\USER\.m2\repository\org\springframework\spring-beans\5.3.18\spring-beans-5.3.18.jar;C:\Users\USER\.m2\repository\org\springframework\spring-context\5.3.18\spring-context-5.3.18.jar;C:\Users\USER\.m2\repository\org\springframework\security\spring-security-core\5.6.2\spring-security-core-5.6.2.jar;C:\Users\USER\.m2\repository\org\springframework\security\spring-security-crypto\5.6.2\spring-security-crypto-5.6.2.jar;C:\Users\USER\.m2\repository\org\springframework\spring-expression\5.3.18\spring-expression-5.3.18.jar;C:\Users\USER\.m2\repository\org\springframework\security\spring-security-oauth2-client\5.6.2\spring-security-oauth2-client-5.6.2.jar;C:\Users\USER\.m2\repository\org\springframework\security\spring-security-oauth2-core\5.6.2\spring-security-oauth2-core-5.6.
Launcher Type: SUN_STANDARD

[Global flags]
     intx CICompilerCount                          = 3                                         {product} {ergonomic}
     uint ConcGCThreads                            = 1                                         {product} {ergonomic}
     uint G1ConcRefinementThreads                  = 4                                         {product} {ergonomic}
   size_t G1HeapRegionSize                         = 1048576                                   {product} {ergonomic}
    uintx GCDrainStackTargetSize                   = 64                                        {product} {ergonomic}
   size_t InitialHeapSize                          = 134217728                                 {product} {ergonomic}
   size_t MarkStackSize                            = 4194304                                   {product} {ergonomic}
   size_t MaxHeapSize                              = 2120220672                                {product} {ergonomic}
   size_t MaxNewSize                               = 1271922688                                {product} {ergonomic}
   size_t MinHeapDeltaBytes                        = 1048576                                   {product} {ergonomic}
    uintx NonNMethodCodeHeapSize                   = 5830732                                {pd product} {ergonomic}
    uintx NonProfiledCodeHeapSize                  = 122913754                              {pd product} {ergonomic}
    uintx ProfiledCodeHeapSize                     = 122913754                              {pd product} {ergonomic}
    uintx ReservedCodeCacheSize                    = 251658240                              {pd product} {ergonomic}
     bool SegmentedCodeCache                       = true                                      {product} {ergonomic}
     bool UseCompressedClassPointers               = true                                 {lp64_product} {ergonomic}
     bool UseCompressedOops                        = true                                 {lp64_product} {ergonomic}
     bool UseG1GC                                  = true                                      {product} {ergonomic}
     bool UseLargePagesIndividualAllocation        = false                                  {pd product} {ergonomic}

Logging:
Log output configuration:
 #0: stdout all=warning uptime,level,tags
 #1: stderr all=off uptime,level,tags

Environment Variables:
JAVA_HOME=C:/Users/USER/corretto/jdk11.0.9_11
PATH=C:\Program Files\Common Files\Oracle\Java\javapath;C:\Program Files\Java\jdk-21\bin;C:\Program Files (x86)\NAT Service;C:\WINDOWS\system32;C:\WINDOWS;C:\WINDOWS\System32\Wbem;C:\WINDOWS\System32\WindowsPowerShell\v1.0\;C:\WINDOWS\System32\OpenSSH\;C:\Program Files (x86)\Intel\Intel(R) Management Engine Components\DAL;C:\Program Files\Intel\Intel(R) Management Engine Components\DAL;C:\Program Files\Bandizip\;C:\Program Files\Java\jdk-21\bin;C:\Program Files\Git\cmd;C:\Program Files\nodejs\;C:\ProgramData\chocolatey\bin;C:\Program Files\MySQL\MySQL Shell 8.0\bin\;C:/Users/USER/corretto/jdk11.0.9_11\bin;C:\Program Files (x86)\NAT Service;C:\WINDOWS\system32;C:\WINDOWS;C:\WINDOWS\System32\Wbem;C:\WINDOWS\System32\WindowsPowerShell\v1.0\;C:\WINDOWS\System32\OpenSSH\;C:\Program Files (x86)\Intel\Intel(R) Management Engine Components\DAL;C:\Program Files\Intel\Intel(R) Management Engine Components\DAL;C:\Users\USER\AppData\Local\Microsoft\WindowsApps;C:\Users\USER\AppData\Local\Microsoft\WindowsApps;C:\Users\USER\anaconda3\Graphviz\bin;C:\Users\USER\AppData\Local\afreeca;C:\Users\USER\AppData\Local\Programs\Microsoft VS Code\bin;C:\Users\USER\AppData\Roaming\npm;C:\Users\USER\AppData\Local\SOOP
USERNAME=USER
OS=Windows_NT
PROCESSOR_IDENTIFIER=Intel64 Family 6 Model 142 Stepping 11, GenuineIntel
TMP=C:\Users\USER\AppData\Local\Temp
TEMP=C:\Users\USER\AppData\Local\Temp



---------------  S Y S T E M  ---------------

OS: Windows 11 , 64 bit Build 22621 (10.0.22621.3958)
OS uptime: 7 days 5:16 hours

CPU:total 4 (initial active 4) (2 cores per cpu, 2 threads per core) family 6 model 142 stepping 11 microcode 0xde, cmov, cx8, fxsr, mmx, sse, sse2, sse3, ssse3, sse4.1, sse4.2, popcnt, avx, avx2, aes, clmul, erms, 3dnowpref, lzcnt, ht, tsc, tscinvbit, bmi1, bmi2, adx, fma

Memory: 4k page, system-wide physical 8085M (423M free)
TotalPageFile size 16277M (AvailPageFile size 5M)
current process WorkingSet (physical memory assigned to process): 258M, peak: 258M
current process commit charge ("private bytes"): 347M, peak: 348M

vm_info: OpenJDK 64-Bit Server VM (11.0.24+8-LTS) for windows-amd64 JRE (11.0.24+8-LTS), built on Jul  9 2024 22:03:43 by "Administrator" with MS VC++ 16.10 / 16.11 (VS2019)

END.
